Started by user [8mha:////4MWYJwfFx+s0zfNNEPdJuuRkgztrYMBicomnzH+CvCP/AAAAlx+LCAAAAAAAAP9b85aBtbiIQTGjNKU4P08vOT+vOD8nVc83PyU1x6OyILUoJzMv2y+/JJUBAhiZGBgqihhk0NSjKDWzXb3RdlLBUSYGJk8GtpzUvPSSDB8G5tKinBIGIZ+sxLJE/ZzEvHT94JKizLx0a6BxUmjGOUNodHsLgAzWEgZu/dLi1CL9gsS8lEQACjKVYMAAAAA=[0mpanda
Running as SYSTEM
Building on master in workspace /var/jenkins_home/workspace/CodePull
The recommended git tool is: NONE
No credentials specified
 > git rev-parse --resolve-git-dir /var/jenkins_home/workspace/CodePull/.git # timeout=10
Fetching changes from the remote Git repository
 > git config remote.origin.url https://github.com/AndrzejGRU/panda_application.git # timeout=10
Fetching upstream changes from https://github.com/AndrzejGRU/panda_application.git
 > git --version # timeout=10
 > git --version # 'git version 2.20.1'
 > git fetch --tags --force --progress -- https://github.com/AndrzejGRU/panda_application.git +refs/heads/*:refs/remotes/origin/* # timeout=10
 > git rev-parse refs/remotes/origin/seleniumgrid^{commit} # timeout=10
Checking out Revision 80c41cb7be0c9eb03125e362d580eeb399e9a915 (refs/remotes/origin/seleniumgrid)
 > git config core.sparsecheckout # timeout=10
 > git checkout -f 80c41cb7be0c9eb03125e362d580eeb399e9a915 # timeout=10
Commit message: "2"
 > git rev-list --no-walk 80c41cb7be0c9eb03125e362d580eeb399e9a915 # timeout=10
[CodePull] $ /var/jenkins_home/tools/hudson.tasks.Maven_MavenInstallation/m3/bin/mvn clean install
[INFO] Scanning for projects...
[INFO] 
[INFO] --------------------------< pl.pandait:panda >--------------------------
[INFO] Building panda 0.0.1
[INFO] --------------------------------[ jar ]---------------------------------
Downloading from central: https://repo.maven.apache.org/maven2/org/hamcrest/hamcrest-core/2.1/hamcrest-core-2.1.pom
Progress (1): 1.4 kB                    Downloaded from central: https://repo.maven.apache.org/maven2/org/hamcrest/hamcrest-core/2.1/hamcrest-core-2.1.pom (1.4 kB at 684 B/s)
Downloading from central: https://repo.maven.apache.org/maven2/org/seleniumhq/selenium/selenium-java/3.141.59/selenium-java-3.141.59.pom
Progress (1): 2.7/5.4 kBProgress (1): 5.4 kB                        Downloaded from central: https://repo.maven.apache.org/maven2/org/seleniumhq/selenium/selenium-java/3.141.59/selenium-java-3.141.59.pom (5.4 kB at 59 kB/s)
Downloading from central: https://repo.maven.apache.org/maven2/org/seleniumhq/selenium/selenium-api/3.141.59/selenium-api-3.141.59.pom
Progress (1): 2.6 kB                    Downloaded from central: https://repo.maven.apache.org/maven2/org/seleniumhq/selenium/selenium-api/3.141.59/selenium-api-3.141.59.pom (2.6 kB at 33 kB/s)
Downloading from central: https://repo.maven.apache.org/maven2/org/seleniumhq/selenium/selenium-chrome-driver/3.141.59/selenium-chrome-driver-3.141.59.pom
Progress (1): 2.7/4.0 kBProgress (1): 4.0 kB                        Downloaded from central: https://repo.maven.apache.org/maven2/org/seleniumhq/selenium/selenium-chrome-driver/3.141.59/selenium-chrome-driver-3.141.59.pom (4.0 kB at 50 kB/s)
Downloading from central: https://repo.maven.apache.org/maven2/org/seleniumhq/selenium/selenium-remote-driver/3.141.59/selenium-remote-driver-3.141.59.pom
Progress (1): 2.7/3.8 kBProgress (1): 3.8 kB                        Downloaded from central: https://repo.maven.apache.org/maven2/org/seleniumhq/selenium/selenium-remote-driver/3.141.59/selenium-remote-driver-3.141.59.pom (3.8 kB at 45 kB/s)
Downloading from central: https://repo.maven.apache.org/maven2/org/apache/commons/commons-exec/1.3/commons-exec-1.3.pom
Progress (1): 2.7/11 kBProgress (1): 5.5/11 kBProgress (1): 8.2/11 kBProgress (1): 11/11 kB Progress (1): 11 kB                      Downloaded from central: https://repo.maven.apache.org/maven2/org/apache/commons/commons-exec/1.3/commons-exec-1.3.pom (11 kB at 129 kB/s)
Downloading from central: https://repo.maven.apache.org/maven2/org/apache/commons/commons-parent/35/commons-parent-35.pom
Progress (1): 2.7/58 kBProgress (1): 5.5/58 kBProgress (1): 8.2/58 kBProgress (1): 11/58 kB Progress (1): 14/58 kBProgress (1): 16/58 kBProgress (1): 19/58 kBProgress (1): 22/58 kBProgress (1): 25/58 kBProgress (1): 27/58 kBProgress (1): 30/58 kBProgress (1): 33/58 kBProgress (1): 36/58 kBProgress (1): 38/58 kBProgress (1): 41/58 kBProgress (1): 44/58 kBProgress (1): 47/58 kBProgress (1): 49/58 kBProgress (1): 52/58 kBProgress (1): 55/58 kBProgress (1): 58/58 kBProgress (1): 58 kB                      Downloaded from central: https://repo.maven.apache.org/maven2/org/apache/commons/commons-parent/35/commons-parent-35.pom (58 kB at 561 kB/s)
Downloading from central: https://repo.maven.apache.org/maven2/com/google/guava/guava/25.0-jre/guava-25.0-jre.pom
Progress (1): 2.7/7.8 kBProgress (1): 5.5/7.8 kBProgress (1): 7.8 kB                        Downloaded from central: https://repo.maven.apache.org/maven2/com/google/guava/guava/25.0-jre/guava-25.0-jre.pom (7.8 kB at 80 kB/s)
Downloading from central: https://repo.maven.apache.org/maven2/com/google/guava/guava-parent/25.0-jre/guava-parent-25.0-jre.pom
Progress (1): 2.7/10 kBProgress (1): 5.5/10 kBProgress (1): 8.2/10 kBProgress (1): 10 kB                       Downloaded from central: https://repo.maven.apache.org/maven2/com/google/guava/guava-parent/25.0-jre/guava-parent-25.0-jre.pom (10 kB at 133 kB/s)
Downloading from central: https://repo.maven.apache.org/maven2/com/google/code/findbugs/jsr305/1.3.9/jsr305-1.3.9.pom
Progress (1): 965 B                   Downloaded from central: https://repo.maven.apache.org/maven2/com/google/code/findbugs/jsr305/1.3.9/jsr305-1.3.9.pom (965 B at 13 kB/s)
Downloading from central: https://repo.maven.apache.org/maven2/org/checkerframework/checker-compat-qual/2.0.0/checker-compat-qual-2.0.0.pom
Progress (1): 2.7/4.2 kBProgress (1): 4.2 kB                        Downloaded from central: https://repo.maven.apache.org/maven2/org/checkerframework/checker-compat-qual/2.0.0/checker-compat-qual-2.0.0.pom (4.2 kB at 58 kB/s)
Downloading from central: https://repo.maven.apache.org/maven2/com/google/errorprone/error_prone_annotations/2.1.3/error_prone_annotations-2.1.3.pom
Progress (1): 1.8 kB                    Downloaded from central: https://repo.maven.apache.org/maven2/com/google/errorprone/error_prone_annotations/2.1.3/error_prone_annotations-2.1.3.pom (1.8 kB at 21 kB/s)
Downloading from central: https://repo.maven.apache.org/maven2/com/google/errorprone/error_prone_parent/2.1.3/error_prone_parent-2.1.3.pom
Progress (1): 2.7/5.1 kBProgress (1): 5.1 kB                        Downloaded from central: https://repo.maven.apache.org/maven2/com/google/errorprone/error_prone_parent/2.1.3/error_prone_parent-2.1.3.pom (5.1 kB at 74 kB/s)
Downloading from central: https://repo.maven.apache.org/maven2/com/google/j2objc/j2objc-annotations/1.1/j2objc-annotations-1.1.pom
Progress (1): 2.7/2.8 kBProgress (1): 2.8 kB                        Downloaded from central: https://repo.maven.apache.org/maven2/com/google/j2objc/j2objc-annotations/1.1/j2objc-annotations-1.1.pom (2.8 kB at 44 kB/s)
Downloading from central: https://repo.maven.apache.org/maven2/org/codehaus/mojo/animal-sniffer-annotations/1.14/animal-sniffer-annotations-1.14.pom
Progress (1): 2.5 kB                    Downloaded from central: https://repo.maven.apache.org/maven2/org/codehaus/mojo/animal-sniffer-annotations/1.14/animal-sniffer-annotations-1.14.pom (2.5 kB at 34 kB/s)
Downloading from central: https://repo.maven.apache.org/maven2/org/codehaus/mojo/animal-sniffer-parent/1.14/animal-sniffer-parent-1.14.pom
Progress (1): 2.7/4.4 kBProgress (1): 4.4 kB                        Downloaded from central: https://repo.maven.apache.org/maven2/org/codehaus/mojo/animal-sniffer-parent/1.14/animal-sniffer-parent-1.14.pom (4.4 kB at 49 kB/s)
Downloading from central: https://repo.maven.apache.org/maven2/org/codehaus/mojo/mojo-parent/34/mojo-parent-34.pom
Progress (1): 2.7/24 kBProgress (1): 5.5/24 kBProgress (1): 8.2/24 kBProgress (1): 11/24 kB Progress (1): 14/24 kBProgress (1): 16/24 kBProgress (1): 19/24 kBProgress (1): 22/24 kBProgress (1): 24 kB                      Downloaded from central: https://repo.maven.apache.org/maven2/org/codehaus/mojo/mojo-parent/34/mojo-parent-34.pom (24 kB at 212 kB/s)
Downloading from central: https://repo.maven.apache.org/maven2/org/codehaus/codehaus-parent/4/codehaus-parent-4.pom
Progress (1): 2.7/4.8 kBProgress (1): 4.8 kB                        Downloaded from central: https://repo.maven.apache.org/maven2/org/codehaus/codehaus-parent/4/codehaus-parent-4.pom (4.8 kB at 63 kB/s)
Downloading from central: https://repo.maven.apache.org/maven2/com/squareup/okhttp3/okhttp/3.14.6/okhttp-3.14.6.pom
Progress (1): 2.5 kB                    Downloaded from central: https://repo.maven.apache.org/maven2/com/squareup/okhttp3/okhttp/3.14.6/okhttp-3.14.6.pom (2.5 kB at 35 kB/s)
Downloading from central: https://repo.maven.apache.org/maven2/com/squareup/okhttp3/parent/3.14.6/parent-3.14.6.pom
Progress (1): 2.7/21 kBProgress (1): 5.5/21 kBProgress (1): 8.2/21 kBProgress (1): 11/21 kB Progress (1): 14/21 kBProgress (1): 16/21 kBProgress (1): 19/21 kBProgress (1): 21 kB                      Downloaded from central: https://repo.maven.apache.org/maven2/com/squareup/okhttp3/parent/3.14.6/parent-3.14.6.pom (21 kB at 201 kB/s)
Downloading from central: https://repo.maven.apache.org/maven2/com/squareup/okio/okio/1.17.2/okio-1.17.2.pom
Progress (1): 2.0 kB                    Downloaded from central: https://repo.maven.apache.org/maven2/com/squareup/okio/okio/1.17.2/okio-1.17.2.pom (2.0 kB at 29 kB/s)
Downloading from central: https://repo.maven.apache.org/maven2/com/squareup/okio/okio-parent/1.17.2/okio-parent-1.17.2.pom
Progress (1): 2.7/4.9 kBProgress (1): 4.9 kB                        Downloaded from central: https://repo.maven.apache.org/maven2/com/squareup/okio/okio-parent/1.17.2/okio-parent-1.17.2.pom (4.9 kB at 67 kB/s)
Downloading from central: https://repo.maven.apache.org/maven2/com/squareup/okio/okio/1.14.0/okio-1.14.0.pom
Progress (1): 2.0 kB                    Downloaded from central: https://repo.maven.apache.org/maven2/com/squareup/okio/okio/1.14.0/okio-1.14.0.pom (2.0 kB at 28 kB/s)
Downloading from central: https://repo.maven.apache.org/maven2/com/squareup/okio/okio-parent/1.14.0/okio-parent-1.14.0.pom
Progress (1): 4.1/4.9 kBProgress (1): 4.9 kB                        Downloaded from central: https://repo.maven.apache.org/maven2/com/squareup/okio/okio-parent/1.14.0/okio-parent-1.14.0.pom (4.9 kB at 36 kB/s)
Downloading from central: https://repo.maven.apache.org/maven2/org/seleniumhq/selenium/selenium-edge-driver/3.141.59/selenium-edge-driver-3.141.59.pom
Progress (1): 4.0 kB                    Downloaded from central: https://repo.maven.apache.org/maven2/org/seleniumhq/selenium/selenium-edge-driver/3.141.59/selenium-edge-driver-3.141.59.pom (4.0 kB at 59 kB/s)
Downloading from central: https://repo.maven.apache.org/maven2/org/seleniumhq/selenium/selenium-firefox-driver/3.141.59/selenium-firefox-driver-3.141.59.pom
Progress (1): 4.0 kB                    Downloaded from central: https://repo.maven.apache.org/maven2/org/seleniumhq/selenium/selenium-firefox-driver/3.141.59/selenium-firefox-driver-3.141.59.pom (4.0 kB at 61 kB/s)
Downloading from central: https://repo.maven.apache.org/maven2/org/seleniumhq/selenium/selenium-ie-driver/3.141.59/selenium-ie-driver-3.141.59.pom
Progress (1): 4.0 kB                    Downloaded from central: https://repo.maven.apache.org/maven2/org/seleniumhq/selenium/selenium-ie-driver/3.141.59/selenium-ie-driver-3.141.59.pom (4.0 kB at 65 kB/s)
Downloading from central: https://repo.maven.apache.org/maven2/org/seleniumhq/selenium/selenium-opera-driver/3.141.59/selenium-opera-driver-3.141.59.pom
Progress (1): 4.0 kB                    Downloaded from central: https://repo.maven.apache.org/maven2/org/seleniumhq/selenium/selenium-opera-driver/3.141.59/selenium-opera-driver-3.141.59.pom (4.0 kB at 60 kB/s)
Downloading from central: https://repo.maven.apache.org/maven2/org/seleniumhq/selenium/selenium-safari-driver/3.141.59/selenium-safari-driver-3.141.59.pom
Progress (1): 4.0 kB                    Downloaded from central: https://repo.maven.apache.org/maven2/org/seleniumhq/selenium/selenium-safari-driver/3.141.59/selenium-safari-driver-3.141.59.pom (4.0 kB at 58 kB/s)
Downloading from central: https://repo.maven.apache.org/maven2/org/seleniumhq/selenium/selenium-support/3.141.59/selenium-support-3.141.59.pom
Progress (1): 4.0 kB                    Downloaded from central: https://repo.maven.apache.org/maven2/org/seleniumhq/selenium/selenium-support/3.141.59/selenium-support-3.141.59.pom (4.0 kB at 61 kB/s)
Downloading from central: https://repo.maven.apache.org/maven2/org/hamcrest/hamcrest-core/2.1/hamcrest-core-2.1.jar
Downloading from central: https://repo.maven.apache.org/maven2/org/seleniumhq/selenium/selenium-edge-driver/3.141.59/selenium-edge-driver-3.141.59.jar
Downloading from central: https://repo.maven.apache.org/maven2/org/seleniumhq/selenium/selenium-chrome-driver/3.141.59/selenium-chrome-driver-3.141.59.jar
Downloading from central: https://repo.maven.apache.org/maven2/org/seleniumhq/selenium/selenium-api/3.141.59/selenium-api-3.141.59.jar
Downloading from central: https://repo.maven.apache.org/maven2/org/seleniumhq/selenium/selenium-java/3.141.59/selenium-java-3.141.59.jar
Progress (1): 4.1/8.0 kBProgress (1): 8.0 kB                        Downloaded from central: https://repo.maven.apache.org/maven2/org/seleniumhq/selenium/selenium-edge-driver/3.141.59/selenium-edge-driver-3.141.59.jar (8.0 kB at 34 kB/s)
Downloading from central: https://repo.maven.apache.org/maven2/org/seleniumhq/selenium/selenium-firefox-driver/3.141.59/selenium-firefox-driver-3.141.59.jar
Progress (1): 2.7/14 kBProgress (1): 5.5/14 kBProgress (1): 8.2/14 kBProgress (1): 11/14 kB Progress (1): 14/14 kBProgress (2): 14/14 kB | 2.7/182 kBProgress (2): 14/14 kB | 5.5/182 kBProgress (2): 14 kB | 5.5/182 kB   Progress (3): 14 kB | 5.5/182 kB | 1.2 kBProgress (3): 14 kB | 8.2/182 kB | 1.2 kBProgress (3): 14 kB | 11/182 kB | 1.2 kB Progress (4): 14 kB | 11/182 kB | 1.2 kB | 355 BProgress (4): 14 kB | 14/182 kB | 1.2 kB | 355 BProgress (5): 14 kB | 14/182 kB | 1.2 kB | 355 B | 4.1/810 kBProgress (5): 14 kB | 14/182 kB | 1.2 kB | 355 B | 8.2/810 kB                                                             Downloaded from central: https://repo.maven.apache.org/maven2/org/hamcrest/hamcrest-core/2.1/hamcrest-core-2.1.jar (1.2 kB at 2.9 kB/s)
Downloading from central: https://repo.maven.apache.org/maven2/org/seleniumhq/selenium/selenium-ie-driver/3.141.59/selenium-ie-driver-3.141.59.jar
Progress (4): 14 kB | 16/182 kB | 355 B | 8.2/810 kBProgress (4): 14 kB | 16/182 kB | 355 B | 12/810 kB Progress (4): 14 kB | 16/182 kB | 355 B | 16/810 kBProgress (4): 14 kB | 19/182 kB | 355 B | 16/810 kB                                                   Downloaded from central: https://repo.maven.apache.org/maven2/org/seleniumhq/selenium/selenium-chrome-driver/3.141.59/selenium-chrome-driver-3.141.59.jar (14 kB at 34 kB/s)
Downloading from central: https://repo.maven.apache.org/maven2/org/seleniumhq/selenium/selenium-opera-driver/3.141.59/selenium-opera-driver-3.141.59.jar
Progress (3): 19/182 kB | 355 B | 20/810 kBProgress (3): 19/182 kB | 355 B | 25/810 kBProgress (3): 19/182 kB | 355 B | 29/810 kBProgress (3): 19/182 kB | 355 B | 33/810 kB                                           Downloaded from central: https://repo.maven.apache.org/maven2/org/seleniumhq/selenium/selenium-java/3.141.59/selenium-java-3.141.59.jar (355 B at 745 B/s)
Downloading from central: https://repo.maven.apache.org/maven2/org/seleniumhq/selenium/selenium-remote-driver/3.141.59/selenium-remote-driver-3.141.59.jar
Progress (3): 19/182 kB | 33/810 kB | 2.7/17 kBProgress (3): 22/182 kB | 33/810 kB | 2.7/17 kBProgress (3): 22/182 kB | 33/810 kB | 5.5/17 kBProgress (3): 25/182 kB | 33/810 kB | 5.5/17 kBProgress (3): 25/182 kB | 33/810 kB | 8.2/17 kBProgress (3): 27/182 kB | 33/810 kB | 8.2/17 kBProgress (3): 27/182 kB | 33/810 kB | 11/17 kB Progress (3): 27/182 kB | 33/810 kB | 14/17 kBProgress (3): 30/182 kB | 33/810 kB | 14/17 kBProgress (3): 33/182 kB | 33/810 kB | 14/17 kBProgress (3): 36/182 kB | 33/810 kB | 14/17 kBProgress (3): 36/182 kB | 33/810 kB | 16/17 kBProgress (3): 36/182 kB | 37/810 kB | 16/17 kBProgress (3): 36/182 kB | 41/810 kB | 16/17 kBProgress (3): 36/182 kB | 41/810 kB | 17 kB   Progress (3): 38/182 kB | 41/810 kB | 17 kBProgress (3): 41/182 kB | 41/810 kB | 17 kBProgress (3): 44/182 kB | 41/810 kB | 17 kBProgress (3): 47/182 kB | 41/810 kB | 17 kBProgress (3): 49/182 kB | 41/810 kB | 17 kBProgress (3): 52/182 kB | 41/810 kB | 17 kBProgress (3): 55/182 kB | 41/810 kB | 17 kBProgress (3): 58/182 kB | 41/810 kB | 17 kBProgress (3): 58/182 kB | 45/810 kB | 17 kBProgress (3): 58/182 kB | 49/810 kB | 17 kBProgress (4): 58/182 kB | 49/810 kB | 17 kB | 2.7/11 kBProgress (4): 58/182 kB | 53/810 kB | 17 kB | 2.7/11 kBProgress (4): 58/182 kB | 57/810 kB | 17 kB | 2.7/11 kBProgress (4): 58/182 kB | 61/810 kB | 17 kB | 2.7/11 kBProgress (4): 58/182 kB | 66/810 kB | 17 kB | 2.7/11 kBProgress (4): 60/182 kB | 66/810 kB | 17 kB | 2.7/11 kBProgress (4): 63/182 kB | 66/810 kB | 17 kB | 2.7/11 kBProgress (4): 63/182 kB | 66/810 kB | 17 kB | 5.5/11 kBProgress (4): 63/182 kB | 70/810 kB | 17 kB | 5.5/11 kBProgress (4): 63/182 kB | 74/810 kB | 17 kB | 5.5/11 kBProgress (4): 66/182 kB | 74/810 kB | 17 kB | 5.5/11 kBProgress (5): 66/182 kB | 74/810 kB | 17 kB | 5.5/11 kB | 2.7/334 kBProgress (5): 66/182 kB | 74/810 kB | 17 kB | 5.5/11 kB | 5.5/334 kB                                                                    Downloaded from central: https://repo.maven.apache.org/maven2/org/seleniumhq/selenium/selenium-ie-driver/3.141.59/selenium-ie-driver-3.141.59.jar (17 kB at 30 kB/s)
Downloading from central: https://repo.maven.apache.org/maven2/org/seleniumhq/selenium/selenium-safari-driver/3.141.59/selenium-safari-driver-3.141.59.jar
Progress (4): 66/182 kB | 78/810 kB | 5.5/11 kB | 5.5/334 kBProgress (4): 66/182 kB | 82/810 kB | 5.5/11 kB | 5.5/334 kBProgress (4): 66/182 kB | 82/810 kB | 8.2/11 kB | 5.5/334 kBProgress (4): 66/182 kB | 86/810 kB | 8.2/11 kB | 5.5/334 kBProgress (4): 69/182 kB | 86/810 kB | 8.2/11 kB | 5.5/334 kBProgress (4): 71/182 kB | 86/810 kB | 8.2/11 kB | 5.5/334 kBProgress (4): 71/182 kB | 86/810 kB | 8.2/11 kB | 8.2/334 kBProgress (4): 74/182 kB | 86/810 kB | 8.2/11 kB | 8.2/334 kBProgress (4): 77/182 kB | 86/810 kB | 8.2/11 kB | 8.2/334 kBProgress (4): 77/182 kB | 90/810 kB | 8.2/11 kB | 8.2/334 kBProgress (4): 77/182 kB | 94/810 kB | 8.2/11 kB | 8.2/334 kBProgress (4): 77/182 kB | 98/810 kB | 8.2/11 kB | 8.2/334 kBProgress (4): 77/182 kB | 98/810 kB | 11 kB | 8.2/334 kB    Progress (4): 77/182 kB | 102/810 kB | 11 kB | 8.2/334 kBProgress (4): 77/182 kB | 106/810 kB | 11 kB | 8.2/334 kBProgress (4): 77/182 kB | 111/810 kB | 11 kB | 8.2/334 kBProgress (4): 80/182 kB | 111/810 kB | 11 kB | 8.2/334 kBProgress (4): 80/182 kB | 111/810 kB | 11 kB | 11/334 kB Progress (4): 82/182 kB | 111/810 kB | 11 kB | 11/334 kBProgress (4): 82/182 kB | 111/810 kB | 11 kB | 14/334 kBProgress (4): 82/182 kB | 111/810 kB | 11 kB | 16/334 kBProgress (4): 82/182 kB | 111/810 kB | 11 kB | 19/334 kBProgress (4): 82/182 kB | 111/810 kB | 11 kB | 22/334 kBProgress (4): 82/182 kB | 111/810 kB | 11 kB | 25/334 kBProgress (4): 82/182 kB | 111/810 kB | 11 kB | 27/334 kBProgress (4): 82/182 kB | 111/810 kB | 11 kB | 30/334 kBProgress (4): 82/182 kB | 111/810 kB | 11 kB | 33/334 kBProgress (4): 82/182 kB | 111/810 kB | 11 kB | 36/334 kBProgress (4): 82/182 kB | 115/810 kB | 11 kB | 36/334 kBProgress (4): 82/182 kB | 115/810 kB | 11 kB | 38/334 kBProgress (4): 82/182 kB | 119/810 kB | 11 kB | 38/334 kBProgress (4): 82/182 kB | 123/810 kB | 11 kB | 38/334 kBProgress (4): 85/182 kB | 123/810 kB | 11 kB | 38/334 kBProgress (4): 85/182 kB | 127/810 kB | 11 kB | 38/334 kBProgress (5): 85/182 kB | 127/810 kB | 11 kB | 38/334 kB | 2.7/16 kBProgress (5): 85/182 kB | 127/810 kB | 11 kB | 41/334 kB | 2.7/16 kBProgress (5): 85/182 kB | 131/810 kB | 11 kB | 41/334 kB | 2.7/16 kBProgress (5): 85/182 kB | 131/810 kB | 11 kB | 41/334 kB | 5.5/16 kBProgress (5): 88/182 kB | 131/810 kB | 11 kB | 41/334 kB | 5.5/16 kBProgress (5): 88/182 kB | 131/810 kB | 11 kB | 41/334 kB | 8.2/16 kBProgress (5): 88/182 kB | 131/810 kB | 11 kB | 44/334 kB | 8.2/16 kBProgress (5): 88/182 kB | 131/810 kB | 11 kB | 47/334 kB | 8.2/16 kBProgress (5): 90/182 kB | 131/810 kB | 11 kB | 47/334 kB | 8.2/16 kBProgress (5): 90/182 kB | 131/810 kB | 11 kB | 47/334 kB | 11/16 kB Progress (5): 93/182 kB | 131/810 kB | 11 kB | 47/334 kB | 11/16 kBProgress (5): 93/182 kB | 135/810 kB | 11 kB | 47/334 kB | 11/16 kBProgress (5): 93/182 kB | 139/810 kB | 11 kB | 47/334 kB | 11/16 kBProgress (5): 96/182 kB | 139/810 kB | 11 kB | 47/334 kB | 11/16 kBProgress (5): 96/182 kB | 139/810 kB | 11 kB | 47/334 kB | 14/16 kBProgress (5): 96/182 kB | 139/810 kB | 11 kB | 49/334 kB | 14/16 kBProgress (5): 96/182 kB | 139/810 kB | 11 kB | 52/334 kB | 14/16 kBProgress (5): 96/182 kB | 139/810 kB | 11 kB | 55/334 kB | 14/16 kBProgress (5): 99/182 kB | 139/810 kB | 11 kB | 55/334 kB | 14/16 kBProgress (5): 99/182 kB | 143/810 kB | 11 kB | 55/334 kB | 14/16 kBProgress (5): 99/182 kB | 143/810 kB | 11 kB | 55/334 kB | 16 kB   Progress (5): 99/182 kB | 143/810 kB | 11 kB | 58/334 kB | 16 kBProgress (5): 99/182 kB | 143/810 kB | 11 kB | 60/334 kB | 16 kBProgress (5): 99/182 kB | 143/810 kB | 11 kB | 63/334 kB | 16 kBProgress (5): 101/182 kB | 143/810 kB | 11 kB | 63/334 kB | 16 kBProgress (5): 101/182 kB | 147/810 kB | 11 kB | 63/334 kB | 16 kBProgress (5): 104/182 kB | 147/810 kB | 11 kB | 63/334 kB | 16 kBProgress (5): 107/182 kB | 147/810 kB | 11 kB | 63/334 kB | 16 kBProgress (5): 107/182 kB | 152/810 kB | 11 kB | 63/334 kB | 16 kBProgress (5): 107/182 kB | 152/810 kB | 11 kB | 66/334 kB | 16 kBProgress (5): 107/182 kB | 156/810 kB | 11 kB | 66/334 kB | 16 kBProgress (5): 107/182 kB | 156/810 kB | 11 kB | 69/334 kB | 16 kBProgress (5): 107/182 kB | 156/810 kB | 11 kB | 71/334 kB | 16 kBProgress (5): 107/182 kB | 156/810 kB | 11 kB | 74/334 kB | 16 kBProgress (5): 107/182 kB | 156/810 kB | 11 kB | 77/334 kB | 16 kBProgress (5): 107/182 kB | 156/810 kB | 11 kB | 80/334 kB | 16 kBProgress (5): 107/182 kB | 156/810 kB | 11 kB | 82/334 kB | 16 kBProgress (5): 107/182 kB | 156/810 kB | 11 kB | 85/334 kB | 16 kBProgress (5): 107/182 kB | 156/810 kB | 11 kB | 88/334 kB | 16 kBProgress (5): 107/182 kB | 156/810 kB | 11 kB | 90/334 kB | 16 kBProgress (5): 107/182 kB | 156/810 kB | 11 kB | 93/334 kB | 16 kBProgress (5): 107/182 kB | 156/810 kB | 11 kB | 96/334 kB | 16 kBProgress (5): 107/182 kB | 156/810 kB | 11 kB | 99/334 kB | 16 kBProgress (5): 107/182 kB | 156/810 kB | 11 kB | 101/334 kB | 16 kBProgress (5): 107/182 kB | 156/810 kB | 11 kB | 104/334 kB | 16 kBProgress (5): 107/182 kB | 156/810 kB | 11 kB | 107/334 kB | 16 kBProgress (5): 107/182 kB | 156/810 kB | 11 kB | 110/334 kB | 16 kBProgress (5): 110/182 kB | 156/810 kB | 11 kB | 110/334 kB | 16 kB                                                                  Downloaded from central: https://repo.maven.apache.org/maven2/org/seleniumhq/selenium/selenium-opera-driver/3.141.59/selenium-opera-driver-3.141.59.jar (11 kB at 16 kB/s)
Downloading from central: https://repo.maven.apache.org/maven2/org/seleniumhq/selenium/selenium-support/3.141.59/selenium-support-3.141.59.jar
Downloaded from central: https://repo.maven.apache.org/maven2/org/seleniumhq/selenium/selenium-safari-driver/3.141.59/selenium-safari-driver-3.141.59.jar (16 kB at 23 kB/s)
Downloading from central: https://repo.maven.apache.org/maven2/org/apache/commons/commons-exec/1.3/commons-exec-1.3.jar
Progress (3): 110/182 kB | 156/810 kB | 112/334 kBProgress (3): 112/182 kB | 156/810 kB | 112/334 kBProgress (3): 112/182 kB | 160/810 kB | 112/334 kBProgress (3): 115/182 kB | 160/810 kB | 112/334 kBProgress (3): 115/182 kB | 164/810 kB | 112/334 kBProgress (3): 118/182 kB | 164/810 kB | 112/334 kBProgress (3): 121/182 kB | 164/810 kB | 112/334 kBProgress (3): 121/182 kB | 168/810 kB | 112/334 kBProgress (3): 121/182 kB | 172/810 kB | 112/334 kBProgress (3): 121/182 kB | 176/810 kB | 112/334 kBProgress (3): 121/182 kB | 180/810 kB | 112/334 kBProgress (3): 123/182 kB | 180/810 kB | 112/334 kBProgress (3): 126/182 kB | 180/810 kB | 112/334 kBProgress (3): 129/182 kB | 180/810 kB | 112/334 kBProgress (3): 132/182 kB | 180/810 kB | 112/334 kBProgress (3): 132/182 kB | 180/810 kB | 115/334 kBProgress (3): 132/182 kB | 184/810 kB | 115/334 kBProgress (3): 132/182 kB | 188/810 kB | 115/334 kBProgress (3): 132/182 kB | 193/810 kB | 115/334 kBProgress (3): 132/182 kB | 193/810 kB | 118/334 kBProgress (3): 132/182 kB | 197/810 kB | 118/334 kBProgress (3): 134/182 kB | 197/810 kB | 118/334 kBProgress (3): 134/182 kB | 201/810 kB | 118/334 kBProgress (3): 134/182 kB | 201/810 kB | 121/334 kBProgress (3): 134/182 kB | 205/810 kB | 121/334 kBProgress (3): 134/182 kB | 209/810 kB | 121/334 kBProgress (3): 134/182 kB | 213/810 kB | 121/334 kBProgress (3): 137/182 kB | 213/810 kB | 121/334 kBProgress (3): 140/182 kB | 213/810 kB | 121/334 kBProgress (3): 143/182 kB | 213/810 kB | 121/334 kBProgress (3): 145/182 kB | 213/810 kB | 121/334 kBProgress (3): 145/182 kB | 213/810 kB | 123/334 kBProgress (3): 145/182 kB | 217/810 kB | 123/334 kBProgress (3): 145/182 kB | 221/810 kB | 123/334 kBProgress (3): 145/182 kB | 225/810 kB | 123/334 kBProgress (3): 145/182 kB | 229/810 kB | 123/334 kBProgress (3): 148/182 kB | 229/810 kB | 123/334 kBProgress (3): 148/182 kB | 229/810 kB | 126/334 kBProgress (4): 148/182 kB | 229/810 kB | 126/334 kB | 2.7/151 kBProgress (4): 151/182 kB | 229/810 kB | 126/334 kB | 2.7/151 kBProgress (4): 151/182 kB | 233/810 kB | 126/334 kB | 2.7/151 kBProgress (4): 151/182 kB | 238/810 kB | 126/334 kB | 2.7/151 kBProgress (4): 151/182 kB | 242/810 kB | 126/334 kB | 2.7/151 kBProgress (4): 151/182 kB | 246/810 kB | 126/334 kB | 2.7/151 kBProgress (5): 151/182 kB | 246/810 kB | 126/334 kB | 2.7/151 kB | 2.7/54 kBProgress (5): 151/182 kB | 246/810 kB | 129/334 kB | 2.7/151 kB | 2.7/54 kBProgress (5): 151/182 kB | 246/810 kB | 129/334 kB | 5.5/151 kB | 2.7/54 kBProgress (5): 154/182 kB | 246/810 kB | 129/334 kB | 5.5/151 kB | 2.7/54 kBProgress (5): 154/182 kB | 246/810 kB | 129/334 kB | 8.2/151 kB | 2.7/54 kBProgress (5): 156/182 kB | 246/810 kB | 129/334 kB | 8.2/151 kB | 2.7/54 kBProgress (5): 156/182 kB | 246/810 kB | 129/334 kB | 11/151 kB | 2.7/54 kB Progress (5): 159/182 kB | 246/810 kB | 129/334 kB | 11/151 kB | 2.7/54 kBProgress (5): 159/182 kB | 246/810 kB | 129/334 kB | 14/151 kB | 2.7/54 kBProgress (5): 162/182 kB | 246/810 kB | 129/334 kB | 14/151 kB | 2.7/54 kBProgress (5): 162/182 kB | 246/810 kB | 132/334 kB | 14/151 kB | 2.7/54 kBProgress (5): 165/182 kB | 246/810 kB | 132/334 kB | 14/151 kB | 2.7/54 kBProgress (5): 165/182 kB | 246/810 kB | 134/334 kB | 14/151 kB | 2.7/54 kBProgress (5): 167/182 kB | 246/810 kB | 134/334 kB | 14/151 kB | 2.7/54 kBProgress (5): 167/182 kB | 246/810 kB | 137/334 kB | 14/151 kB | 2.7/54 kBProgress (5): 170/182 kB | 246/810 kB | 137/334 kB | 14/151 kB | 2.7/54 kBProgress (5): 173/182 kB | 246/810 kB | 137/334 kB | 14/151 kB | 2.7/54 kBProgress (5): 175/182 kB | 246/810 kB | 137/334 kB | 14/151 kB | 2.7/54 kBProgress (5): 175/182 kB | 246/810 kB | 137/334 kB | 16/151 kB | 2.7/54 kBProgress (5): 175/182 kB | 250/810 kB | 137/334 kB | 16/151 kB | 2.7/54 kBProgress (5): 175/182 kB | 254/810 kB | 137/334 kB | 16/151 kB | 2.7/54 kBProgress (5): 175/182 kB | 258/810 kB | 137/334 kB | 16/151 kB | 2.7/54 kBProgress (5): 178/182 kB | 258/810 kB | 137/334 kB | 16/151 kB | 2.7/54 kBProgress (5): 181/182 kB | 258/810 kB | 137/334 kB | 16/151 kB | 2.7/54 kBProgress (5): 181/182 kB | 258/810 kB | 137/334 kB | 19/151 kB | 2.7/54 kBProgress (5): 181/182 kB | 258/810 kB | 140/334 kB | 19/151 kB | 2.7/54 kBProgress (5): 181/182 kB | 262/810 kB | 140/334 kB | 19/151 kB | 2.7/54 kBProgress (5): 182 kB | 262/810 kB | 140/334 kB | 19/151 kB | 2.7/54 kB    Progress (5): 182 kB | 262/810 kB | 140/334 kB | 19/151 kB | 5.5/54 kBProgress (5): 182 kB | 262/810 kB | 140/334 kB | 19/151 kB | 8.2/54 kBProgress (5): 182 kB | 262/810 kB | 140/334 kB | 22/151 kB | 8.2/54 kBProgress (5): 182 kB | 262/810 kB | 140/334 kB | 25/151 kB | 8.2/54 kBProgress (5): 182 kB | 262/810 kB | 140/334 kB | 25/151 kB | 11/54 kB Progress (5): 182 kB | 262/810 kB | 143/334 kB | 25/151 kB | 11/54 kBProgress (5): 182 kB | 262/810 kB | 145/334 kB | 25/151 kB | 11/54 kBProgress (5): 182 kB | 262/810 kB | 145/334 kB | 27/151 kB | 11/54 kBProgress (5): 182 kB | 262/810 kB | 145/334 kB | 30/151 kB | 11/54 kBProgress (5): 182 kB | 266/810 kB | 145/334 kB | 30/151 kB | 11/54 kBProgress (5): 182 kB | 266/810 kB | 145/334 kB | 30/151 kB | 14/54 kBProgress (5): 182 kB | 266/810 kB | 145/334 kB | 30/151 kB | 16/54 kBProgress (5): 182 kB | 266/810 kB | 145/334 kB | 30/151 kB | 19/54 kBProgress (5): 182 kB | 266/810 kB | 145/334 kB | 30/151 kB | 22/54 kBProgress (5): 182 kB | 266/810 kB | 145/334 kB | 30/151 kB | 25/54 kBProgress (5): 182 kB | 266/810 kB | 145/334 kB | 30/151 kB | 27/54 kBProgress (5): 182 kB | 266/810 kB | 148/334 kB | 30/151 kB | 27/54 kBProgress (5): 182 kB | 266/810 kB | 151/334 kB | 30/151 kB | 27/54 kBProgress (5): 182 kB | 266/810 kB | 154/334 kB | 30/151 kB | 27/54 kBProgress (5): 182 kB | 266/810 kB | 156/334 kB | 30/151 kB | 27/54 kBProgress (5): 182 kB | 266/810 kB | 159/334 kB | 30/151 kB | 27/54 kBProgress (5): 182 kB | 266/810 kB | 162/334 kB | 30/151 kB | 27/54 kBProgress (5): 182 kB | 266/810 kB | 165/334 kB | 30/151 kB | 27/54 kBProgress (5): 182 kB | 266/810 kB | 165/334 kB | 33/151 kB | 27/54 kBProgress (5): 182 kB | 270/810 kB | 165/334 kB | 33/151 kB | 27/54 kB                                                                     Downloaded from central: https://repo.maven.apache.org/maven2/org/seleniumhq/selenium/selenium-api/3.141.59/selenium-api-3.141.59.jar (182 kB at 222 kB/s)
Downloading from central: https://repo.maven.apache.org/maven2/com/google/guava/guava/25.0-jre/guava-25.0-jre.jar
Progress (4): 270/810 kB | 165/334 kB | 36/151 kB | 27/54 kBProgress (4): 274/810 kB | 165/334 kB | 36/151 kB | 27/54 kBProgress (4): 279/810 kB | 165/334 kB | 36/151 kB | 27/54 kBProgress (4): 283/810 kB | 165/334 kB | 36/151 kB | 27/54 kBProgress (4): 287/810 kB | 165/334 kB | 36/151 kB | 27/54 kBProgress (4): 287/810 kB | 165/334 kB | 38/151 kB | 27/54 kBProgress (4): 287/810 kB | 165/334 kB | 41/151 kB | 27/54 kBProgress (4): 287/810 kB | 165/334 kB | 44/151 kB | 27/54 kBProgress (4): 287/810 kB | 165/334 kB | 44/151 kB | 30/54 kBProgress (4): 287/810 kB | 165/334 kB | 44/151 kB | 33/54 kBProgress (4): 287/810 kB | 165/334 kB | 44/151 kB | 36/54 kBProgress (4): 287/810 kB | 165/334 kB | 44/151 kB | 38/54 kBProgress (4): 287/810 kB | 165/334 kB | 44/151 kB | 41/54 kBProgress (4): 287/810 kB | 165/334 kB | 44/151 kB | 44/54 kBProgress (4): 287/810 kB | 165/334 kB | 44/151 kB | 47/54 kBProgress (4): 287/810 kB | 167/334 kB | 44/151 kB | 47/54 kBProgress (4): 287/810 kB | 170/334 kB | 44/151 kB | 47/54 kBProgress (4): 287/810 kB | 173/334 kB | 44/151 kB | 47/54 kBProgress (4): 287/810 kB | 175/334 kB | 44/151 kB | 47/54 kBProgress (4): 287/810 kB | 178/334 kB | 44/151 kB | 47/54 kBProgress (4): 287/810 kB | 181/334 kB | 44/151 kB | 47/54 kBProgress (4): 287/810 kB | 184/334 kB | 44/151 kB | 47/54 kBProgress (4): 287/810 kB | 186/334 kB | 44/151 kB | 47/54 kBProgress (4): 287/810 kB | 189/334 kB | 44/151 kB | 47/54 kBProgress (4): 291/810 kB | 189/334 kB | 44/151 kB | 47/54 kBProgress (4): 295/810 kB | 189/334 kB | 44/151 kB | 47/54 kBProgress (4): 299/810 kB | 189/334 kB | 44/151 kB | 47/54 kBProgress (4): 303/810 kB | 189/334 kB | 44/151 kB | 47/54 kBProgress (4): 307/810 kB | 189/334 kB | 44/151 kB | 47/54 kBProgress (4): 311/810 kB | 189/334 kB | 44/151 kB | 47/54 kBProgress (4): 315/810 kB | 189/334 kB | 44/151 kB | 47/54 kBProgress (4): 319/810 kB | 189/334 kB | 44/151 kB | 47/54 kBProgress (4): 324/810 kB | 189/334 kB | 44/151 kB | 47/54 kBProgress (4): 328/810 kB | 189/334 kB | 44/151 kB | 47/54 kBProgress (4): 328/810 kB | 189/334 kB | 44/151 kB | 49/54 kBProgress (4): 328/810 kB | 189/334 kB | 47/151 kB | 49/54 kBProgress (4): 328/810 kB | 189/334 kB | 49/151 kB | 49/54 kBProgress (5): 328/810 kB | 189/334 kB | 49/151 kB | 49/54 kB | 0/2.7 MBProgress (5): 328/810 kB | 189/334 kB | 52/151 kB | 49/54 kB | 0/2.7 MBProgress (5): 328/810 kB | 189/334 kB | 55/151 kB | 49/54 kB | 0/2.7 MBProgress (5): 328/810 kB | 189/334 kB | 58/151 kB | 49/54 kB | 0/2.7 MBProgress (5): 328/810 kB | 189/334 kB | 58/151 kB | 49/54 kB | 0/2.7 MBProgress (5): 328/810 kB | 189/334 kB | 58/151 kB | 52/54 kB | 0/2.7 MBProgress (5): 328/810 kB | 189/334 kB | 58/151 kB | 54 kB | 0/2.7 MB   Progress (5): 328/810 kB | 189/334 kB | 60/151 kB | 54 kB | 0/2.7 MBProgress (5): 328/810 kB | 189/334 kB | 63/151 kB | 54 kB | 0/2.7 MBProgress (5): 328/810 kB | 189/334 kB | 66/151 kB | 54 kB | 0/2.7 MBProgress (5): 328/810 kB | 189/334 kB | 69/151 kB | 54 kB | 0/2.7 MBProgress (5): 328/810 kB | 189/334 kB | 71/151 kB | 54 kB | 0/2.7 MBProgress (5): 328/810 kB | 192/334 kB | 71/151 kB | 54 kB | 0/2.7 MBProgress (5): 328/810 kB | 192/334 kB | 71/151 kB | 54 kB | 0/2.7 MBProgress (5): 328/810 kB | 195/334 kB | 71/151 kB | 54 kB | 0/2.7 MBProgress (5): 328/810 kB | 197/334 kB | 71/151 kB | 54 kB | 0/2.7 MBProgress (5): 328/810 kB | 200/334 kB | 71/151 kB | 54 kB | 0/2.7 MBProgress (5): 328/810 kB | 200/334 kB | 71/151 kB | 54 kB | 0/2.7 MBProgress (5): 332/810 kB | 200/334 kB | 71/151 kB | 54 kB | 0/2.7 MBProgress (5): 336/810 kB | 200/334 kB | 71/151 kB | 54 kB | 0/2.7 MBProgress (5): 340/810 kB | 200/334 kB | 71/151 kB | 54 kB | 0/2.7 MBProgress (5): 344/810 kB | 200/334 kB | 71/151 kB | 54 kB | 0/2.7 MBProgress (5): 344/810 kB | 203/334 kB | 71/151 kB | 54 kB | 0/2.7 MBProgress (5): 344/810 kB | 206/334 kB | 71/151 kB | 54 kB | 0/2.7 MBProgress (5): 344/810 kB | 208/334 kB | 71/151 kB | 54 kB | 0/2.7 MBProgress (5): 344/810 kB | 211/334 kB | 71/151 kB | 54 kB | 0/2.7 MBProgress (5): 344/810 kB | 214/334 kB | 71/151 kB | 54 kB | 0/2.7 MBProgress (5): 344/810 kB | 214/334 kB | 71/151 kB | 54 kB | 0.1/2.7 MBProgress (5): 348/810 kB | 214/334 kB | 71/151 kB | 54 kB | 0.1/2.7 MBProgress (5): 352/810 kB | 214/334 kB | 71/151 kB | 54 kB | 0.1/2.7 MBProgress (5): 356/810 kB | 214/334 kB | 71/151 kB | 54 kB | 0.1/2.7 MBProgress (5): 360/810 kB | 214/334 kB | 71/151 kB | 54 kB | 0.1/2.7 MBProgress (5): 360/810 kB | 214/334 kB | 71/151 kB | 54 kB | 0.1/2.7 MBProgress (5): 365/810 kB | 214/334 kB | 71/151 kB | 54 kB | 0.1/2.7 MBProgress (5): 369/810 kB | 214/334 kB | 71/151 kB | 54 kB | 0.1/2.7 MBProgress (5): 373/810 kB | 214/334 kB | 71/151 kB | 54 kB | 0.1/2.7 MBProgress (5): 377/810 kB | 214/334 kB | 71/151 kB | 54 kB | 0.1/2.7 MBProgress (5): 377/810 kB | 217/334 kB | 71/151 kB | 54 kB | 0.1/2.7 MBProgress (5): 377/810 kB | 217/334 kB | 74/151 kB | 54 kB | 0.1/2.7 MBProgress (5): 377/810 kB | 217/334 kB | 77/151 kB | 54 kB | 0.1/2.7 MBProgress (5): 377/810 kB | 217/334 kB | 77/151 kB | 54 kB | 0.1/2.7 MBProgress (5): 377/810 kB | 217/334 kB | 80/151 kB | 54 kB | 0.1/2.7 MBProgress (5): 377/810 kB | 217/334 kB | 82/151 kB | 54 kB | 0.1/2.7 MBProgress (5): 377/810 kB | 217/334 kB | 82/151 kB | 54 kB | 0.1/2.7 MBProgress (5): 377/810 kB | 217/334 kB | 85/151 kB | 54 kB | 0.1/2.7 MBProgress (5): 377/810 kB | 217/334 kB | 88/151 kB | 54 kB | 0.1/2.7 MBProgress (5): 377/810 kB | 217/334 kB | 88/151 kB | 54 kB | 0.1/2.7 MBProgress (5): 377/810 kB | 219/334 kB | 88/151 kB | 54 kB | 0.1/2.7 MBProgress (5): 377/810 kB | 222/334 kB | 88/151 kB | 54 kB | 0.1/2.7 MBProgress (5): 377/810 kB | 222/334 kB | 88/151 kB | 54 kB | 0.1/2.7 MBProgress (5): 377/810 kB | 225/334 kB | 88/151 kB | 54 kB | 0.1/2.7 MBProgress (5): 377/810 kB | 228/334 kB | 88/151 kB | 54 kB | 0.1/2.7 MB                                                                      Downloaded from central: https://repo.maven.apache.org/maven2/org/apache/commons/commons-exec/1.3/commons-exec-1.3.jar (54 kB at 61 kB/s)
Downloading from central: https://repo.maven.apache.org/maven2/com/google/code/findbugs/jsr305/1.3.9/jsr305-1.3.9.jar
Progress (4): 377/810 kB | 228/334 kB | 88/151 kB | 0.1/2.7 MBProgress (4): 377/810 kB | 230/334 kB | 88/151 kB | 0.1/2.7 MBProgress (4): 377/810 kB | 230/334 kB | 88/151 kB | 0.1/2.7 MBProgress (4): 381/810 kB | 230/334 kB | 88/151 kB | 0.1/2.7 MBProgress (4): 385/810 kB | 230/334 kB | 88/151 kB | 0.1/2.7 MBProgress (4): 389/810 kB | 230/334 kB | 88/151 kB | 0.1/2.7 MBProgress (4): 393/810 kB | 230/334 kB | 88/151 kB | 0.1/2.7 MBProgress (4): 397/810 kB | 230/334 kB | 88/151 kB | 0.1/2.7 MBProgress (4): 401/810 kB | 230/334 kB | 88/151 kB | 0.1/2.7 MBProgress (4): 406/810 kB | 230/334 kB | 88/151 kB | 0.1/2.7 MBProgress (4): 410/810 kB | 230/334 kB | 88/151 kB | 0.1/2.7 MBProgress (4): 414/810 kB | 230/334 kB | 88/151 kB | 0.1/2.7 MBProgress (4): 418/810 kB | 230/334 kB | 88/151 kB | 0.1/2.7 MBProgress (4): 422/810 kB | 230/334 kB | 88/151 kB | 0.1/2.7 MBProgress (4): 422/810 kB | 230/334 kB | 90/151 kB | 0.1/2.7 MBProgress (4): 422/810 kB | 230/334 kB | 90/151 kB | 0.2/2.7 MBProgress (4): 422/810 kB | 233/334 kB | 90/151 kB | 0.2/2.7 MBProgress (4): 422/810 kB | 236/334 kB | 90/151 kB | 0.2/2.7 MBProgress (4): 422/810 kB | 239/334 kB | 90/151 kB | 0.2/2.7 MBProgress (4): 422/810 kB | 241/334 kB | 90/151 kB | 0.2/2.7 MBProgress (4): 422/810 kB | 244/334 kB | 90/151 kB | 0.2/2.7 MBProgress (4): 422/810 kB | 247/334 kB | 90/151 kB | 0.2/2.7 MBProgress (4): 422/810 kB | 247/334 kB | 90/151 kB | 0.2/2.7 MBProgress (4): 422/810 kB | 247/334 kB | 90/151 kB | 0.2/2.7 MBProgress (4): 422/810 kB | 247/334 kB | 90/151 kB | 0.2/2.7 MBProgress (4): 426/810 kB | 247/334 kB | 90/151 kB | 0.2/2.7 MBProgress (4): 426/810 kB | 247/334 kB | 93/151 kB | 0.2/2.7 MBProgress (4): 426/810 kB | 247/334 kB | 96/151 kB | 0.2/2.7 MBProgress (4): 426/810 kB | 247/334 kB | 99/151 kB | 0.2/2.7 MBProgress (4): 426/810 kB | 247/334 kB | 101/151 kB | 0.2/2.7 MBProgress (4): 426/810 kB | 247/334 kB | 104/151 kB | 0.2/2.7 MBProgress (4): 426/810 kB | 247/334 kB | 107/151 kB | 0.2/2.7 MBProgress (4): 426/810 kB | 247/334 kB | 110/151 kB | 0.2/2.7 MBProgress (4): 426/810 kB | 247/334 kB | 112/151 kB | 0.2/2.7 MBProgress (4): 426/810 kB | 247/334 kB | 115/151 kB | 0.2/2.7 MBProgress (4): 426/810 kB | 247/334 kB | 118/151 kB | 0.2/2.7 MBProgress (4): 426/810 kB | 247/334 kB | 121/151 kB | 0.2/2.7 MBProgress (4): 426/810 kB | 250/334 kB | 121/151 kB | 0.2/2.7 MBProgress (5): 426/810 kB | 250/334 kB | 121/151 kB | 0.2/2.7 MB | 2.7/33 kBProgress (5): 426/810 kB | 250/334 kB | 121/151 kB | 0.2/2.7 MB | 5.5/33 kBProgress (5): 426/810 kB | 250/334 kB | 121/151 kB | 0.2/2.7 MB | 8.2/33 kBProgress (5): 426/810 kB | 250/334 kB | 121/151 kB | 0.2/2.7 MB | 11/33 kB Progress (5): 426/810 kB | 250/334 kB | 121/151 kB | 0.2/2.7 MB | 14/33 kBProgress (5): 426/810 kB | 250/334 kB | 121/151 kB | 0.2/2.7 MB | 16/33 kBProgress (5): 430/810 kB | 250/334 kB | 121/151 kB | 0.2/2.7 MB | 16/33 kBProgress (5): 434/810 kB | 250/334 kB | 121/151 kB | 0.2/2.7 MB | 16/33 kBProgress (5): 438/810 kB | 250/334 kB | 121/151 kB | 0.2/2.7 MB | 16/33 kBProgress (5): 442/810 kB | 250/334 kB | 121/151 kB | 0.2/2.7 MB | 16/33 kBProgress (5): 446/810 kB | 250/334 kB | 121/151 kB | 0.2/2.7 MB | 16/33 kBProgress (5): 446/810 kB | 252/334 kB | 121/151 kB | 0.2/2.7 MB | 16/33 kBProgress (5): 446/810 kB | 255/334 kB | 121/151 kB | 0.2/2.7 MB | 16/33 kBProgress (5): 446/810 kB | 258/334 kB | 121/151 kB | 0.2/2.7 MB | 16/33 kBProgress (5): 446/810 kB | 258/334 kB | 123/151 kB | 0.2/2.7 MB | 16/33 kBProgress (5): 446/810 kB | 258/334 kB | 126/151 kB | 0.2/2.7 MB | 16/33 kBProgress (5): 446/810 kB | 258/334 kB | 129/151 kB | 0.2/2.7 MB | 16/33 kBProgress (5): 446/810 kB | 258/334 kB | 132/151 kB | 0.2/2.7 MB | 16/33 kBProgress (5): 446/810 kB | 258/334 kB | 134/151 kB | 0.2/2.7 MB | 16/33 kBProgress (5): 446/810 kB | 258/334 kB | 134/151 kB | 0.2/2.7 MB | 19/33 kBProgress (5): 446/810 kB | 258/334 kB | 134/151 kB | 0.2/2.7 MB | 22/33 kBProgress (5): 451/810 kB | 258/334 kB | 134/151 kB | 0.2/2.7 MB | 22/33 kBProgress (5): 455/810 kB | 258/334 kB | 134/151 kB | 0.2/2.7 MB | 22/33 kBProgress (5): 459/810 kB | 258/334 kB | 134/151 kB | 0.2/2.7 MB | 22/33 kBProgress (5): 459/810 kB | 260/334 kB | 134/151 kB | 0.2/2.7 MB | 22/33 kBProgress (5): 459/810 kB | 263/334 kB | 134/151 kB | 0.2/2.7 MB | 22/33 kBProgress (5): 459/810 kB | 263/334 kB | 134/151 kB | 0.2/2.7 MB | 22/33 kBProgress (5): 463/810 kB | 263/334 kB | 134/151 kB | 0.2/2.7 MB | 22/33 kBProgress (5): 463/810 kB | 263/334 kB | 137/151 kB | 0.2/2.7 MB | 22/33 kBProgress (5): 463/810 kB | 263/334 kB | 140/151 kB | 0.2/2.7 MB | 22/33 kBProgress (5): 463/810 kB | 263/334 kB | 140/151 kB | 0.2/2.7 MB | 25/33 kBProgress (5): 463/810 kB | 263/334 kB | 143/151 kB | 0.2/2.7 MB | 25/33 kBProgress (5): 467/810 kB | 263/334 kB | 143/151 kB | 0.2/2.7 MB | 25/33 kBProgress (5): 471/810 kB | 263/334 kB | 143/151 kB | 0.2/2.7 MB | 25/33 kBProgress (5): 471/810 kB | 266/334 kB | 143/151 kB | 0.2/2.7 MB | 25/33 kBProgress (5): 471/810 kB | 266/334 kB | 143/151 kB | 0.2/2.7 MB | 25/33 kBProgress (5): 471/810 kB | 269/334 kB | 143/151 kB | 0.2/2.7 MB | 25/33 kBProgress (5): 471/810 kB | 269/334 kB | 145/151 kB | 0.2/2.7 MB | 25/33 kBProgress (5): 471/810 kB | 271/334 kB | 145/151 kB | 0.2/2.7 MB | 25/33 kBProgress (5): 471/810 kB | 271/334 kB | 145/151 kB | 0.2/2.7 MB | 27/33 kBProgress (5): 471/810 kB | 271/334 kB | 145/151 kB | 0.2/2.7 MB | 27/33 kBProgress (5): 471/810 kB | 274/334 kB | 145/151 kB | 0.2/2.7 MB | 27/33 kBProgress (5): 475/810 kB | 274/334 kB | 145/151 kB | 0.2/2.7 MB | 27/33 kBProgress (5): 475/810 kB | 274/334 kB | 148/151 kB | 0.2/2.7 MB | 27/33 kBProgress (5): 475/810 kB | 274/334 kB | 151/151 kB | 0.2/2.7 MB | 27/33 kBProgress (5): 475/810 kB | 274/334 kB | 151 kB | 0.2/2.7 MB | 27/33 kB    Progress (5): 479/810 kB | 274/334 kB | 151 kB | 0.2/2.7 MB | 27/33 kBProgress (5): 479/810 kB | 274/334 kB | 151 kB | 0.2/2.7 MB | 27/33 kBProgress (5): 479/810 kB | 274/334 kB | 151 kB | 0.2/2.7 MB | 30/33 kBProgress (5): 479/810 kB | 274/334 kB | 151 kB | 0.2/2.7 MB | 33/33 kBProgress (5): 479/810 kB | 274/334 kB | 151 kB | 0.2/2.7 MB | 33 kB   Progress (5): 483/810 kB | 274/334 kB | 151 kB | 0.2/2.7 MB | 33 kBProgress (5): 487/810 kB | 274/334 kB | 151 kB | 0.2/2.7 MB | 33 kBProgress (5): 492/810 kB | 274/334 kB | 151 kB | 0.2/2.7 MB | 33 kBProgress (5): 496/810 kB | 274/334 kB | 151 kB | 0.2/2.7 MB | 33 kBProgress (5): 496/810 kB | 277/334 kB | 151 kB | 0.2/2.7 MB | 33 kBProgress (5): 496/810 kB | 280/334 kB | 151 kB | 0.2/2.7 MB | 33 kBProgress (5): 496/810 kB | 282/334 kB | 151 kB | 0.2/2.7 MB | 33 kBProgress (5): 496/810 kB | 285/334 kB | 151 kB | 0.2/2.7 MB | 33 kBProgress (5): 496/810 kB | 288/334 kB | 151 kB | 0.2/2.7 MB | 33 kBProgress (5): 500/810 kB | 288/334 kB | 151 kB | 0.2/2.7 MB | 33 kBProgress (5): 500/810 kB | 288/334 kB | 151 kB | 0.3/2.7 MB | 33 kBProgress (5): 500/810 kB | 288/334 kB | 151 kB | 0.3/2.7 MB | 33 kBProgress (5): 500/810 kB | 291/334 kB | 151 kB | 0.3/2.7 MB | 33 kBProgress (5): 500/810 kB | 291/334 kB | 151 kB | 0.3/2.7 MB | 33 kBProgress (5): 500/810 kB | 293/334 kB | 151 kB | 0.3/2.7 MB | 33 kBProgress (5): 500/810 kB | 293/334 kB | 151 kB | 0.3/2.7 MB | 33 kBProgress (5): 500/810 kB | 296/334 kB | 151 kB | 0.3/2.7 MB | 33 kBProgress (5): 500/810 kB | 299/334 kB | 151 kB | 0.3/2.7 MB | 33 kBProgress (5): 500/810 kB | 302/334 kB | 151 kB | 0.3/2.7 MB | 33 kBProgress (5): 504/810 kB | 302/334 kB | 151 kB | 0.3/2.7 MB | 33 kBProgress (5): 504/810 kB | 304/334 kB | 151 kB | 0.3/2.7 MB | 33 kBProgress (5): 504/810 kB | 304/334 kB | 151 kB | 0.3/2.7 MB | 33 kBProgress (5): 508/810 kB | 304/334 kB | 151 kB | 0.3/2.7 MB | 33 kBProgress (5): 508/810 kB | 307/334 kB | 151 kB | 0.3/2.7 MB | 33 kBProgress (5): 508/810 kB | 310/334 kB | 151 kB | 0.3/2.7 MB | 33 kBProgress (5): 512/810 kB | 310/334 kB | 151 kB | 0.3/2.7 MB | 33 kBProgress (5): 516/810 kB | 310/334 kB | 151 kB | 0.3/2.7 MB | 33 kBProgress (5): 516/810 kB | 313/334 kB | 151 kB | 0.3/2.7 MB | 33 kB                                                                   Downloaded from central: https://repo.maven.apache.org/maven2/org/seleniumhq/selenium/selenium-support/3.141.59/selenium-support-3.141.59.jar (151 kB at 146 kB/s)
Downloading from central: https://repo.maven.apache.org/maven2/org/checkerframework/checker-compat-qual/2.0.0/checker-compat-qual-2.0.0.jar
Progress (4): 520/810 kB | 313/334 kB | 0.3/2.7 MB | 33 kBProgress (4): 524/810 kB | 313/334 kB | 0.3/2.7 MB | 33 kBProgress (4): 524/810 kB | 315/334 kB | 0.3/2.7 MB | 33 kBProgress (4): 524/810 kB | 318/334 kB | 0.3/2.7 MB | 33 kBProgress (4): 524/810 kB | 321/334 kB | 0.3/2.7 MB | 33 kBProgress (4): 524/810 kB | 324/334 kB | 0.3/2.7 MB | 33 kBProgress (4): 524/810 kB | 324/334 kB | 0.3/2.7 MB | 33 kBProgress (4): 528/810 kB | 324/334 kB | 0.3/2.7 MB | 33 kBProgress (4): 532/810 kB | 324/334 kB | 0.3/2.7 MB | 33 kBProgress (4): 537/810 kB | 324/334 kB | 0.3/2.7 MB | 33 kBProgress (4): 541/810 kB | 324/334 kB | 0.3/2.7 MB | 33 kB                                                          Downloaded from central: https://repo.maven.apache.org/maven2/com/google/code/findbugs/jsr305/1.3.9/jsr305-1.3.9.jar (33 kB at 31 kB/s)
Progress (3): 541/810 kB | 326/334 kB | 0.3/2.7 MB                                                  Downloading from central: https://repo.maven.apache.org/maven2/com/google/errorprone/error_prone_annotations/2.1.3/error_prone_annotations-2.1.3.jar
Progress (3): 541/810 kB | 329/334 kB | 0.3/2.7 MBProgress (3): 545/810 kB | 329/334 kB | 0.3/2.7 MBProgress (3): 549/810 kB | 329/334 kB | 0.3/2.7 MBProgress (3): 549/810 kB | 329/334 kB | 0.3/2.7 MBProgress (3): 553/810 kB | 329/334 kB | 0.3/2.7 MBProgress (3): 557/810 kB | 329/334 kB | 0.3/2.7 MBProgress (3): 557/810 kB | 332/334 kB | 0.3/2.7 MBProgress (3): 557/810 kB | 334 kB | 0.3/2.7 MB    Progress (3): 557/810 kB | 334 kB | 0.4/2.7 MBProgress (3): 557/810 kB | 334 kB | 0.4/2.7 MBProgress (3): 557/810 kB | 334 kB | 0.4/2.7 MBProgress (3): 561/810 kB | 334 kB | 0.4/2.7 MBProgress (3): 565/810 kB | 334 kB | 0.4/2.7 MBProgress (3): 569/810 kB | 334 kB | 0.4/2.7 MBProgress (3): 573/810 kB | 334 kB | 0.4/2.7 MBProgress (4): 573/810 kB | 334 kB | 0.4/2.7 MB | 2.7/32 kBProgress (4): 573/810 kB | 334 kB | 0.4/2.7 MB | 5.5/32 kBProgress (4): 573/810 kB | 334 kB | 0.4/2.7 MB | 8.2/32 kBProgress (4): 573/810 kB | 334 kB | 0.4/2.7 MB | 11/32 kB Progress (4): 573/810 kB | 334 kB | 0.4/2.7 MB | 14/32 kBProgress (4): 573/810 kB | 334 kB | 0.4/2.7 MB | 16/32 kBProgress (4): 573/810 kB | 334 kB | 0.4/2.7 MB | 19/32 kBProgress (4): 573/810 kB | 334 kB | 0.4/2.7 MB | 22/32 kBProgress (4): 578/810 kB | 334 kB | 0.4/2.7 MB | 22/32 kBProgress (4): 582/810 kB | 334 kB | 0.4/2.7 MB | 22/32 kBProgress (4): 586/810 kB | 334 kB | 0.4/2.7 MB | 22/32 kBProgress (4): 590/810 kB | 334 kB | 0.4/2.7 MB | 22/32 kBProgress (4): 590/810 kB | 334 kB | 0.4/2.7 MB | 22/32 kBProgress (4): 594/810 kB | 334 kB | 0.4/2.7 MB | 22/32 kBProgress (4): 594/810 kB | 334 kB | 0.4/2.7 MB | 25/32 kBProgress (4): 594/810 kB | 334 kB | 0.4/2.7 MB | 25/32 kBProgress (4): 594/810 kB | 334 kB | 0.4/2.7 MB | 27/32 kBProgress (4): 594/810 kB | 334 kB | 0.4/2.7 MB | 30/32 kBProgress (4): 594/810 kB | 334 kB | 0.4/2.7 MB | 32 kB   Progress (4): 598/810 kB | 334 kB | 0.4/2.7 MB | 32 kBProgress (4): 602/810 kB | 334 kB | 0.4/2.7 MB | 32 kBProgress (4): 602/810 kB | 334 kB | 0.4/2.7 MB | 32 kBProgress (5): 602/810 kB | 334 kB | 0.4/2.7 MB | 32 kB | 2.7/14 kBProgress (5): 602/810 kB | 334 kB | 0.4/2.7 MB | 32 kB | 5.5/14 kBProgress (5): 602/810 kB | 334 kB | 0.4/2.7 MB | 32 kB | 8.2/14 kBProgress (5): 602/810 kB | 334 kB | 0.4/2.7 MB | 32 kB | 11/14 kB Progress (5): 602/810 kB | 334 kB | 0.4/2.7 MB | 32 kB | 14 kB   Progress (5): 606/810 kB | 334 kB | 0.4/2.7 MB | 32 kB | 14 kBProgress (5): 610/810 kB | 334 kB | 0.4/2.7 MB | 32 kB | 14 kBProgress (5): 614/810 kB | 334 kB | 0.4/2.7 MB | 32 kB | 14 kBProgress (5): 618/810 kB | 334 kB | 0.4/2.7 MB | 32 kB | 14 kBProgress (5): 623/810 kB | 334 kB | 0.4/2.7 MB | 32 kB | 14 kB                                                              Downloaded from central: https://repo.maven.apache.org/maven2/org/seleniumhq/selenium/selenium-remote-driver/3.141.59/selenium-remote-driver-3.141.59.jar (334 kB at 300 kB/s)
Downloading from central: https://repo.maven.apache.org/maven2/com/google/j2objc/j2objc-annotations/1.1/j2objc-annotations-1.1.jar
Progress (4): 623/810 kB | 0.5/2.7 MB | 32 kB | 14 kBProgress (4): 627/810 kB | 0.5/2.7 MB | 32 kB | 14 kBProgress (4): 631/810 kB | 0.5/2.7 MB | 32 kB | 14 kBProgress (4): 631/810 kB | 0.5/2.7 MB | 32 kB | 14 kBProgress (4): 635/810 kB | 0.5/2.7 MB | 32 kB | 14 kBProgress (4): 639/810 kB | 0.5/2.7 MB | 32 kB | 14 kBProgress (4): 639/810 kB | 0.5/2.7 MB | 32 kB | 14 kBProgress (4): 643/810 kB | 0.5/2.7 MB | 32 kB | 14 kBProgress (4): 647/810 kB | 0.5/2.7 MB | 32 kB | 14 kBProgress (4): 647/810 kB | 0.5/2.7 MB | 32 kB | 14 kBProgress (4): 651/810 kB | 0.5/2.7 MB | 32 kB | 14 kBProgress (4): 655/810 kB | 0.5/2.7 MB | 32 kB | 14 kBProgress (4): 655/810 kB | 0.5/2.7 MB | 32 kB | 14 kB                                                     Downloaded from central: https://repo.maven.apache.org/maven2/org/checkerframework/checker-compat-qual/2.0.0/checker-compat-qual-2.0.0.jar (32 kB at 28 kB/s)
Progress (3): 659/810 kB | 0.5/2.7 MB | 14 kBProgress (3): 664/810 kB | 0.5/2.7 MB | 14 kBProgress (3): 668/810 kB | 0.5/2.7 MB | 14 kBProgress (3): 672/810 kB | 0.5/2.7 MB | 14 kB                                             Downloaded from central: https://repo.maven.apache.org/maven2/com/google/errorprone/error_prone_annotations/2.1.3/error_prone_annotations-2.1.3.jar (14 kB at 12 kB/s)
Downloading from central: https://repo.maven.apache.org/maven2/com/squareup/okhttp3/okhttp/3.14.6/okhttp-3.14.6.jar
Downloading from central: https://repo.maven.apache.org/maven2/org/codehaus/mojo/animal-sniffer-annotations/1.14/animal-sniffer-annotations-1.14.jar
Progress (2): 672/810 kB | 0.5/2.7 MBProgress (2): 676/810 kB | 0.5/2.7 MBProgress (2): 680/810 kB | 0.5/2.7 MBProgress (2): 684/810 kB | 0.5/2.7 MBProgress (2): 688/810 kB | 0.5/2.7 MBProgress (2): 688/810 kB | 0.5/2.7 MBProgress (2): 692/810 kB | 0.5/2.7 MBProgress (2): 696/810 kB | 0.5/2.7 MBProgress (2): 700/810 kB | 0.5/2.7 MBProgress (2): 705/810 kB | 0.5/2.7 MBProgress (2): 705/810 kB | 0.6/2.7 MBProgress (2): 709/810 kB | 0.6/2.7 MBProgress (2): 713/810 kB | 0.6/2.7 MBProgress (2): 717/810 kB | 0.6/2.7 MBProgress (2): 721/810 kB | 0.6/2.7 MBProgress (2): 725/810 kB | 0.6/2.7 MBProgress (2): 729/810 kB | 0.6/2.7 MBProgress (2): 733/810 kB | 0.6/2.7 MBProgress (2): 737/810 kB | 0.6/2.7 MBProgress (3): 737/810 kB | 0.6/2.7 MB | 4.1/8.8 kBProgress (3): 737/810 kB | 0.6/2.7 MB | 8.2/8.8 kBProgress (3): 737/810 kB | 0.6/2.7 MB | 8.8 kB    Progress (3): 741/810 kB | 0.6/2.7 MB | 8.8 kBProgress (3): 745/810 kB | 0.6/2.7 MB | 8.8 kBProgress (3): 750/810 kB | 0.6/2.7 MB | 8.8 kBProgress (3): 754/810 kB | 0.6/2.7 MB | 8.8 kBProgress (3): 754/810 kB | 0.6/2.7 MB | 8.8 kBProgress (3): 758/810 kB | 0.6/2.7 MB | 8.8 kBProgress (4): 758/810 kB | 0.6/2.7 MB | 8.8 kB | 2.7/428 kBProgress (4): 762/810 kB | 0.6/2.7 MB | 8.8 kB | 2.7/428 kBProgress (4): 766/810 kB | 0.6/2.7 MB | 8.8 kB | 2.7/428 kBProgress (4): 766/810 kB | 0.6/2.7 MB | 8.8 kB | 5.5/428 kBProgress (4): 766/810 kB | 0.6/2.7 MB | 8.8 kB | 8.2/428 kBProgress (4): 770/810 kB | 0.6/2.7 MB | 8.8 kB | 8.2/428 kBProgress (4): 770/810 kB | 0.6/2.7 MB | 8.8 kB | 8.2/428 kBProgress (4): 770/810 kB | 0.6/2.7 MB | 8.8 kB | 11/428 kB Progress (4): 770/810 kB | 0.6/2.7 MB | 8.8 kB | 14/428 kBProgress (4): 774/810 kB | 0.6/2.7 MB | 8.8 kB | 14/428 kBProgress (4): 774/810 kB | 0.6/2.7 MB | 8.8 kB | 16/428 kBProgress (4): 774/810 kB | 0.6/2.7 MB | 8.8 kB | 16/428 kBProgress (4): 774/810 kB | 0.6/2.7 MB | 8.8 kB | 19/428 kBProgress (4): 778/810 kB | 0.6/2.7 MB | 8.8 kB | 19/428 kBProgress (4): 782/810 kB | 0.6/2.7 MB | 8.8 kB | 19/428 kBProgress (4): 786/810 kB | 0.6/2.7 MB | 8.8 kB | 19/428 kBProgress (4): 791/810 kB | 0.6/2.7 MB | 8.8 kB | 19/428 kBProgress (4): 795/810 kB | 0.6/2.7 MB | 8.8 kB | 19/428 kBProgress (4): 795/810 kB | 0.6/2.7 MB | 8.8 kB | 19/428 kBProgress (4): 795/810 kB | 0.6/2.7 MB | 8.8 kB | 22/428 kBProgress (4): 795/810 kB | 0.6/2.7 MB | 8.8 kB | 22/428 kBProgress (5): 795/810 kB | 0.6/2.7 MB | 8.8 kB | 22/428 kB | 3.5 kBProgress (5): 799/810 kB | 0.6/2.7 MB | 8.8 kB | 22/428 kB | 3.5 kBProgress (5): 799/810 kB | 0.7/2.7 MB | 8.8 kB | 22/428 kB | 3.5 kBProgress (5): 799/810 kB | 0.7/2.7 MB | 8.8 kB | 25/428 kB | 3.5 kBProgress (5): 803/810 kB | 0.7/2.7 MB | 8.8 kB | 25/428 kB | 3.5 kBProgress (5): 803/810 kB | 0.7/2.7 MB | 8.8 kB | 27/428 kB | 3.5 kBProgress (5): 803/810 kB | 0.7/2.7 MB | 8.8 kB | 30/428 kB | 3.5 kBProgress (5): 807/810 kB | 0.7/2.7 MB | 8.8 kB | 30/428 kB | 3.5 kBProgress (5): 810 kB | 0.7/2.7 MB | 8.8 kB | 30/428 kB | 3.5 kB    Progress (5): 810 kB | 0.7/2.7 MB | 8.8 kB | 33/428 kB | 3.5 kBProgress (5): 810 kB | 0.7/2.7 MB | 8.8 kB | 33/428 kB | 3.5 kBProgress (5): 810 kB | 0.7/2.7 MB | 8.8 kB | 36/428 kB | 3.5 kBProgress (5): 810 kB | 0.7/2.7 MB | 8.8 kB | 36/428 kB | 3.5 kB                                                               Downloaded from central: https://repo.maven.apache.org/maven2/com/google/j2objc/j2objc-annotations/1.1/j2objc-annotations-1.1.jar (8.8 kB at 6.7 kB/s)
Downloading from central: https://repo.maven.apache.org/maven2/com/squareup/okio/okio/1.14.0/okio-1.14.0.jar
Progress (4): 810 kB | 0.7/2.7 MB | 36/428 kB | 3.5 kBProgress (4): 810 kB | 0.7/2.7 MB | 38/428 kB | 3.5 kBProgress (4): 810 kB | 0.7/2.7 MB | 38/428 kB | 3.5 kBProgress (4): 810 kB | 0.7/2.7 MB | 38/428 kB | 3.5 kBProgress (4): 810 kB | 0.8/2.7 MB | 38/428 kB | 3.5 kBProgress (4): 810 kB | 0.8/2.7 MB | 41/428 kB | 3.5 kBProgress (4): 810 kB | 0.8/2.7 MB | 44/428 kB | 3.5 kBProgress (4): 810 kB | 0.8/2.7 MB | 47/428 kB | 3.5 kBProgress (4): 810 kB | 0.8/2.7 MB | 49/428 kB | 3.5 kBProgress (4): 810 kB | 0.8/2.7 MB | 52/428 kB | 3.5 kBProgress (4): 810 kB | 0.8/2.7 MB | 55/428 kB | 3.5 kBProgress (4): 810 kB | 0.8/2.7 MB | 58/428 kB | 3.5 kBProgress (4): 810 kB | 0.8/2.7 MB | 58/428 kB | 3.5 kBProgress (4): 810 kB | 0.8/2.7 MB | 60/428 kB | 3.5 kB                                                      Downloaded from central: https://repo.maven.apache.org/maven2/org/codehaus/mojo/animal-sniffer-annotations/1.14/animal-sniffer-annotations-1.14.jar (3.5 kB at 2.5 kB/s)
Downloaded from central: https://repo.maven.apache.org/maven2/org/seleniumhq/selenium/selenium-firefox-driver/3.141.59/selenium-firefox-driver-3.141.59.jar (810 kB at 586 kB/s)
Progress (2): 0.8/2.7 MB | 63/428 kBProgress (2): 0.8/2.7 MB | 63/428 kBProgress (2): 0.8/2.7 MB | 63/428 kBProgress (2): 0.8/2.7 MB | 66/428 kBProgress (2): 0.8/2.7 MB | 66/428 kBProgress (2): 0.8/2.7 MB | 69/428 kBProgress (2): 0.8/2.7 MB | 69/428 kBProgress (2): 0.8/2.7 MB | 71/428 kBProgress (2): 0.8/2.7 MB | 74/428 kBProgress (2): 0.8/2.7 MB | 77/428 kBProgress (2): 0.9/2.7 MB | 77/428 kBProgress (2): 0.9/2.7 MB | 80/428 kBProgress (2): 0.9/2.7 MB | 82/428 kBProgress (2): 0.9/2.7 MB | 82/428 kBProgress (2): 0.9/2.7 MB | 85/428 kBProgress (2): 0.9/2.7 MB | 88/428 kBProgress (2): 0.9/2.7 MB | 90/428 kBProgress (2): 0.9/2.7 MB | 90/428 kBProgress (2): 0.9/2.7 MB | 93/428 kBProgress (2): 0.9/2.7 MB | 96/428 kBProgress (2): 0.9/2.7 MB | 96/428 kBProgress (2): 0.9/2.7 MB | 99/428 kBProgress (2): 0.9/2.7 MB | 101/428 kBProgress (2): 0.9/2.7 MB | 101/428 kBProgress (2): 0.9/2.7 MB | 104/428 kBProgress (2): 0.9/2.7 MB | 107/428 kBProgress (2): 0.9/2.7 MB | 110/428 kBProgress (2): 0.9/2.7 MB | 110/428 kBProgress (2): 0.9/2.7 MB | 112/428 kBProgress (2): 0.9/2.7 MB | 115/428 kBProgress (2): 1.0/2.7 MB | 115/428 kBProgress (2): 1.0/2.7 MB | 118/428 kBProgress (2): 1.0/2.7 MB | 121/428 kBProgress (2): 1.0/2.7 MB | 121/428 kBProgress (2): 1.0/2.7 MB | 121/428 kBProgress (2): 1.0/2.7 MB | 123/428 kBProgress (2): 1.0/2.7 MB | 123/428 kBProgress (2): 1.0/2.7 MB | 126/428 kBProgress (2): 1.0/2.7 MB | 129/428 kBProgress (2): 1.0/2.7 MB | 129/428 kBProgress (2): 1.0/2.7 MB | 132/428 kBProgress (2): 1.0/2.7 MB | 134/428 kBProgress (2): 1.0/2.7 MB | 134/428 kBProgress (2): 1.0/2.7 MB | 137/428 kBProgress (2): 1.0/2.7 MB | 140/428 kBProgress (2): 1.1/2.7 MB | 140/428 kBProgress (2): 1.1/2.7 MB | 143/428 kBProgress (2): 1.1/2.7 MB | 145/428 kBProgress (2): 1.1/2.7 MB | 148/428 kBProgress (2): 1.1/2.7 MB | 148/428 kBProgress (2): 1.1/2.7 MB | 151/428 kBProgress (2): 1.1/2.7 MB | 151/428 kBProgress (2): 1.1/2.7 MB | 151/428 kBProgress (2): 1.1/2.7 MB | 154/428 kBProgress (3): 1.1/2.7 MB | 154/428 kB | 4.1/86 kBProgress (3): 1.1/2.7 MB | 154/428 kB | 8.2/86 kBProgress (3): 1.1/2.7 MB | 154/428 kB | 8.2/86 kBProgress (3): 1.1/2.7 MB | 154/428 kB | 12/86 kB Progress (3): 1.1/2.7 MB | 154/428 kB | 12/86 kBProgress (3): 1.1/2.7 MB | 154/428 kB | 16/86 kBProgress (3): 1.1/2.7 MB | 154/428 kB | 16/86 kBProgress (3): 1.1/2.7 MB | 154/428 kB | 20/86 kBProgress (3): 1.1/2.7 MB | 154/428 kB | 25/86 kBProgress (3): 1.2/2.7 MB | 154/428 kB | 25/86 kBProgress (3): 1.2/2.7 MB | 156/428 kB | 25/86 kBProgress (3): 1.2/2.7 MB | 159/428 kB | 25/86 kBProgress (3): 1.2/2.7 MB | 162/428 kB | 25/86 kBProgress (3): 1.2/2.7 MB | 162/428 kB | 29/86 kBProgress (3): 1.2/2.7 MB | 165/428 kB | 29/86 kBProgress (3): 1.2/2.7 MB | 167/428 kB | 29/86 kBProgress (3): 1.2/2.7 MB | 167/428 kB | 29/86 kBProgress (3): 1.2/2.7 MB | 167/428 kB | 33/86 kBProgress (3): 1.2/2.7 MB | 167/428 kB | 33/86 kBProgress (3): 1.2/2.7 MB | 167/428 kB | 37/86 kBProgress (3): 1.2/2.7 MB | 167/428 kB | 41/86 kBProgress (3): 1.2/2.7 MB | 167/428 kB | 45/86 kBProgress (3): 1.2/2.7 MB | 170/428 kB | 45/86 kBProgress (3): 1.2/2.7 MB | 170/428 kB | 49/86 kBProgress (3): 1.2/2.7 MB | 170/428 kB | 49/86 kBProgress (3): 1.2/2.7 MB | 173/428 kB | 49/86 kBProgress (3): 1.2/2.7 MB | 175/428 kB | 49/86 kBProgress (3): 1.2/2.7 MB | 175/428 kB | 53/86 kBProgress (3): 1.2/2.7 MB | 175/428 kB | 57/86 kBProgress (3): 1.2/2.7 MB | 178/428 kB | 57/86 kBProgress (3): 1.2/2.7 MB | 181/428 kB | 57/86 kBProgress (3): 1.2/2.7 MB | 181/428 kB | 61/86 kBProgress (3): 1.2/2.7 MB | 181/428 kB | 66/86 kBProgress (3): 1.2/2.7 MB | 184/428 kB | 66/86 kBProgress (3): 1.2/2.7 MB | 186/428 kB | 66/86 kBProgress (3): 1.2/2.7 MB | 189/428 kB | 66/86 kBProgress (3): 1.2/2.7 MB | 192/428 kB | 66/86 kBProgress (3): 1.2/2.7 MB | 195/428 kB | 66/86 kBProgress (3): 1.2/2.7 MB | 197/428 kB | 66/86 kBProgress (3): 1.2/2.7 MB | 197/428 kB | 66/86 kBProgress (3): 1.2/2.7 MB | 197/428 kB | 70/86 kBProgress (3): 1.2/2.7 MB | 197/428 kB | 74/86 kBProgress (3): 1.2/2.7 MB | 197/428 kB | 74/86 kBProgress (3): 1.2/2.7 MB | 197/428 kB | 78/86 kBProgress (3): 1.2/2.7 MB | 197/428 kB | 82/86 kBProgress (3): 1.3/2.7 MB | 197/428 kB | 82/86 kBProgress (3): 1.3/2.7 MB | 197/428 kB | 86 kB   Progress (3): 1.3/2.7 MB | 197/428 kB | 86 kBProgress (3): 1.3/2.7 MB | 200/428 kB | 86 kBProgress (3): 1.3/2.7 MB | 203/428 kB | 86 kBProgress (3): 1.3/2.7 MB | 206/428 kB | 86 kBProgress (3): 1.3/2.7 MB | 208/428 kB | 86 kBProgress (3): 1.3/2.7 MB | 211/428 kB | 86 kBProgress (3): 1.3/2.7 MB | 214/428 kB | 86 kBProgress (3): 1.3/2.7 MB | 217/428 kB | 86 kBProgress (3): 1.3/2.7 MB | 217/428 kB | 86 kBProgress (3): 1.3/2.7 MB | 219/428 kB | 86 kBProgress (3): 1.3/2.7 MB | 222/428 kB | 86 kBProgress (3): 1.3/2.7 MB | 225/428 kB | 86 kBProgress (3): 1.3/2.7 MB | 228/428 kB | 86 kBProgress (3): 1.3/2.7 MB | 230/428 kB | 86 kBProgress (3): 1.3/2.7 MB | 230/428 kB | 86 kBProgress (3): 1.3/2.7 MB | 233/428 kB | 86 kBProgress (3): 1.3/2.7 MB | 236/428 kB | 86 kBProgress (3): 1.3/2.7 MB | 239/428 kB | 86 kBProgress (3): 1.3/2.7 MB | 241/428 kB | 86 kBProgress (3): 1.3/2.7 MB | 244/428 kB | 86 kBProgress (3): 1.3/2.7 MB | 247/428 kB | 86 kBProgress (3): 1.3/2.7 MB | 247/428 kB | 86 kBProgress (3): 1.3/2.7 MB | 250/428 kB | 86 kBProgress (3): 1.3/2.7 MB | 252/428 kB | 86 kBProgress (3): 1.3/2.7 MB | 255/428 kB | 86 kBProgress (3): 1.3/2.7 MB | 258/428 kB | 86 kBProgress (3): 1.3/2.7 MB | 258/428 kB | 86 kBProgress (3): 1.3/2.7 MB | 260/428 kB | 86 kBProgress (3): 1.3/2.7 MB | 263/428 kB | 86 kBProgress (3): 1.3/2.7 MB | 266/428 kB | 86 kBProgress (3): 1.3/2.7 MB | 269/428 kB | 86 kBProgress (3): 1.3/2.7 MB | 271/428 kB | 86 kBProgress (3): 1.3/2.7 MB | 274/428 kB | 86 kBProgress (3): 1.4/2.7 MB | 274/428 kB | 86 kBProgress (3): 1.4/2.7 MB | 277/428 kB | 86 kBProgress (3): 1.4/2.7 MB | 280/428 kB | 86 kBProgress (3): 1.4/2.7 MB | 282/428 kB | 86 kBProgress (3): 1.4/2.7 MB | 285/428 kB | 86 kBProgress (3): 1.4/2.7 MB | 288/428 kB | 86 kBProgress (3): 1.4/2.7 MB | 291/428 kB | 86 kBProgress (3): 1.4/2.7 MB | 293/428 kB | 86 kBProgress (3): 1.4/2.7 MB | 296/428 kB | 86 kBProgress (3): 1.4/2.7 MB | 299/428 kB | 86 kBProgress (3): 1.4/2.7 MB | 302/428 kB | 86 kBProgress (3): 1.4/2.7 MB | 304/428 kB | 86 kBProgress (3): 1.4/2.7 MB | 307/428 kB | 86 kBProgress (3): 1.4/2.7 MB | 310/428 kB | 86 kBProgress (3): 1.4/2.7 MB | 313/428 kB | 86 kBProgress (3): 1.4/2.7 MB | 315/428 kB | 86 kBProgress (3): 1.4/2.7 MB | 318/428 kB | 86 kBProgress (3): 1.4/2.7 MB | 321/428 kB | 86 kBProgress (3): 1.4/2.7 MB | 324/428 kB | 86 kBProgress (3): 1.4/2.7 MB | 326/428 kB | 86 kBProgress (3): 1.4/2.7 MB | 329/428 kB | 86 kBProgress (3): 1.4/2.7 MB | 329/428 kB | 86 kBProgress (3): 1.4/2.7 MB | 332/428 kB | 86 kBProgress (3): 1.4/2.7 MB | 335/428 kB | 86 kBProgress (3): 1.4/2.7 MB | 335/428 kB | 86 kBProgress (3): 1.4/2.7 MB | 337/428 kB | 86 kBProgress (3): 1.4/2.7 MB | 340/428 kB | 86 kBProgress (3): 1.4/2.7 MB | 340/428 kB | 86 kBProgress (3): 1.4/2.7 MB | 343/428 kB | 86 kBProgress (3): 1.4/2.7 MB | 345/428 kB | 86 kBProgress (3): 1.4/2.7 MB | 348/428 kB | 86 kBProgress (3): 1.4/2.7 MB | 348/428 kB | 86 kBProgress (3): 1.4/2.7 MB | 351/428 kB | 86 kBProgress (3): 1.4/2.7 MB | 354/428 kB | 86 kBProgress (3): 1.4/2.7 MB | 356/428 kB | 86 kBProgress (3): 1.4/2.7 MB | 356/428 kB | 86 kBProgress (3): 1.4/2.7 MB | 359/428 kB | 86 kBProgress (3): 1.4/2.7 MB | 362/428 kB | 86 kBProgress (3): 1.4/2.7 MB | 365/428 kB | 86 kBProgress (3): 1.4/2.7 MB | 367/428 kB | 86 kBProgress (3): 1.5/2.7 MB | 367/428 kB | 86 kBProgress (3): 1.5/2.7 MB | 370/428 kB | 86 kBProgress (3): 1.5/2.7 MB | 373/428 kB | 86 kBProgress (3): 1.5/2.7 MB | 376/428 kB | 86 kBProgress (3): 1.5/2.7 MB | 378/428 kB | 86 kBProgress (3): 1.5/2.7 MB | 378/428 kB | 86 kBProgress (3): 1.5/2.7 MB | 381/428 kB | 86 kBProgress (3): 1.5/2.7 MB | 384/428 kB | 86 kBProgress (3): 1.5/2.7 MB | 387/428 kB | 86 kB                                             Downloaded from central: https://repo.maven.apache.org/maven2/com/squareup/okio/okio/1.14.0/okio-1.14.0.jar (86 kB at 53 kB/s)
Progress (2): 1.5/2.7 MB | 387/428 kBProgress (2): 1.5/2.7 MB | 389/428 kBProgress (2): 1.5/2.7 MB | 392/428 kBProgress (2): 1.5/2.7 MB | 395/428 kBProgress (2): 1.5/2.7 MB | 398/428 kBProgress (2): 1.5/2.7 MB | 400/428 kBProgress (2): 1.5/2.7 MB | 403/428 kBProgress (2): 1.5/2.7 MB | 406/428 kBProgress (2): 1.5/2.7 MB | 409/428 kBProgress (2): 1.5/2.7 MB | 409/428 kBProgress (2): 1.5/2.7 MB | 411/428 kBProgress (2): 1.5/2.7 MB | 414/428 kBProgress (2): 1.5/2.7 MB | 417/428 kBProgress (2): 1.5/2.7 MB | 417/428 kBProgress (2): 1.5/2.7 MB | 420/428 kBProgress (2): 1.5/2.7 MB | 422/428 kBProgress (2): 1.5/2.7 MB | 425/428 kBProgress (2): 1.5/2.7 MB | 428/428 kBProgress (2): 1.5/2.7 MB | 428 kB    Progress (2): 1.5/2.7 MB | 428 kBProgress (2): 1.6/2.7 MB | 428 kBProgress (2): 1.6/2.7 MB | 428 kBProgress (2): 1.6/2.7 MB | 428 kBProgress (2): 1.6/2.7 MB | 428 kBProgress (2): 1.6/2.7 MB | 428 kBProgress (2): 1.6/2.7 MB | 428 kBProgress (2): 1.7/2.7 MB | 428 kBProgress (2): 1.7/2.7 MB | 428 kB                                 Downloaded from central: https://repo.maven.apache.org/maven2/com/squareup/okhttp3/okhttp/3.14.6/okhttp-3.14.6.jar (428 kB at 254 kB/s)
Progress (1): 1.7/2.7 MBProgress (1): 1.7/2.7 MBProgress (1): 1.7/2.7 MBProgress (1): 1.7/2.7 MBProgress (1): 1.8/2.7 MBProgress (1): 1.8/2.7 MBProgress (1): 1.8/2.7 MBProgress (1): 1.8/2.7 MBProgress (1): 1.8/2.7 MBProgress (1): 1.8/2.7 MBProgress (1): 1.8/2.7 MBProgress (1): 1.9/2.7 MBProgress (1): 1.9/2.7 MBProgress (1): 1.9/2.7 MBProgress (1): 1.9/2.7 MBProgress (1): 1.9/2.7 MBProgress (1): 1.9/2.7 MBProgress (1): 2.0/2.7 MBProgress (1): 2.0/2.7 MBProgress (1): 2.0/2.7 MBProgress (1): 2.0/2.7 MBProgress (1): 2.0/2.7 MBProgress (1): 2.0/2.7 MBProgress (1): 2.1/2.7 MBProgress (1): 2.1/2.7 MBProgress (1): 2.1/2.7 MBProgress (1): 2.1/2.7 MBProgress (1): 2.1/2.7 MBProgress (1): 2.1/2.7 MBProgress (1): 2.2/2.7 MBProgress (1): 2.2/2.7 MBProgress (1): 2.2/2.7 MBProgress (1): 2.2/2.7 MBProgress (1): 2.2/2.7 MBProgress (1): 2.2/2.7 MBProgress (1): 2.3/2.7 MBProgress (1): 2.3/2.7 MBProgress (1): 2.3/2.7 MBProgress (1): 2.3/2.7 MBProgress (1): 2.3/2.7 MBProgress (1): 2.3/2.7 MBProgress (1): 2.4/2.7 MBProgress (1): 2.4/2.7 MBProgress (1): 2.4/2.7 MBProgress (1): 2.4/2.7 MBProgress (1): 2.4/2.7 MBProgress (1): 2.4/2.7 MBProgress (1): 2.4/2.7 MBProgress (1): 2.5/2.7 MBProgress (1): 2.5/2.7 MBProgress (1): 2.5/2.7 MBProgress (1): 2.5/2.7 MBProgress (1): 2.5/2.7 MBProgress (1): 2.5/2.7 MBProgress (1): 2.6/2.7 MBProgress (1): 2.6/2.7 MBProgress (1): 2.6/2.7 MBProgress (1): 2.6/2.7 MBProgress (1): 2.6/2.7 MBProgress (1): 2.6/2.7 MBProgress (1): 2.7/2.7 MBProgress (1): 2.7/2.7 MBProgress (1): 2.7/2.7 MBProgress (1): 2.7/2.7 MBProgress (1): 2.7/2.7 MBProgress (1): 2.7 MB                        Downloaded from central: https://repo.maven.apache.org/maven2/com/google/guava/guava/25.0-jre/guava-25.0-jre.jar (2.7 MB at 1.4 MB/s)
[INFO] 
[8mha:////4PRCpn6XcV9g+oAJChoZw9qLtPSpd8uqSEtYylNrqQRqAAAAYB+LCAAAAAAAAP9b85aBtbiIQSmjNKU4P0+vJLE4u1gvPjexLDVPzxdEGvvmZ+X75Zek2mxOX+vh68DGxMBQUcQgBdWQnJ9XnJ+TqucMoUEKGSCAEaSwAAAn9LoiYAAAAA==[0m[INFO] --- maven-clean-plugin:3.1.0:clean (default-clean) @ panda ---
[INFO] Deleting /var/jenkins_home/workspace/CodePull/target
[INFO] 
[8mha:////4PRCpn6XcV9g+oAJChoZw9qLtPSpd8uqSEtYylNrqQRqAAAAYB+LCAAAAAAAAP9b85aBtbiIQSmjNKU4P0+vJLE4u1gvPjexLDVPzxdEGvvmZ+X75Zek2mxOX+vh68DGxMBQUcQgBdWQnJ9XnJ+TqucMoUEKGSCAEaSwAAAn9LoiYAAAAA==[0m[INFO] --- maven-resources-plugin:3.1.0:resources (default-resources) @ panda ---
[INFO] Using 'UTF-8' encoding to copy filtered resources.
[INFO] Copying 1 resource
[INFO] Copying 2 resources
[INFO] 
[8mha:////4PRCpn6XcV9g+oAJChoZw9qLtPSpd8uqSEtYylNrqQRqAAAAYB+LCAAAAAAAAP9b85aBtbiIQSmjNKU4P0+vJLE4u1gvPjexLDVPzxdEGvvmZ+X75Zek2mxOX+vh68DGxMBQUcQgBdWQnJ9XnJ+TqucMoUEKGSCAEaSwAAAn9LoiYAAAAA==[0m[INFO] --- maven-compiler-plugin:3.8.1:compile (default-compile) @ panda ---
[INFO] Changes detected - recompiling the module!
[INFO] Compiling 2 source files to /var/jenkins_home/workspace/CodePull/target/classes
[INFO] 
[8mha:////4PRCpn6XcV9g+oAJChoZw9qLtPSpd8uqSEtYylNrqQRqAAAAYB+LCAAAAAAAAP9b85aBtbiIQSmjNKU4P0+vJLE4u1gvPjexLDVPzxdEGvvmZ+X75Zek2mxOX+vh68DGxMBQUcQgBdWQnJ9XnJ+TqucMoUEKGSCAEaSwAAAn9LoiYAAAAA==[0m[INFO] --- maven-compiler-plugin:3.8.1:compile (default) @ panda ---
[INFO] Changes detected - recompiling the module!
[INFO] Compiling 2 source files to /var/jenkins_home/workspace/CodePull/target/classes
[INFO] 
[8mha:////4PRCpn6XcV9g+oAJChoZw9qLtPSpd8uqSEtYylNrqQRqAAAAYB+LCAAAAAAAAP9b85aBtbiIQSmjNKU4P0+vJLE4u1gvPjexLDVPzxdEGvvmZ+X75Zek2mxOX+vh68DGxMBQUcQgBdWQnJ9XnJ+TqucMoUEKGSCAEaSwAAAn9LoiYAAAAA==[0m[INFO] --- maven-resources-plugin:3.1.0:testResources (default-testResources) @ panda ---
[INFO] Using 'UTF-8' encoding to copy filtered resources.
[INFO] skip non existing resourceDirectory /var/jenkins_home/workspace/CodePull/src/test/resources
[INFO] 
[8mha:////4PRCpn6XcV9g+oAJChoZw9qLtPSpd8uqSEtYylNrqQRqAAAAYB+LCAAAAAAAAP9b85aBtbiIQSmjNKU4P0+vJLE4u1gvPjexLDVPzxdEGvvmZ+X75Zek2mxOX+vh68DGxMBQUcQgBdWQnJ9XnJ+TqucMoUEKGSCAEaSwAAAn9LoiYAAAAA==[0m[INFO] --- maven-compiler-plugin:3.8.1:testCompile (default-testCompile) @ panda ---
[INFO] Changes detected - recompiling the module!
[INFO] Compiling 3 source files to /var/jenkins_home/workspace/CodePull/target/test-classes
[INFO] 
[8mha:////4PRCpn6XcV9g+oAJChoZw9qLtPSpd8uqSEtYylNrqQRqAAAAYB+LCAAAAAAAAP9b85aBtbiIQSmjNKU4P0+vJLE4u1gvPjexLDVPzxdEGvvmZ+X75Zek2mxOX+vh68DGxMBQUcQgBdWQnJ9XnJ+TqucMoUEKGSCAEaSwAAAn9LoiYAAAAA==[0m[INFO] --- maven-surefire-plugin:2.22.2:test (default-test) @ panda ---
[INFO] 
[INFO] -------------------------------------------------------
[INFO]  T E S T S
[INFO] -------------------------------------------------------
[INFO] Running pl.pandait.panda.PandaApplicationTest
13:41:04.381 [main] DEBUG org.springframework.test.context.BootstrapUtils - Instantiating CacheAwareContextLoaderDelegate from class [org.springframework.test.context.cache.DefaultCacheAwareContextLoaderDelegate]
13:41:04.422 [main] DEBUG org.springframework.test.context.BootstrapUtils - Instantiating BootstrapContext using constructor [public org.springframework.test.context.support.DefaultBootstrapContext(java.lang.Class,org.springframework.test.context.CacheAwareContextLoaderDelegate)]
13:41:04.576 [main] DEBUG org.springframework.test.context.BootstrapUtils - Instantiating TestContextBootstrapper for test class [pl.pandait.panda.PandaApplicationTest] from class [org.springframework.boot.test.context.SpringBootTestContextBootstrapper]
13:41:04.649 [main] INFO org.springframework.boot.test.context.SpringBootTestContextBootstrapper - Neither @ContextConfiguration nor @ContextHierarchy found for test class [pl.pandait.panda.PandaApplicationTest], using SpringBootContextLoader
13:41:04.684 [main] DEBUG org.springframework.test.context.support.AbstractContextLoader - Did not detect default resource location for test class [pl.pandait.panda.PandaApplicationTest]: class path resource [pl/pandait/panda/PandaApplicationTest-context.xml] does not exist
13:41:04.695 [main] DEBUG org.springframework.test.context.support.AbstractContextLoader - Did not detect default resource location for test class [pl.pandait.panda.PandaApplicationTest]: class path resource [pl/pandait/panda/PandaApplicationTestContext.groovy] does not exist
13:41:04.697 [main] INFO org.springframework.test.context.support.AbstractContextLoader - Could not detect default resource locations for test class [pl.pandait.panda.PandaApplicationTest]: no resource found for suffixes {-context.xml, Context.groovy}.
13:41:04.705 [main] INFO org.springframework.test.context.support.AnnotationConfigContextLoaderUtils - Could not detect default configuration classes for test class [pl.pandait.panda.PandaApplicationTest]: PandaApplicationTest does not declare any static, non-private, non-final, nested classes annotated with @Configuration.
13:41:04.904 [main] DEBUG org.springframework.test.context.support.ActiveProfilesUtils - Could not find an 'annotation declaring class' for annotation type [org.springframework.test.context.ActiveProfiles] and class [pl.pandait.panda.PandaApplicationTest]
13:41:05.253 [main] DEBUG org.springframework.context.annotation.ClassPathScanningCandidateComponentProvider - Identified candidate component class: file [/var/jenkins_home/workspace/CodePull/target/classes/pl/pandait/panda/PandaApplication.class]
13:41:05.257 [main] INFO org.springframework.boot.test.context.SpringBootTestContextBootstrapper - Found @SpringBootConfiguration pl.pandait.panda.PandaApplication for test class pl.pandait.panda.PandaApplicationTest
13:41:05.724 [main] DEBUG org.springframework.boot.test.context.SpringBootTestContextBootstrapper - @TestExecutionListeners is not present for class [pl.pandait.panda.PandaApplicationTest]: using defaults.
13:41:05.729 [main] INFO org.springframework.boot.test.context.SpringBootTestContextBootstrapper - Loaded default TestExecutionListener class names from location [META-INF/spring.factories]: [org.springframework.boot.test.mock.mockito.MockitoTestExecutionListener, org.springframework.boot.test.mock.mockito.ResetMocksTestExecutionListener, org.springframework.boot.test.autoconfigure.restdocs.RestDocsTestExecutionListener, org.springframework.boot.test.autoconfigure.web.client.MockRestServiceServerResetTestExecutionListener, org.springframework.boot.test.autoconfigure.web.servlet.MockMvcPrintOnlyOnFailureTestExecutionListener, org.springframework.boot.test.autoconfigure.web.servlet.WebDriverTestExecutionListener, org.springframework.test.context.web.ServletTestExecutionListener, org.springframework.test.context.support.DirtiesContextBeforeModesTestExecutionListener, org.springframework.test.context.support.DependencyInjectionTestExecutionListener, org.springframework.test.context.support.DirtiesContextTestExecutionListener, org.springframework.test.context.transaction.TransactionalTestExecutionListener, org.springframework.test.context.jdbc.SqlScriptsTestExecutionListener, org.springframework.test.context.event.EventPublishingTestExecutionListener]
13:41:05.775 [main] DEBUG org.springframework.boot.test.context.SpringBootTestContextBootstrapper - Skipping candidate TestExecutionListener [org.springframework.test.context.transaction.TransactionalTestExecutionListener] due to a missing dependency. Specify custom listener classes or make the default listener classes and their required dependencies available. Offending class: [org/springframework/transaction/interceptor/TransactionAttributeSource]
13:41:05.778 [main] DEBUG org.springframework.boot.test.context.SpringBootTestContextBootstrapper - Skipping candidate TestExecutionListener [org.springframework.test.context.jdbc.SqlScriptsTestExecutionListener] due to a missing dependency. Specify custom listener classes or make the default listener classes and their required dependencies available. Offending class: [org/springframework/transaction/interceptor/TransactionAttribute]
13:41:05.780 [main] INFO org.springframework.boot.test.context.SpringBootTestContextBootstrapper - Using TestExecutionListeners: [org.springframework.test.context.web.ServletTestExecutionListener@23fb172e, org.springframework.test.context.support.DirtiesContextBeforeModesTestExecutionListener@64ba3208, org.springframework.boot.test.mock.mockito.MockitoTestExecutionListener@158a3b2e, org.springframework.boot.test.autoconfigure.SpringBootDependencyInjectionTestExecutionListener@25a6944c, org.springframework.test.context.support.DirtiesContextTestExecutionListener@5e1fa5b1, org.springframework.test.context.event.EventPublishingTestExecutionListener@6b00f608, org.springframework.boot.test.mock.mockito.ResetMocksTestExecutionListener@2f17e30d, org.springframework.boot.test.autoconfigure.restdocs.RestDocsTestExecutionListener@3e821657, org.springframework.boot.test.autoconfigure.web.client.MockRestServiceServerResetTestExecutionListener@1d131e1b, org.springframework.boot.test.autoconfigure.web.servlet.MockMvcPrintOnlyOnFailureTestExecutionListener@71cf1b07, org.springframework.boot.test.autoconfigure.web.servlet.WebDriverTestExecutionListener@615091b8]
13:41:05.792 [main] DEBUG org.springframework.test.context.support.AbstractDirtiesContextTestExecutionListener - Before test class: context [DefaultTestContext@23bff419 testClass = PandaApplicationTest, testInstance = [null], testMethod = [null], testException = [null], mergedContextConfiguration = [WebMergedContextConfiguration@4983159f testClass = PandaApplicationTest, locations = '{}', classes = '{class pl.pandait.panda.PandaApplication}', contextInitializerClasses = '[]', activeProfiles = '{}', propertySourceLocations = '{}', propertySourceProperties = '{org.springframework.boot.test.context.SpringBootTestContextBootstrapper=true}', contextCustomizers = set[org.springframework.boot.test.context.filter.ExcludeFilterContextCustomizer@222a59e6, org.springframework.boot.test.json.DuplicateJsonObjectContextCustomizerFactory$DuplicateJsonObjectContextCustomizer@3e62d773, org.springframework.boot.test.mock.mockito.MockitoContextCustomizer@0, org.springframework.boot.test.web.client.TestRestTemplateContextCustomizer@1ebea008, org.springframework.boot.test.autoconfigure.properties.PropertyMappingContextCustomizer@0, org.springframework.boot.test.autoconfigure.web.servlet.WebDriverContextCustomizerFactory$Customizer@74f6c5d8], resourceBasePath = 'src/main/webapp', contextLoader = 'org.springframework.boot.test.context.SpringBootContextLoader', parent = [null]], attributes = map['org.springframework.test.context.web.ServletTestExecutionListener.activateListener' -> true]], class annotated with @DirtiesContext [false] with mode [null].
13:41:05.961 [main] DEBUG org.springframework.test.context.support.TestPropertySourceUtils - Adding inlined properties to environment: {spring.jmx.enabled=false, org.springframework.boot.test.context.SpringBootTestContextBootstrapper=true, server.port=-1}

  .   ____          _            __ _ _
 /\\ / ___'_ __ _ _(_)_ __  __ _ \ \ \ \
( ( )\___ | '_ | '_| | '_ \/ _` | \ \ \ \
 \\/  ___)| |_)| | | | | || (_| |  ) ) ) )
  '  |____| .__|_| |_|_| |_\__, | / / / /
 =========|_|==============|___/=/_/_/_/
 :: Spring Boot ::        (v2.2.4.RELEASE)

2021-06-14 13:41:08.450  INFO 916 --- [           main] pl.pandait.panda.PandaApplicationTest    : Starting PandaApplicationTest on 07b545ee4aa7 with PID 916 (started by jenkins in /var/jenkins_home/workspace/CodePull)
2021-06-14 13:41:08.458  INFO 916 --- [           main] pl.pandait.panda.PandaApplicationTest    : No active profile set, falling back to default profiles: default
2021-06-14 13:41:13.504  INFO 916 --- [           main] o.s.s.concurrent.ThreadPoolTaskExecutor  : Initializing ExecutorService 'applicationTaskExecutor'
2021-06-14 13:41:13.744  INFO 916 --- [           main] o.s.b.a.w.s.WelcomePageHandlerMapping    : Adding welcome page: class path resource [static/index.html]
2021-06-14 13:41:14.603  INFO 916 --- [           main] pl.pandait.panda.PandaApplicationTest    : Started PandaApplicationTest in 8.595 seconds (JVM running for 13.735)
[INFO] Tests run: 1, Failures: 0, Errors: 0, Skipped: 0, Time elapsed: 13.05 s - in pl.pandait.panda.PandaApplicationTest
[INFO] Running pl.pandait.panda.HelloControllerTest
2021-06-14 13:41:16.741  INFO 916 --- [           main] .b.t.c.SpringBootTestContextBootstrapper : Neither @ContextConfiguration nor @ContextHierarchy found for test class [pl.pandait.panda.HelloControllerTest], using SpringBootContextLoader
2021-06-14 13:41:16.743  INFO 916 --- [           main] o.s.t.c.support.AbstractContextLoader    : Could not detect default resource locations for test class [pl.pandait.panda.HelloControllerTest]: no resource found for suffixes {-context.xml, Context.groovy}.
2021-06-14 13:41:16.744  INFO 916 --- [           main] t.c.s.AnnotationConfigContextLoaderUtils : Could not detect default configuration classes for test class [pl.pandait.panda.HelloControllerTest]: HelloControllerTest does not declare any static, non-private, non-final, nested classes annotated with @Configuration.
2021-06-14 13:41:16.756  INFO 916 --- [           main] .b.t.c.SpringBootTestContextBootstrapper : Found @SpringBootConfiguration pl.pandait.panda.PandaApplication for test class pl.pandait.panda.HelloControllerTest
2021-06-14 13:41:16.760  INFO 916 --- [           main] .b.t.c.SpringBootTestContextBootstrapper : Loaded default TestExecutionListener class names from location [META-INF/spring.factories]: [org.springframework.boot.test.mock.mockito.MockitoTestExecutionListener, org.springframework.boot.test.mock.mockito.ResetMocksTestExecutionListener, org.springframework.boot.test.autoconfigure.restdocs.RestDocsTestExecutionListener, org.springframework.boot.test.autoconfigure.web.client.MockRestServiceServerResetTestExecutionListener, org.springframework.boot.test.autoconfigure.web.servlet.MockMvcPrintOnlyOnFailureTestExecutionListener, org.springframework.boot.test.autoconfigure.web.servlet.WebDriverTestExecutionListener, org.springframework.test.context.web.ServletTestExecutionListener, org.springframework.test.context.support.DirtiesContextBeforeModesTestExecutionListener, org.springframework.test.context.support.DependencyInjectionTestExecutionListener, org.springframework.test.context.support.DirtiesContextTestExecutionListener, org.springframework.test.context.transaction.TransactionalTestExecutionListener, org.springframework.test.context.jdbc.SqlScriptsTestExecutionListener, org.springframework.test.context.event.EventPublishingTestExecutionListener]
2021-06-14 13:41:16.763  INFO 916 --- [           main] .b.t.c.SpringBootTestContextBootstrapper : Using TestExecutionListeners: [org.springframework.test.context.web.ServletTestExecutionListener@3b9ac754, org.springframework.test.context.support.DirtiesContextBeforeModesTestExecutionListener@5e002356, org.springframework.boot.test.mock.mockito.MockitoTestExecutionListener@4f820f42, org.springframework.boot.test.autoconfigure.SpringBootDependencyInjectionTestExecutionListener@4b325930, org.springframework.test.context.support.DirtiesContextTestExecutionListener@267f9765, org.springframework.test.context.event.EventPublishingTestExecutionListener@79ba0a6f, org.springframework.boot.test.mock.mockito.ResetMocksTestExecutionListener@261de205, org.springframework.boot.test.autoconfigure.restdocs.RestDocsTestExecutionListener@7f3fc42f, org.springframework.boot.test.autoconfigure.web.client.MockRestServiceServerResetTestExecutionListener@25a1a012, org.springframework.boot.test.autoconfigure.web.servlet.MockMvcPrintOnlyOnFailureTestExecutionListener@ce12fbb, org.springframework.boot.test.autoconfigure.web.servlet.WebDriverTestExecutionListener@4525e9e8]

  .   ____          _            __ _ _
 /\\ / ___'_ __ _ _(_)_ __  __ _ \ \ \ \
( ( )\___ | '_ | '_| | '_ \/ _` | \ \ \ \
 \\/  ___)| |_)| | | | | || (_| |  ) ) ) )
  '  |____| .__|_| |_|_| |_\__, | / / / /
 =========|_|==============|___/=/_/_/_/
 :: Spring Boot ::        (v2.2.4.RELEASE)

2021-06-14 13:41:16.883  INFO 916 --- [           main] pl.pandait.panda.HelloControllerTest     : Starting HelloControllerTest on 07b545ee4aa7 with PID 916 (started by jenkins in /var/jenkins_home/workspace/CodePull)
2021-06-14 13:41:16.887  INFO 916 --- [           main] pl.pandait.panda.HelloControllerTest     : No active profile set, falling back to default profiles: default
2021-06-14 13:41:18.343  INFO 916 --- [           main] o.s.b.w.embedded.tomcat.TomcatWebServer  : Tomcat initialized with port(s): 0 (http)
2021-06-14 13:41:18.375  INFO 916 --- [           main] o.apache.catalina.core.StandardService   : Starting service [Tomcat]
2021-06-14 13:41:18.376  INFO 916 --- [           main] org.apache.catalina.core.StandardEngine  : Starting Servlet engine: [Apache Tomcat/9.0.30]
2021-06-14 13:41:18.757  INFO 916 --- [           main] o.a.c.c.C.[Tomcat].[localhost].[/]       : Initializing Spring embedded WebApplicationContext
2021-06-14 13:41:18.758  INFO 916 --- [           main] o.s.web.context.ContextLoader            : Root WebApplicationContext: initialization completed in 1829 ms
2021-06-14 13:41:19.156  INFO 916 --- [           main] o.s.s.concurrent.ThreadPoolTaskExecutor  : Initializing ExecutorService 'applicationTaskExecutor'
2021-06-14 13:41:19.236  INFO 916 --- [           main] o.s.b.a.w.s.WelcomePageHandlerMapping    : Adding welcome page: class path resource [static/index.html]
2021-06-14 13:41:20.347  INFO 916 --- [           main] o.s.b.w.embedded.tomcat.TomcatWebServer  : Tomcat started on port(s): 37221 (http) with context path ''
2021-06-14 13:41:20.350  INFO 916 --- [           main] pl.pandait.panda.HelloControllerTest     : Started HelloControllerTest in 3.58 seconds (JVM running for 19.483)
2021-06-14 13:41:20.453  INFO 916 --- [           main] o.s.mock.web.MockServletContext          : Initializing Spring TestDispatcherServlet ''
2021-06-14 13:41:20.454  INFO 916 --- [           main] o.s.t.web.servlet.TestDispatcherServlet  : Initializing Servlet ''
2021-06-14 13:41:20.462  INFO 916 --- [           main] o.s.t.web.servlet.TestDispatcherServlet  : Completed initialization in 1 ms
[INFO] Tests run: 1, Failures: 0, Errors: 0, Skipped: 0, Time elapsed: 3.713 s - in pl.pandait.panda.HelloControllerTest
2021-06-14 13:41:20.661  INFO 916 --- [extShutdownHook] o.s.s.concurrent.ThreadPoolTaskExecutor  : Shutting down ExecutorService 'applicationTaskExecutor'
2021-06-14 13:41:20.670  INFO 916 --- [extShutdownHook] o.s.s.concurrent.ThreadPoolTaskExecutor  : Shutting down ExecutorService 'applicationTaskExecutor'
[INFO] 
[INFO] Results:
[INFO] 
[INFO] Tests run: 2, Failures: 0, Errors: 0, Skipped: 0
[INFO] 
[INFO] 
[8mha:////4PRCpn6XcV9g+oAJChoZw9qLtPSpd8uqSEtYylNrqQRqAAAAYB+LCAAAAAAAAP9b85aBtbiIQSmjNKU4P0+vJLE4u1gvPjexLDVPzxdEGvvmZ+X75Zek2mxOX+vh68DGxMBQUcQgBdWQnJ9XnJ+TqucMoUEKGSCAEaSwAAAn9LoiYAAAAA==[0m[INFO] --- maven-surefire-plugin:2.22.2:test (default) @ panda ---
[INFO] Skipping execution of surefire because it has already been run for this configuration
[INFO] 
[8mha:////4PRCpn6XcV9g+oAJChoZw9qLtPSpd8uqSEtYylNrqQRqAAAAYB+LCAAAAAAAAP9b85aBtbiIQSmjNKU4P0+vJLE4u1gvPjexLDVPzxdEGvvmZ+X75Zek2mxOX+vh68DGxMBQUcQgBdWQnJ9XnJ+TqucMoUEKGSCAEaSwAAAn9LoiYAAAAA==[0m[INFO] --- maven-jar-plugin:3.1.2:jar (default-jar) @ panda ---
[INFO] Building jar: /var/jenkins_home/workspace/CodePull/target/panda-0.0.1.jar
[INFO] 
[8mha:////4PRCpn6XcV9g+oAJChoZw9qLtPSpd8uqSEtYylNrqQRqAAAAYB+LCAAAAAAAAP9b85aBtbiIQSmjNKU4P0+vJLE4u1gvPjexLDVPzxdEGvvmZ+X75Zek2mxOX+vh68DGxMBQUcQgBdWQnJ9XnJ+TqucMoUEKGSCAEaSwAAAn9LoiYAAAAA==[0m[INFO] --- spring-boot-maven-plugin:2.2.4.RELEASE:repackage (repackage) @ panda ---
[INFO] Replacing main artifact with repackaged archive
[INFO] 
[8mha:////4PRCpn6XcV9g+oAJChoZw9qLtPSpd8uqSEtYylNrqQRqAAAAYB+LCAAAAAAAAP9b85aBtbiIQSmjNKU4P0+vJLE4u1gvPjexLDVPzxdEGvvmZ+X75Zek2mxOX+vh68DGxMBQUcQgBdWQnJ9XnJ+TqucMoUEKGSCAEaSwAAAn9LoiYAAAAA==[0m[INFO] --- maven-install-plugin:2.5.2:install (default-install) @ panda ---
[INFO] Installing /var/jenkins_home/workspace/CodePull/target/panda-0.0.1.jar to /var/jenkins_home/.m2/repository/pl/pandait/panda/0.0.1/panda-0.0.1.jar
[INFO] Installing /var/jenkins_home/workspace/CodePull/pom.xml to /var/jenkins_home/.m2/repository/pl/pandait/panda/0.0.1/panda-0.0.1.pom
[INFO] ------------------------------------------------------------------------
[INFO] BUILD SUCCESS
[INFO] ------------------------------------------------------------------------
[INFO] Total time:  43.911 s
[INFO] Finished at: 2021-06-14T13:41:24Z
[INFO] ------------------------------------------------------------------------
[CodePull] $ /var/jenkins_home/tools/hudson.tasks.Maven_MavenInstallation/m3/bin/mvn test -Pselenium
[INFO] Scanning for projects...
[INFO] 
[INFO] --------------------------< pl.pandait:panda >--------------------------
[INFO] Building panda 0.0.1
[INFO] --------------------------------[ jar ]---------------------------------
[INFO] 
[8mha:////4PRCpn6XcV9g+oAJChoZw9qLtPSpd8uqSEtYylNrqQRqAAAAYB+LCAAAAAAAAP9b85aBtbiIQSmjNKU4P0+vJLE4u1gvPjexLDVPzxdEGvvmZ+X75Zek2mxOX+vh68DGxMBQUcQgBdWQnJ9XnJ+TqucMoUEKGSCAEaSwAAAn9LoiYAAAAA==[0m[INFO] --- maven-resources-plugin:3.1.0:resources (default-resources) @ panda ---
[INFO] Using 'UTF-8' encoding to copy filtered resources.
[INFO] Copying 1 resource
[INFO] Copying 2 resources
[INFO] 
[8mha:////4PRCpn6XcV9g+oAJChoZw9qLtPSpd8uqSEtYylNrqQRqAAAAYB+LCAAAAAAAAP9b85aBtbiIQSmjNKU4P0+vJLE4u1gvPjexLDVPzxdEGvvmZ+X75Zek2mxOX+vh68DGxMBQUcQgBdWQnJ9XnJ+TqucMoUEKGSCAEaSwAAAn9LoiYAAAAA==[0m[INFO] --- maven-compiler-plugin:3.8.1:compile (default-compile) @ panda ---
[INFO] Nothing to compile - all classes are up to date
[INFO] 
[8mha:////4PRCpn6XcV9g+oAJChoZw9qLtPSpd8uqSEtYylNrqQRqAAAAYB+LCAAAAAAAAP9b85aBtbiIQSmjNKU4P0+vJLE4u1gvPjexLDVPzxdEGvvmZ+X75Zek2mxOX+vh68DGxMBQUcQgBdWQnJ9XnJ+TqucMoUEKGSCAEaSwAAAn9LoiYAAAAA==[0m[INFO] --- maven-compiler-plugin:3.8.1:compile (default) @ panda ---
[INFO] Nothing to compile - all classes are up to date
[INFO] 
[8mha:////4PRCpn6XcV9g+oAJChoZw9qLtPSpd8uqSEtYylNrqQRqAAAAYB+LCAAAAAAAAP9b85aBtbiIQSmjNKU4P0+vJLE4u1gvPjexLDVPzxdEGvvmZ+X75Zek2mxOX+vh68DGxMBQUcQgBdWQnJ9XnJ+TqucMoUEKGSCAEaSwAAAn9LoiYAAAAA==[0m[INFO] --- maven-resources-plugin:3.1.0:testResources (default-testResources) @ panda ---
[INFO] Using 'UTF-8' encoding to copy filtered resources.
[INFO] skip non existing resourceDirectory /var/jenkins_home/workspace/CodePull/src/test/resources
[INFO] 
[8mha:////4PRCpn6XcV9g+oAJChoZw9qLtPSpd8uqSEtYylNrqQRqAAAAYB+LCAAAAAAAAP9b85aBtbiIQSmjNKU4P0+vJLE4u1gvPjexLDVPzxdEGvvmZ+X75Zek2mxOX+vh68DGxMBQUcQgBdWQnJ9XnJ+TqucMoUEKGSCAEaSwAAAn9LoiYAAAAA==[0m[INFO] --- maven-compiler-plugin:3.8.1:testCompile (default-testCompile) @ panda ---
[INFO] Nothing to compile - all classes are up to date
[INFO] 
[8mha:////4PRCpn6XcV9g+oAJChoZw9qLtPSpd8uqSEtYylNrqQRqAAAAYB+LCAAAAAAAAP9b85aBtbiIQSmjNKU4P0+vJLE4u1gvPjexLDVPzxdEGvvmZ+X75Zek2mxOX+vh68DGxMBQUcQgBdWQnJ9XnJ+TqucMoUEKGSCAEaSwAAAn9LoiYAAAAA==[0m[INFO] --- maven-surefire-plugin:2.22.2:test (default-test) @ panda ---
[INFO] 
[INFO] -------------------------------------------------------
[INFO]  T E S T S
[INFO] -------------------------------------------------------
[INFO] Running pl.pandait.panda.PandaApplicationSeleniumTest
13:41:36.910 [main] DEBUG org.springframework.test.context.BootstrapUtils - Instantiating CacheAwareContextLoaderDelegate from class [org.springframework.test.context.cache.DefaultCacheAwareContextLoaderDelegate]
13:41:36.940 [main] DEBUG org.springframework.test.context.BootstrapUtils - Instantiating BootstrapContext using constructor [public org.springframework.test.context.support.DefaultBootstrapContext(java.lang.Class,org.springframework.test.context.CacheAwareContextLoaderDelegate)]
13:41:37.070 [main] DEBUG org.springframework.test.context.BootstrapUtils - Instantiating TestContextBootstrapper for test class [pl.pandait.panda.PandaApplicationSeleniumTest] from class [org.springframework.boot.test.context.SpringBootTestContextBootstrapper]
13:41:37.112 [main] INFO org.springframework.boot.test.context.SpringBootTestContextBootstrapper - Neither @ContextConfiguration nor @ContextHierarchy found for test class [pl.pandait.panda.PandaApplicationSeleniumTest], using SpringBootContextLoader
13:41:37.126 [main] DEBUG org.springframework.test.context.support.AbstractContextLoader - Did not detect default resource location for test class [pl.pandait.panda.PandaApplicationSeleniumTest]: class path resource [pl/pandait/panda/PandaApplicationSeleniumTest-context.xml] does not exist
13:41:37.130 [main] DEBUG org.springframework.test.context.support.AbstractContextLoader - Did not detect default resource location for test class [pl.pandait.panda.PandaApplicationSeleniumTest]: class path resource [pl/pandait/panda/PandaApplicationSeleniumTestContext.groovy] does not exist
13:41:37.135 [main] INFO org.springframework.test.context.support.AbstractContextLoader - Could not detect default resource locations for test class [pl.pandait.panda.PandaApplicationSeleniumTest]: no resource found for suffixes {-context.xml, Context.groovy}.
13:41:37.303 [main] DEBUG org.springframework.test.context.support.ActiveProfilesUtils - Could not find an 'annotation declaring class' for annotation type [org.springframework.test.context.ActiveProfiles] and class [pl.pandait.panda.PandaApplicationSeleniumTest]
13:41:37.930 [main] DEBUG org.springframework.boot.test.context.SpringBootTestContextBootstrapper - @TestExecutionListeners is not present for class [pl.pandait.panda.PandaApplicationSeleniumTest]: using defaults.
13:41:37.932 [main] INFO org.springframework.boot.test.context.SpringBootTestContextBootstrapper - Loaded default TestExecutionListener class names from location [META-INF/spring.factories]: [org.springframework.boot.test.mock.mockito.MockitoTestExecutionListener, org.springframework.boot.test.mock.mockito.ResetMocksTestExecutionListener, org.springframework.boot.test.autoconfigure.restdocs.RestDocsTestExecutionListener, org.springframework.boot.test.autoconfigure.web.client.MockRestServiceServerResetTestExecutionListener, org.springframework.boot.test.autoconfigure.web.servlet.MockMvcPrintOnlyOnFailureTestExecutionListener, org.springframework.boot.test.autoconfigure.web.servlet.WebDriverTestExecutionListener, org.springframework.test.context.web.ServletTestExecutionListener, org.springframework.test.context.support.DirtiesContextBeforeModesTestExecutionListener, org.springframework.test.context.support.DependencyInjectionTestExecutionListener, org.springframework.test.context.support.DirtiesContextTestExecutionListener, org.springframework.test.context.transaction.TransactionalTestExecutionListener, org.springframework.test.context.jdbc.SqlScriptsTestExecutionListener, org.springframework.test.context.event.EventPublishingTestExecutionListener]
13:41:38.112 [main] DEBUG org.springframework.boot.test.context.SpringBootTestContextBootstrapper - Skipping candidate TestExecutionListener [org.springframework.test.context.transaction.TransactionalTestExecutionListener] due to a missing dependency. Specify custom listener classes or make the default listener classes and their required dependencies available. Offending class: [org/springframework/transaction/TransactionDefinition]
13:41:38.114 [main] DEBUG org.springframework.boot.test.context.SpringBootTestContextBootstrapper - Skipping candidate TestExecutionListener [org.springframework.test.context.jdbc.SqlScriptsTestExecutionListener] due to a missing dependency. Specify custom listener classes or make the default listener classes and their required dependencies available. Offending class: [org/springframework/transaction/interceptor/TransactionAttribute]
13:41:38.114 [main] INFO org.springframework.boot.test.context.SpringBootTestContextBootstrapper - Using TestExecutionListeners: [org.springframework.test.context.web.ServletTestExecutionListener@130dca52, org.springframework.test.context.support.DirtiesContextBeforeModesTestExecutionListener@2654635, org.springframework.boot.test.mock.mockito.MockitoTestExecutionListener@737a135b, org.springframework.boot.test.autoconfigure.SpringBootDependencyInjectionTestExecutionListener@687ef2e0, org.springframework.test.context.support.DirtiesContextTestExecutionListener@15dcfae7, org.springframework.test.context.event.EventPublishingTestExecutionListener@3da05287, org.springframework.boot.test.mock.mockito.ResetMocksTestExecutionListener@1e636ea3, org.springframework.boot.test.autoconfigure.restdocs.RestDocsTestExecutionListener@115667d, org.springframework.boot.test.autoconfigure.web.client.MockRestServiceServerResetTestExecutionListener@736caf7a, org.springframework.boot.test.autoconfigure.web.servlet.MockMvcPrintOnlyOnFailureTestExecutionListener@4ce7fffa, org.springframework.boot.test.autoconfigure.web.servlet.WebDriverTestExecutionListener@497486b3]
13:41:38.123 [main] DEBUG org.springframework.test.context.support.AbstractDirtiesContextTestExecutionListener - Before test class: context [DefaultTestContext@623e088f testClass = PandaApplicationSeleniumTest, testInstance = [null], testMethod = [null], testException = [null], mergedContextConfiguration = [WebMergedContextConfiguration@39fcbef6 testClass = PandaApplicationSeleniumTest, locations = '{}', classes = '{class pl.pandait.panda.PandaApplication, class pl.pandait.panda.PandaApplication}', contextInitializerClasses = '[]', activeProfiles = '{}', propertySourceLocations = '{}', propertySourceProperties = '{org.springframework.boot.test.context.SpringBootTestContextBootstrapper=true}', contextCustomizers = set[org.springframework.boot.test.context.filter.ExcludeFilterContextCustomizer@33f676f6, org.springframework.boot.test.json.DuplicateJsonObjectContextCustomizerFactory$DuplicateJsonObjectContextCustomizer@3576ddc2, org.springframework.boot.test.mock.mockito.MockitoContextCustomizer@0, org.springframework.boot.test.web.client.TestRestTemplateContextCustomizer@19b843ba, org.springframework.boot.test.autoconfigure.properties.PropertyMappingContextCustomizer@0, org.springframework.boot.test.autoconfigure.web.servlet.WebDriverContextCustomizerFactory$Customizer@16c069df], resourceBasePath = 'src/main/webapp', contextLoader = 'org.springframework.boot.test.context.SpringBootContextLoader', parent = [null]], attributes = map['org.springframework.test.context.web.ServletTestExecutionListener.activateListener' -> false]], class annotated with @DirtiesContext [false] with mode [null].
13:41:38.215 [main] DEBUG org.springframework.test.context.support.DependencyInjectionTestExecutionListener - Performing dependency injection for test context [[DefaultTestContext@623e088f testClass = PandaApplicationSeleniumTest, testInstance = pl.pandait.panda.PandaApplicationSeleniumTest@1d3ac898, testMethod = [null], testException = [null], mergedContextConfiguration = [WebMergedContextConfiguration@39fcbef6 testClass = PandaApplicationSeleniumTest, locations = '{}', classes = '{class pl.pandait.panda.PandaApplication, class pl.pandait.panda.PandaApplication}', contextInitializerClasses = '[]', activeProfiles = '{}', propertySourceLocations = '{}', propertySourceProperties = '{org.springframework.boot.test.context.SpringBootTestContextBootstrapper=true}', contextCustomizers = set[org.springframework.boot.test.context.filter.ExcludeFilterContextCustomizer@33f676f6, org.springframework.boot.test.json.DuplicateJsonObjectContextCustomizerFactory$DuplicateJsonObjectContextCustomizer@3576ddc2, org.springframework.boot.test.mock.mockito.MockitoContextCustomizer@0, org.springframework.boot.test.web.client.TestRestTemplateContextCustomizer@19b843ba, org.springframework.boot.test.autoconfigure.properties.PropertyMappingContextCustomizer@0, org.springframework.boot.test.autoconfigure.web.servlet.WebDriverContextCustomizerFactory$Customizer@16c069df], resourceBasePath = 'src/main/webapp', contextLoader = 'org.springframework.boot.test.context.SpringBootContextLoader', parent = [null]], attributes = map['org.springframework.test.context.web.ServletTestExecutionListener.activateListener' -> false]]].
13:41:38.317 [main] DEBUG org.springframework.test.context.support.TestPropertySourceUtils - Adding inlined properties to environment: {spring.jmx.enabled=false, org.springframework.boot.test.context.SpringBootTestContextBootstrapper=true}

  .   ____          _            __ _ _
 /\\ / ___'_ __ _ _(_)_ __  __ _ \ \ \ \
( ( )\___ | '_ | '_| | '_ \/ _` | \ \ \ \
 \\/  ___)| |_)| | | | | || (_| |  ) ) ) )
  '  |____| .__|_| |_|_| |_\__, | / / / /
 =========|_|==============|___/=/_/_/_/
 :: Spring Boot ::        (v2.2.4.RELEASE)

2021-06-14 13:41:39.344  INFO 1014 --- [           main] p.p.panda.PandaApplicationSeleniumTest   : Starting PandaApplicationSeleniumTest on 07b545ee4aa7 with PID 1014 (started by jenkins in /var/jenkins_home/workspace/CodePull)
2021-06-14 13:41:39.347  INFO 1014 --- [           main] p.p.panda.PandaApplicationSeleniumTest   : No active profile set, falling back to default profiles: default
2021-06-14 13:41:41.995  INFO 1014 --- [           main] o.s.b.w.embedded.tomcat.TomcatWebServer  : Tomcat initialized with port(s): 8080 (http)
2021-06-14 13:41:42.021  INFO 1014 --- [           main] o.apache.catalina.core.StandardService   : Starting service [Tomcat]
2021-06-14 13:41:42.025  INFO 1014 --- [           main] org.apache.catalina.core.StandardEngine  : Starting Servlet engine: [Apache Tomcat/9.0.30]
2021-06-14 13:41:42.226  INFO 1014 --- [           main] o.a.c.c.C.[Tomcat].[localhost].[/]       : Initializing Spring embedded WebApplicationContext
2021-06-14 13:41:42.227  INFO 1014 --- [           main] o.s.web.context.ContextLoader            : Root WebApplicationContext: initialization completed in 2787 ms
2021-06-14 13:41:42.938  INFO 1014 --- [           main] o.s.s.concurrent.ThreadPoolTaskExecutor  : Initializing ExecutorService 'applicationTaskExecutor'
2021-06-14 13:41:43.175  INFO 1014 --- [           main] o.s.b.a.w.s.WelcomePageHandlerMapping    : Adding welcome page: class path resource [static/index.html]
2021-06-14 13:41:44.293  INFO 1014 --- [           main] o.apache.catalina.core.StandardService   : Stopping service [Tomcat]
2021-06-14 13:41:44.341  INFO 1014 --- [           main] ConditionEvaluationReportLoggingListener : 

Error starting ApplicationContext. To display the conditions report re-run your application with 'debug' enabled.
2021-06-14 13:41:44.347 ERROR 1014 --- [           main] o.s.b.d.LoggingFailureAnalysisReporter   : 

***************************
APPLICATION FAILED TO START
***************************

Description:

Web server failed to start. Port 8080 was already in use.

Action:

Identify and stop the process that's listening on port 8080 or configure this application to listen on another port.

2021-06-14 13:41:44.352  INFO 1014 --- [           main] o.s.s.concurrent.ThreadPoolTaskExecutor  : Shutting down ExecutorService 'applicationTaskExecutor'

  .   ____          _            __ _ _
 /\\ / ___'_ __ _ _(_)_ __  __ _ \ \ \ \
( ( )\___ | '_ | '_| | '_ \/ _` | \ \ \ \
 \\/  ___)| |_)| | | | | || (_| |  ) ) ) )
  '  |____| .__|_| |_|_| |_\__, | / / / /
 =========|_|==============|___/=/_/_/_/
 :: Spring Boot ::        (v2.2.4.RELEASE)

2021-06-14 13:41:44.427  INFO 1014 --- [           main] p.p.panda.PandaApplicationSeleniumTest   : Starting PandaApplicationSeleniumTest on 07b545ee4aa7 with PID 1014 (started by jenkins in /var/jenkins_home/workspace/CodePull)
2021-06-14 13:41:44.430  INFO 1014 --- [           main] p.p.panda.PandaApplicationSeleniumTest   : No active profile set, falling back to default profiles: default
2021-06-14 13:41:45.051  INFO 1014 --- [           main] o.s.b.w.embedded.tomcat.TomcatWebServer  : Tomcat initialized with port(s): 8080 (http)
2021-06-14 13:41:45.055  INFO 1014 --- [           main] o.apache.catalina.core.StandardService   : Starting service [Tomcat]
2021-06-14 13:41:45.056  INFO 1014 --- [           main] org.apache.catalina.core.StandardEngine  : Starting Servlet engine: [Apache Tomcat/9.0.30]
2021-06-14 13:41:45.098  INFO 1014 --- [           main] o.a.c.c.C.[Tomcat-1].[localhost].[/]     : Initializing Spring embedded WebApplicationContext
2021-06-14 13:41:45.100  INFO 1014 --- [           main] o.s.web.context.ContextLoader            : Root WebApplicationContext: initialization completed in 662 ms
2021-06-14 13:41:45.557  INFO 1014 --- [           main] o.s.s.concurrent.ThreadPoolTaskExecutor  : Initializing ExecutorService 'applicationTaskExecutor'
2021-06-14 13:41:45.623  INFO 1014 --- [           main] o.s.b.a.w.s.WelcomePageHandlerMapping    : Adding welcome page: class path resource [static/index.html]
2021-06-14 13:41:45.954  INFO 1014 --- [           main] o.apache.catalina.core.StandardService   : Stopping service [Tomcat]
2021-06-14 13:41:45.965  INFO 1014 --- [           main] ConditionEvaluationReportLoggingListener : 

Error starting ApplicationContext. To display the conditions report re-run your application with 'debug' enabled.
2021-06-14 13:41:45.967 ERROR 1014 --- [           main] o.s.b.d.LoggingFailureAnalysisReporter   : 

***************************
APPLICATION FAILED TO START
***************************

Description:

Web server failed to start. Port 8080 was already in use.

Action:

Identify and stop the process that's listening on port 8080 or configure this application to listen on another port.

2021-06-14 13:41:45.970  INFO 1014 --- [           main] o.s.s.concurrent.ThreadPoolTaskExecutor  : Shutting down ExecutorService 'applicationTaskExecutor'
2021-06-14 13:41:45.980 ERROR 1014 --- [           main] o.s.test.context.TestContextManager      : Caught exception while allowing TestExecutionListener [org.springframework.boot.test.autoconfigure.SpringBootDependencyInjectionTestExecutionListener@687ef2e0] to prepare test instance [pl.pandait.panda.PandaApplicationSeleniumTest@1d3ac898]

java.lang.IllegalStateException: Failed to load ApplicationContext
	at org.springframework.test.context.cache.DefaultCacheAwareContextLoaderDelegate.loadContext(DefaultCacheAwareContextLoaderDelegate.java:132) ~[spring-test-5.2.3.RELEASE.jar:5.2.3.RELEASE]
	at org.springframework.test.context.support.DefaultTestContext.getApplicationContext(DefaultTestContext.java:123) ~[spring-test-5.2.3.RELEASE.jar:5.2.3.RELEASE]
	at org.springframework.test.context.support.DependencyInjectionTestExecutionListener.injectDependencies(DependencyInjectionTestExecutionListener.java:118) ~[spring-test-5.2.3.RELEASE.jar:5.2.3.RELEASE]
	at org.springframework.test.context.support.DependencyInjectionTestExecutionListener.prepareTestInstance(DependencyInjectionTestExecutionListener.java:83) ~[spring-test-5.2.3.RELEASE.jar:5.2.3.RELEASE]
	at org.springframework.boot.test.autoconfigure.SpringBootDependencyInjectionTestExecutionListener.prepareTestInstance(SpringBootDependencyInjectionTestExecutionListener.java:43) ~[spring-boot-test-autoconfigure-2.2.4.RELEASE.jar:2.2.4.RELEASE]
	at org.springframework.test.context.TestContextManager.prepareTestInstance(TestContextManager.java:244) ~[spring-test-5.2.3.RELEASE.jar:5.2.3.RELEASE]
	at org.springframework.test.context.junit.jupiter.SpringExtension.postProcessTestInstance(SpringExtension.java:98) ~[spring-test-5.2.3.RELEASE.jar:5.2.3.RELEASE]
	at org.junit.jupiter.engine.descriptor.ClassBasedTestDescriptor.lambda$invokeTestInstancePostProcessors$5(ClassBasedTestDescriptor.java:337) ~[junit-jupiter-engine-5.5.2.jar:5.5.2]
	at org.junit.jupiter.engine.descriptor.ClassBasedTestDescriptor.executeAndMaskThrowable(ClassBasedTestDescriptor.java:342) ~[junit-jupiter-engine-5.5.2.jar:5.5.2]
	at org.junit.jupiter.engine.descriptor.ClassBasedTestDescriptor.lambda$invokeTestInstancePostProcessors$6(ClassBasedTestDescriptor.java:337) ~[junit-jupiter-engine-5.5.2.jar:5.5.2]
	at java.base/java.util.stream.ReferencePipeline$3$1.accept(ReferencePipeline.java:195) ~[na:na]
	at java.base/java.util.stream.ReferencePipeline$2$1.accept(ReferencePipeline.java:177) ~[na:na]
	at java.base/java.util.ArrayList$ArrayListSpliterator.forEachRemaining(ArrayList.java:1655) ~[na:na]
	at java.base/java.util.stream.AbstractPipeline.copyInto(AbstractPipeline.java:484) ~[na:na]
	at java.base/java.util.stream.AbstractPipeline.wrapAndCopyInto(AbstractPipeline.java:474) ~[na:na]
	at java.base/java.util.stream.StreamSpliterators$WrappingSpliterator.forEachRemaining(StreamSpliterators.java:312) ~[na:na]
	at java.base/java.util.stream.Streams$ConcatSpliterator.forEachRemaining(Streams.java:735) ~[na:na]
	at java.base/java.util.stream.Streams$ConcatSpliterator.forEachRemaining(Streams.java:734) ~[na:na]
	at java.base/java.util.stream.ReferencePipeline$Head.forEach(ReferencePipeline.java:658) ~[na:na]
	at org.junit.jupiter.engine.descriptor.ClassBasedTestDescriptor.invokeTestInstancePostProcessors(ClassBasedTestDescriptor.java:336) ~[junit-jupiter-engine-5.5.2.jar:5.5.2]
	at org.junit.jupiter.engine.descriptor.ClassBasedTestDescriptor.instantiateAndPostProcessTestInstance(ClassBasedTestDescriptor.java:259) ~[junit-jupiter-engine-5.5.2.jar:5.5.2]
	at org.junit.jupiter.engine.descriptor.ClassBasedTestDescriptor.lambda$testInstancesProvider$2(ClassBasedTestDescriptor.java:252) ~[junit-jupiter-engine-5.5.2.jar:5.5.2]
	at java.base/java.util.Optional.orElseGet(Optional.java:369) ~[na:na]
	at org.junit.jupiter.engine.descriptor.ClassBasedTestDescriptor.lambda$testInstancesProvider$3(ClassBasedTestDescriptor.java:251) ~[junit-jupiter-engine-5.5.2.jar:5.5.2]
	at org.junit.jupiter.engine.execution.TestInstancesProvider.getTestInstances(TestInstancesProvider.java:29) ~[junit-jupiter-engine-5.5.2.jar:5.5.2]
	at org.junit.jupiter.engine.descriptor.TestMethodTestDescriptor.lambda$prepare$0(TestMethodTestDescriptor.java:106) ~[junit-jupiter-engine-5.5.2.jar:5.5.2]
	at org.junit.platform.engine.support.hierarchical.ThrowableCollector.execute(ThrowableCollector.java:73) ~[junit-platform-engine-1.5.2.jar:1.5.2]
	at org.junit.jupiter.engine.descriptor.TestMethodTestDescriptor.prepare(TestMethodTestDescriptor.java:105) ~[junit-jupiter-engine-5.5.2.jar:5.5.2]
	at org.junit.jupiter.engine.descriptor.TestMethodTestDescriptor.prepare(TestMethodTestDescriptor.java:69) ~[junit-jupiter-engine-5.5.2.jar:5.5.2]
	at org.junit.platform.engine.support.hierarchical.NodeTestTask.lambda$prepare$1(NodeTestTask.java:107) ~[junit-platform-engine-1.5.2.jar:1.5.2]
	at org.junit.platform.engine.support.hierarchical.ThrowableCollector.execute(ThrowableCollector.java:73) ~[junit-platform-engine-1.5.2.jar:1.5.2]
	at org.junit.platform.engine.support.hierarchical.NodeTestTask.prepare(NodeTestTask.java:107) ~[junit-platform-engine-1.5.2.jar:1.5.2]
	at org.junit.platform.engine.support.hierarchical.NodeTestTask.execute(NodeTestTask.java:75) ~[junit-platform-engine-1.5.2.jar:1.5.2]
	at java.base/java.util.ArrayList.forEach(ArrayList.java:1541) ~[na:na]
	at org.junit.platform.engine.support.hierarchical.SameThreadHierarchicalTestExecutorService.invokeAll(SameThreadHierarchicalTestExecutorService.java:38) ~[junit-platform-engine-1.5.2.jar:1.5.2]
	at org.junit.platform.engine.support.hierarchical.NodeTestTask.lambda$executeRecursively$5(NodeTestTask.java:139) ~[junit-platform-engine-1.5.2.jar:1.5.2]
	at org.junit.platform.engine.support.hierarchical.ThrowableCollector.execute(ThrowableCollector.java:73) ~[junit-platform-engine-1.5.2.jar:1.5.2]
	at org.junit.platform.engine.support.hierarchical.NodeTestTask.lambda$executeRecursively$7(NodeTestTask.java:125) ~[junit-platform-engine-1.5.2.jar:1.5.2]
	at org.junit.platform.engine.support.hierarchical.Node.around(Node.java:135) ~[junit-platform-engine-1.5.2.jar:1.5.2]
	at org.junit.platform.engine.support.hierarchical.NodeTestTask.lambda$executeRecursively$8(NodeTestTask.java:123) ~[junit-platform-engine-1.5.2.jar:1.5.2]
	at org.junit.platform.engine.support.hierarchical.ThrowableCollector.execute(ThrowableCollector.java:73) ~[junit-platform-engine-1.5.2.jar:1.5.2]
	at org.junit.platform.engine.support.hierarchical.NodeTestTask.executeRecursively(NodeTestTask.java:122) ~[junit-platform-engine-1.5.2.jar:1.5.2]
	at org.junit.platform.engine.support.hierarchical.NodeTestTask.execute(NodeTestTask.java:80) ~[junit-platform-engine-1.5.2.jar:1.5.2]
	at java.base/java.util.ArrayList.forEach(ArrayList.java:1541) ~[na:na]
	at org.junit.platform.engine.support.hierarchical.SameThreadHierarchicalTestExecutorService.invokeAll(SameThreadHierarchicalTestExecutorService.java:38) ~[junit-platform-engine-1.5.2.jar:1.5.2]
	at org.junit.platform.engine.support.hierarchical.NodeTestTask.lambda$executeRecursively$5(NodeTestTask.java:139) ~[junit-platform-engine-1.5.2.jar:1.5.2]
	at org.junit.platform.engine.support.hierarchical.ThrowableCollector.execute(ThrowableCollector.java:73) ~[junit-platform-engine-1.5.2.jar:1.5.2]
	at org.junit.platform.engine.support.hierarchical.NodeTestTask.lambda$executeRecursively$7(NodeTestTask.java:125) ~[junit-platform-engine-1.5.2.jar:1.5.2]
	at org.junit.platform.engine.support.hierarchical.Node.around(Node.java:135) ~[junit-platform-engine-1.5.2.jar:1.5.2]
	at org.junit.platform.engine.support.hierarchical.NodeTestTask.lambda$executeRecursively$8(NodeTestTask.java:123) ~[junit-platform-engine-1.5.2.jar:1.5.2]
	at org.junit.platform.engine.support.hierarchical.ThrowableCollector.execute(ThrowableCollector.java:73) ~[junit-platform-engine-1.5.2.jar:1.5.2]
	at org.junit.platform.engine.support.hierarchical.NodeTestTask.executeRecursively(NodeTestTask.java:122) ~[junit-platform-engine-1.5.2.jar:1.5.2]
	at org.junit.platform.engine.support.hierarchical.NodeTestTask.execute(NodeTestTask.java:80) ~[junit-platform-engine-1.5.2.jar:1.5.2]
	at org.junit.platform.engine.support.hierarchical.SameThreadHierarchicalTestExecutorService.submit(SameThreadHierarchicalTestExecutorService.java:32) ~[junit-platform-engine-1.5.2.jar:1.5.2]
	at org.junit.platform.engine.support.hierarchical.HierarchicalTestExecutor.execute(HierarchicalTestExecutor.java:57) ~[junit-platform-engine-1.5.2.jar:1.5.2]
	at org.junit.platform.engine.support.hierarchical.HierarchicalTestEngine.execute(HierarchicalTestEngine.java:51) ~[junit-platform-engine-1.5.2.jar:1.5.2]
	at org.junit.platform.launcher.core.DefaultLauncher.execute(DefaultLauncher.java:220) ~[junit-platform-launcher-1.3.1.jar:1.3.1]
	at org.junit.platform.launcher.core.DefaultLauncher.lambda$execute$6(DefaultLauncher.java:188) ~[junit-platform-launcher-1.3.1.jar:1.3.1]
	at org.junit.platform.launcher.core.DefaultLauncher.withInterceptedStreams(DefaultLauncher.java:202) ~[junit-platform-launcher-1.3.1.jar:1.3.1]
	at org.junit.platform.launcher.core.DefaultLauncher.execute(DefaultLauncher.java:181) ~[junit-platform-launcher-1.3.1.jar:1.3.1]
	at org.junit.platform.launcher.core.DefaultLauncher.execute(DefaultLauncher.java:128) ~[junit-platform-launcher-1.3.1.jar:1.3.1]
	at org.apache.maven.surefire.junitplatform.JUnitPlatformProvider.invokeAllTests(JUnitPlatformProvider.java:150) ~[surefire-junit-platform-2.22.2.jar:2.22.2]
	at org.apache.maven.surefire.junitplatform.JUnitPlatformProvider.invoke(JUnitPlatformProvider.java:124) ~[surefire-junit-platform-2.22.2.jar:2.22.2]
	at org.apache.maven.surefire.booter.ForkedBooter.invokeProviderInSameClassLoader(ForkedBooter.java:384) ~[surefire-booter-2.22.2.jar:2.22.2]
	at org.apache.maven.surefire.booter.ForkedBooter.runSuitesInProcess(ForkedBooter.java:345) ~[surefire-booter-2.22.2.jar:2.22.2]
	at org.apache.maven.surefire.booter.ForkedBooter.execute(ForkedBooter.java:126) ~[surefire-booter-2.22.2.jar:2.22.2]
	at org.apache.maven.surefire.booter.ForkedBooter.main(ForkedBooter.java:418) ~[surefire-booter-2.22.2.jar:2.22.2]
Caused by: org.springframework.boot.web.server.PortInUseException: Port 8080 is already in use
	at org.springframework.boot.web.embedded.tomcat.TomcatWebServer.start(TomcatWebServer.java:213) ~[spring-boot-2.2.4.RELEASE.jar:2.2.4.RELEASE]
	at org.springframework.boot.web.servlet.context.ServletWebServerApplicationContext.startWebServer(ServletWebServerApplicationContext.java:297) ~[spring-boot-2.2.4.RELEASE.jar:2.2.4.RELEASE]
	at org.springframework.boot.web.servlet.context.ServletWebServerApplicationContext.finishRefresh(ServletWebServerApplicationContext.java:163) ~[spring-boot-2.2.4.RELEASE.jar:2.2.4.RELEASE]
	at org.springframework.context.support.AbstractApplicationContext.refresh(AbstractApplicationContext.java:553) ~[spring-context-5.2.3.RELEASE.jar:5.2.3.RELEASE]
	at org.springframework.boot.web.servlet.context.ServletWebServerApplicationContext.refresh(ServletWebServerApplicationContext.java:141) ~[spring-boot-2.2.4.RELEASE.jar:2.2.4.RELEASE]
	at org.springframework.boot.SpringApplication.refresh(SpringApplication.java:747) ~[spring-boot-2.2.4.RELEASE.jar:2.2.4.RELEASE]
	at org.springframework.boot.SpringApplication.refreshContext(SpringApplication.java:397) ~[spring-boot-2.2.4.RELEASE.jar:2.2.4.RELEASE]
	at org.springframework.boot.SpringApplication.run(SpringApplication.java:315) ~[spring-boot-2.2.4.RELEASE.jar:2.2.4.RELEASE]
	at org.springframework.boot.test.context.SpringBootContextLoader.loadContext(SpringBootContextLoader.java:126) ~[spring-boot-test-2.2.4.RELEASE.jar:2.2.4.RELEASE]
	at org.springframework.test.context.cache.DefaultCacheAwareContextLoaderDelegate.loadContextInternal(DefaultCacheAwareContextLoaderDelegate.java:99) ~[spring-test-5.2.3.RELEASE.jar:5.2.3.RELEASE]
	at org.springframework.test.context.cache.DefaultCacheAwareContextLoaderDelegate.loadContext(DefaultCacheAwareContextLoaderDelegate.java:124) ~[spring-test-5.2.3.RELEASE.jar:5.2.3.RELEASE]
	... 66 common frames omitted


  .   ____          _            __ _ _
 /\\ / ___'_ __ _ _(_)_ __  __ _ \ \ \ \
( ( )\___ | '_ | '_| | '_ \/ _` | \ \ \ \
 \\/  ___)| |_)| | | | | || (_| |  ) ) ) )
  '  |____| .__|_| |_|_| |_\__, | / / / /
 =========|_|==============|___/=/_/_/_/
 :: Spring Boot ::        (v2.2.4.RELEASE)

2021-06-14 13:41:46.116  INFO 1014 --- [           main] p.p.panda.PandaApplicationSeleniumTest   : Starting PandaApplicationSeleniumTest on 07b545ee4aa7 with PID 1014 (started by jenkins in /var/jenkins_home/workspace/CodePull)
2021-06-14 13:41:46.118  INFO 1014 --- [           main] p.p.panda.PandaApplicationSeleniumTest   : No active profile set, falling back to default profiles: default
2021-06-14 13:41:46.604  INFO 1014 --- [           main] o.s.b.w.embedded.tomcat.TomcatWebServer  : Tomcat initialized with port(s): 8080 (http)
2021-06-14 13:41:46.606  INFO 1014 --- [           main] o.apache.catalina.core.StandardService   : Starting service [Tomcat]
2021-06-14 13:41:46.607  INFO 1014 --- [           main] org.apache.catalina.core.StandardEngine  : Starting Servlet engine: [Apache Tomcat/9.0.30]
2021-06-14 13:41:46.664  INFO 1014 --- [           main] o.a.c.c.C.[Tomcat-2].[localhost].[/]     : Initializing Spring embedded WebApplicationContext
2021-06-14 13:41:46.664  INFO 1014 --- [           main] o.s.web.context.ContextLoader            : Root WebApplicationContext: initialization completed in 541 ms
2021-06-14 13:41:46.957  INFO 1014 --- [           main] o.s.s.concurrent.ThreadPoolTaskExecutor  : Initializing ExecutorService 'applicationTaskExecutor'
2021-06-14 13:41:46.990  INFO 1014 --- [           main] o.s.b.a.w.s.WelcomePageHandlerMapping    : Adding welcome page: class path resource [static/index.html]
2021-06-14 13:41:47.325  INFO 1014 --- [           main] o.apache.catalina.core.StandardService   : Stopping service [Tomcat]
2021-06-14 13:41:47.343  INFO 1014 --- [           main] ConditionEvaluationReportLoggingListener : 

Error starting ApplicationContext. To display the conditions report re-run your application with 'debug' enabled.
2021-06-14 13:41:47.345 ERROR 1014 --- [           main] o.s.b.d.LoggingFailureAnalysisReporter   : 

***************************
APPLICATION FAILED TO START
***************************

Description:

Web server failed to start. Port 8080 was already in use.

Action:

Identify and stop the process that's listening on port 8080 or configure this application to listen on another port.

2021-06-14 13:41:47.348  INFO 1014 --- [           main] o.s.s.concurrent.ThreadPoolTaskExecutor  : Shutting down ExecutorService 'applicationTaskExecutor'

  .   ____          _            __ _ _
 /\\ / ___'_ __ _ _(_)_ __  __ _ \ \ \ \
( ( )\___ | '_ | '_| | '_ \/ _` | \ \ \ \
 \\/  ___)| |_)| | | | | || (_| |  ) ) ) )
  '  |____| .__|_| |_|_| |_\__, | / / / /
 =========|_|==============|___/=/_/_/_/
 :: Spring Boot ::        (v2.2.4.RELEASE)

2021-06-14 13:41:47.395  INFO 1014 --- [           main] p.p.panda.PandaApplicationSeleniumTest   : Starting PandaApplicationSeleniumTest on 07b545ee4aa7 with PID 1014 (started by jenkins in /var/jenkins_home/workspace/CodePull)
2021-06-14 13:41:47.397  INFO 1014 --- [           main] p.p.panda.PandaApplicationSeleniumTest   : No active profile set, falling back to default profiles: default
2021-06-14 13:41:47.856  INFO 1014 --- [           main] o.s.b.w.embedded.tomcat.TomcatWebServer  : Tomcat initialized with port(s): 8080 (http)
2021-06-14 13:41:47.858  INFO 1014 --- [           main] o.apache.catalina.core.StandardService   : Starting service [Tomcat]
2021-06-14 13:41:47.859  INFO 1014 --- [           main] org.apache.catalina.core.StandardEngine  : Starting Servlet engine: [Apache Tomcat/9.0.30]
2021-06-14 13:41:47.880  INFO 1014 --- [           main] o.a.c.c.C.[Tomcat-3].[localhost].[/]     : Initializing Spring embedded WebApplicationContext
2021-06-14 13:41:47.881  INFO 1014 --- [           main] o.s.web.context.ContextLoader            : Root WebApplicationContext: initialization completed in 474 ms
2021-06-14 13:41:48.202  INFO 1014 --- [           main] o.s.s.concurrent.ThreadPoolTaskExecutor  : Initializing ExecutorService 'applicationTaskExecutor'
2021-06-14 13:41:48.270  INFO 1014 --- [           main] o.s.b.a.w.s.WelcomePageHandlerMapping    : Adding welcome page: class path resource [static/index.html]
2021-06-14 13:41:48.591  INFO 1014 --- [           main] o.apache.catalina.core.StandardService   : Stopping service [Tomcat]
2021-06-14 13:41:48.613  INFO 1014 --- [           main] ConditionEvaluationReportLoggingListener : 

Error starting ApplicationContext. To display the conditions report re-run your application with 'debug' enabled.
2021-06-14 13:41:48.618 ERROR 1014 --- [           main] o.s.b.d.LoggingFailureAnalysisReporter   : 

***************************
APPLICATION FAILED TO START
***************************

Description:

Web server failed to start. Port 8080 was already in use.

Action:

Identify and stop the process that's listening on port 8080 or configure this application to listen on another port.

2021-06-14 13:41:48.634  INFO 1014 --- [           main] o.s.s.concurrent.ThreadPoolTaskExecutor  : Shutting down ExecutorService 'applicationTaskExecutor'
2021-06-14 13:41:48.644 ERROR 1014 --- [           main] o.s.test.context.TestContextManager      : Caught exception while allowing TestExecutionListener [org.springframework.boot.test.autoconfigure.SpringBootDependencyInjectionTestExecutionListener@687ef2e0] to prepare test instance [pl.pandait.panda.PandaApplicationSeleniumTest@61ab6521]

java.lang.IllegalStateException: Failed to load ApplicationContext
	at org.springframework.test.context.cache.DefaultCacheAwareContextLoaderDelegate.loadContext(DefaultCacheAwareContextLoaderDelegate.java:132) ~[spring-test-5.2.3.RELEASE.jar:5.2.3.RELEASE]
	at org.springframework.test.context.support.DefaultTestContext.getApplicationContext(DefaultTestContext.java:123) ~[spring-test-5.2.3.RELEASE.jar:5.2.3.RELEASE]
	at org.springframework.test.context.support.DependencyInjectionTestExecutionListener.injectDependencies(DependencyInjectionTestExecutionListener.java:118) ~[spring-test-5.2.3.RELEASE.jar:5.2.3.RELEASE]
	at org.springframework.test.context.support.DependencyInjectionTestExecutionListener.prepareTestInstance(DependencyInjectionTestExecutionListener.java:83) ~[spring-test-5.2.3.RELEASE.jar:5.2.3.RELEASE]
	at org.springframework.boot.test.autoconfigure.SpringBootDependencyInjectionTestExecutionListener.prepareTestInstance(SpringBootDependencyInjectionTestExecutionListener.java:43) ~[spring-boot-test-autoconfigure-2.2.4.RELEASE.jar:2.2.4.RELEASE]
	at org.springframework.test.context.TestContextManager.prepareTestInstance(TestContextManager.java:244) ~[spring-test-5.2.3.RELEASE.jar:5.2.3.RELEASE]
	at org.springframework.test.context.junit.jupiter.SpringExtension.postProcessTestInstance(SpringExtension.java:98) ~[spring-test-5.2.3.RELEASE.jar:5.2.3.RELEASE]
	at org.junit.jupiter.engine.descriptor.ClassBasedTestDescriptor.lambda$invokeTestInstancePostProcessors$5(ClassBasedTestDescriptor.java:337) ~[junit-jupiter-engine-5.5.2.jar:5.5.2]
	at org.junit.jupiter.engine.descriptor.ClassBasedTestDescriptor.executeAndMaskThrowable(ClassBasedTestDescriptor.java:342) ~[junit-jupiter-engine-5.5.2.jar:5.5.2]
	at org.junit.jupiter.engine.descriptor.ClassBasedTestDescriptor.lambda$invokeTestInstancePostProcessors$6(ClassBasedTestDescriptor.java:337) ~[junit-jupiter-engine-5.5.2.jar:5.5.2]
	at java.base/java.util.stream.ReferencePipeline$3$1.accept(ReferencePipeline.java:195) ~[na:na]
	at java.base/java.util.stream.ReferencePipeline$2$1.accept(ReferencePipeline.java:177) ~[na:na]
	at java.base/java.util.ArrayList$ArrayListSpliterator.forEachRemaining(ArrayList.java:1655) ~[na:na]
	at java.base/java.util.stream.AbstractPipeline.copyInto(AbstractPipeline.java:484) ~[na:na]
	at java.base/java.util.stream.AbstractPipeline.wrapAndCopyInto(AbstractPipeline.java:474) ~[na:na]
	at java.base/java.util.stream.StreamSpliterators$WrappingSpliterator.forEachRemaining(StreamSpliterators.java:312) ~[na:na]
	at java.base/java.util.stream.Streams$ConcatSpliterator.forEachRemaining(Streams.java:735) ~[na:na]
	at java.base/java.util.stream.Streams$ConcatSpliterator.forEachRemaining(Streams.java:734) ~[na:na]
	at java.base/java.util.stream.ReferencePipeline$Head.forEach(ReferencePipeline.java:658) ~[na:na]
	at org.junit.jupiter.engine.descriptor.ClassBasedTestDescriptor.invokeTestInstancePostProcessors(ClassBasedTestDescriptor.java:336) ~[junit-jupiter-engine-5.5.2.jar:5.5.2]
	at org.junit.jupiter.engine.descriptor.ClassBasedTestDescriptor.instantiateAndPostProcessTestInstance(ClassBasedTestDescriptor.java:259) ~[junit-jupiter-engine-5.5.2.jar:5.5.2]
	at org.junit.jupiter.engine.descriptor.ClassBasedTestDescriptor.lambda$testInstancesProvider$2(ClassBasedTestDescriptor.java:252) ~[junit-jupiter-engine-5.5.2.jar:5.5.2]
	at java.base/java.util.Optional.orElseGet(Optional.java:369) ~[na:na]
	at org.junit.jupiter.engine.descriptor.ClassBasedTestDescriptor.lambda$testInstancesProvider$3(ClassBasedTestDescriptor.java:251) ~[junit-jupiter-engine-5.5.2.jar:5.5.2]
	at org.junit.jupiter.engine.execution.TestInstancesProvider.getTestInstances(TestInstancesProvider.java:29) ~[junit-jupiter-engine-5.5.2.jar:5.5.2]
	at org.junit.jupiter.engine.descriptor.TestMethodTestDescriptor.lambda$prepare$0(TestMethodTestDescriptor.java:106) ~[junit-jupiter-engine-5.5.2.jar:5.5.2]
	at org.junit.platform.engine.support.hierarchical.ThrowableCollector.execute(ThrowableCollector.java:73) ~[junit-platform-engine-1.5.2.jar:1.5.2]
	at org.junit.jupiter.engine.descriptor.TestMethodTestDescriptor.prepare(TestMethodTestDescriptor.java:105) ~[junit-jupiter-engine-5.5.2.jar:5.5.2]
	at org.junit.jupiter.engine.descriptor.TestMethodTestDescriptor.prepare(TestMethodTestDescriptor.java:69) ~[junit-jupiter-engine-5.5.2.jar:5.5.2]
	at org.junit.platform.engine.support.hierarchical.NodeTestTask.lambda$prepare$1(NodeTestTask.java:107) ~[junit-platform-engine-1.5.2.jar:1.5.2]
	at org.junit.platform.engine.support.hierarchical.ThrowableCollector.execute(ThrowableCollector.java:73) ~[junit-platform-engine-1.5.2.jar:1.5.2]
	at org.junit.platform.engine.support.hierarchical.NodeTestTask.prepare(NodeTestTask.java:107) ~[junit-platform-engine-1.5.2.jar:1.5.2]
	at org.junit.platform.engine.support.hierarchical.NodeTestTask.execute(NodeTestTask.java:75) ~[junit-platform-engine-1.5.2.jar:1.5.2]
	at java.base/java.util.ArrayList.forEach(ArrayList.java:1541) ~[na:na]
	at org.junit.platform.engine.support.hierarchical.SameThreadHierarchicalTestExecutorService.invokeAll(SameThreadHierarchicalTestExecutorService.java:38) ~[junit-platform-engine-1.5.2.jar:1.5.2]
	at org.junit.platform.engine.support.hierarchical.NodeTestTask.lambda$executeRecursively$5(NodeTestTask.java:139) ~[junit-platform-engine-1.5.2.jar:1.5.2]
	at org.junit.platform.engine.support.hierarchical.ThrowableCollector.execute(ThrowableCollector.java:73) ~[junit-platform-engine-1.5.2.jar:1.5.2]
	at org.junit.platform.engine.support.hierarchical.NodeTestTask.lambda$executeRecursively$7(NodeTestTask.java:125) ~[junit-platform-engine-1.5.2.jar:1.5.2]
	at org.junit.platform.engine.support.hierarchical.Node.around(Node.java:135) ~[junit-platform-engine-1.5.2.jar:1.5.2]
	at org.junit.platform.engine.support.hierarchical.NodeTestTask.lambda$executeRecursively$8(NodeTestTask.java:123) ~[junit-platform-engine-1.5.2.jar:1.5.2]
	at org.junit.platform.engine.support.hierarchical.ThrowableCollector.execute(ThrowableCollector.java:73) ~[junit-platform-engine-1.5.2.jar:1.5.2]
	at org.junit.platform.engine.support.hierarchical.NodeTestTask.executeRecursively(NodeTestTask.java:122) ~[junit-platform-engine-1.5.2.jar:1.5.2]
	at org.junit.platform.engine.support.hierarchical.NodeTestTask.execute(NodeTestTask.java:80) ~[junit-platform-engine-1.5.2.jar:1.5.2]
	at java.base/java.util.ArrayList.forEach(ArrayList.java:1541) ~[na:na]
	at org.junit.platform.engine.support.hierarchical.SameThreadHierarchicalTestExecutorService.invokeAll(SameThreadHierarchicalTestExecutorService.java:38) ~[junit-platform-engine-1.5.2.jar:1.5.2]
	at org.junit.platform.engine.support.hierarchical.NodeTestTask.lambda$executeRecursively$5(NodeTestTask.java:139) ~[junit-platform-engine-1.5.2.jar:1.5.2]
	at org.junit.platform.engine.support.hierarchical.ThrowableCollector.execute(ThrowableCollector.java:73) ~[junit-platform-engine-1.5.2.jar:1.5.2]
	at org.junit.platform.engine.support.hierarchical.NodeTestTask.lambda$executeRecursively$7(NodeTestTask.java:125) ~[junit-platform-engine-1.5.2.jar:1.5.2]
	at org.junit.platform.engine.support.hierarchical.Node.around(Node.java:135) ~[junit-platform-engine-1.5.2.jar:1.5.2]
	at org.junit.platform.engine.support.hierarchical.NodeTestTask.lambda$executeRecursively$8(NodeTestTask.java:123) ~[junit-platform-engine-1.5.2.jar:1.5.2]
	at org.junit.platform.engine.support.hierarchical.ThrowableCollector.execute(ThrowableCollector.java:73) ~[junit-platform-engine-1.5.2.jar:1.5.2]
	at org.junit.platform.engine.support.hierarchical.NodeTestTask.executeRecursively(NodeTestTask.java:122) ~[junit-platform-engine-1.5.2.jar:1.5.2]
	at org.junit.platform.engine.support.hierarchical.NodeTestTask.execute(NodeTestTask.java:80) ~[junit-platform-engine-1.5.2.jar:1.5.2]
	at org.junit.platform.engine.support.hierarchical.SameThreadHierarchicalTestExecutorService.submit(SameThreadHierarchicalTestExecutorService.java:32) ~[junit-platform-engine-1.5.2.jar:1.5.2]
	at org.junit.platform.engine.support.hierarchical.HierarchicalTestExecutor.execute(HierarchicalTestExecutor.java:57) ~[junit-platform-engine-1.5.2.jar:1.5.2]
	at org.junit.platform.engine.support.hierarchical.HierarchicalTestEngine.execute(HierarchicalTestEngine.java:51) ~[junit-platform-engine-1.5.2.jar:1.5.2]
	at org.junit.platform.launcher.core.DefaultLauncher.execute(DefaultLauncher.java:220) ~[junit-platform-launcher-1.3.1.jar:1.3.1]
	at org.junit.platform.launcher.core.DefaultLauncher.lambda$execute$6(DefaultLauncher.java:188) ~[junit-platform-launcher-1.3.1.jar:1.3.1]
	at org.junit.platform.launcher.core.DefaultLauncher.withInterceptedStreams(DefaultLauncher.java:202) ~[junit-platform-launcher-1.3.1.jar:1.3.1]
	at org.junit.platform.launcher.core.DefaultLauncher.execute(DefaultLauncher.java:181) ~[junit-platform-launcher-1.3.1.jar:1.3.1]
	at org.junit.platform.launcher.core.DefaultLauncher.execute(DefaultLauncher.java:128) ~[junit-platform-launcher-1.3.1.jar:1.3.1]
	at org.apache.maven.surefire.junitplatform.JUnitPlatformProvider.invokeAllTests(JUnitPlatformProvider.java:150) ~[surefire-junit-platform-2.22.2.jar:2.22.2]
	at org.apache.maven.surefire.junitplatform.JUnitPlatformProvider.invoke(JUnitPlatformProvider.java:124) ~[surefire-junit-platform-2.22.2.jar:2.22.2]
	at org.apache.maven.surefire.booter.ForkedBooter.invokeProviderInSameClassLoader(ForkedBooter.java:384) ~[surefire-booter-2.22.2.jar:2.22.2]
	at org.apache.maven.surefire.booter.ForkedBooter.runSuitesInProcess(ForkedBooter.java:345) ~[surefire-booter-2.22.2.jar:2.22.2]
	at org.apache.maven.surefire.booter.ForkedBooter.execute(ForkedBooter.java:126) ~[surefire-booter-2.22.2.jar:2.22.2]
	at org.apache.maven.surefire.booter.ForkedBooter.main(ForkedBooter.java:418) ~[surefire-booter-2.22.2.jar:2.22.2]
Caused by: org.springframework.boot.web.server.PortInUseException: Port 8080 is already in use
	at org.springframework.boot.web.embedded.tomcat.TomcatWebServer.start(TomcatWebServer.java:213) ~[spring-boot-2.2.4.RELEASE.jar:2.2.4.RELEASE]
	at org.springframework.boot.web.servlet.context.ServletWebServerApplicationContext.startWebServer(ServletWebServerApplicationContext.java:297) ~[spring-boot-2.2.4.RELEASE.jar:2.2.4.RELEASE]
	at org.springframework.boot.web.servlet.context.ServletWebServerApplicationContext.finishRefresh(ServletWebServerApplicationContext.java:163) ~[spring-boot-2.2.4.RELEASE.jar:2.2.4.RELEASE]
	at org.springframework.context.support.AbstractApplicationContext.refresh(AbstractApplicationContext.java:553) ~[spring-context-5.2.3.RELEASE.jar:5.2.3.RELEASE]
	at org.springframework.boot.web.servlet.context.ServletWebServerApplicationContext.refresh(ServletWebServerApplicationContext.java:141) ~[spring-boot-2.2.4.RELEASE.jar:2.2.4.RELEASE]
	at org.springframework.boot.SpringApplication.refresh(SpringApplication.java:747) ~[spring-boot-2.2.4.RELEASE.jar:2.2.4.RELEASE]
	at org.springframework.boot.SpringApplication.refreshContext(SpringApplication.java:397) ~[spring-boot-2.2.4.RELEASE.jar:2.2.4.RELEASE]
	at org.springframework.boot.SpringApplication.run(SpringApplication.java:315) ~[spring-boot-2.2.4.RELEASE.jar:2.2.4.RELEASE]
	at org.springframework.boot.test.context.SpringBootContextLoader.loadContext(SpringBootContextLoader.java:126) ~[spring-boot-test-2.2.4.RELEASE.jar:2.2.4.RELEASE]
	at org.springframework.test.context.cache.DefaultCacheAwareContextLoaderDelegate.loadContextInternal(DefaultCacheAwareContextLoaderDelegate.java:99) ~[spring-test-5.2.3.RELEASE.jar:5.2.3.RELEASE]
	at org.springframework.test.context.cache.DefaultCacheAwareContextLoaderDelegate.loadContext(DefaultCacheAwareContextLoaderDelegate.java:124) ~[spring-test-5.2.3.RELEASE.jar:5.2.3.RELEASE]
	... 66 common frames omitted

[8mha:////4FOoIv4mZnPbuN/RqpVCI9jgdz66kWsqCu5Cj1BacEvcAAAAYB+LCAAAAAAAAP9b85aBtbiIQSmjNKU4P0+vJLE4u1gvPjexLDVPzxdEuhYV5Rf55Zek1m9pfpLfVWLNxMBQUcQgBdWQnJ9XnJ+TqucMoUEKGSCAEaSwAABqVhoSYAAAAA==[0m[ERROR] Tests run: 2, Failures: 0, Errors: 2, Skipped: 0, Time elapsed: 12.137 s <<< FAILURE! - in pl.pandait.panda.PandaApplicationSeleniumTest
[8mha:////4FOoIv4mZnPbuN/RqpVCI9jgdz66kWsqCu5Cj1BacEvcAAAAYB+LCAAAAAAAAP9b85aBtbiIQSmjNKU4P0+vJLE4u1gvPjexLDVPzxdEuhYV5Rf55Zek1m9pfpLfVWLNxMBQUcQgBdWQnJ9XnJ+TqucMoUEKGSCAEaSwAABqVhoSYAAAAA==[0m[ERROR] greetings_shouldOpenMainPageThenReturnWelcomeText  Time elapsed: 0.032 s  <<< ERROR!
java.lang.IllegalStateException: Failed to load ApplicationContext
Caused by: org.springframework.boot.web.server.PortInUseException: Port 8080 is already in use

[8mha:////4FOoIv4mZnPbuN/RqpVCI9jgdz66kWsqCu5Cj1BacEvcAAAAYB+LCAAAAAAAAP9b85aBtbiIQSmjNKU4P0+vJLE4u1gvPjexLDVPzxdEuhYV5Rf55Zek1m9pfpLfVWLNxMBQUcQgBdWQnJ9XnJ+TqucMoUEKGSCAEaSwAABqVhoSYAAAAA==[0m[ERROR] greetings_shouldOpenSubpageThenReturnGreetingsText  Time elapsed: 0.001 s  <<< ERROR!
java.lang.IllegalStateException: Failed to load ApplicationContext
Caused by: org.springframework.boot.web.server.PortInUseException: Port 8080 is already in use

[INFO] 
[INFO] Results:
[INFO] 
[8mha:////4FOoIv4mZnPbuN/RqpVCI9jgdz66kWsqCu5Cj1BacEvcAAAAYB+LCAAAAAAAAP9b85aBtbiIQSmjNKU4P0+vJLE4u1gvPjexLDVPzxdEuhYV5Rf55Zek1m9pfpLfVWLNxMBQUcQgBdWQnJ9XnJ+TqucMoUEKGSCAEaSwAABqVhoSYAAAAA==[0m[ERROR] Errors: 
[8mha:////4FOoIv4mZnPbuN/RqpVCI9jgdz66kWsqCu5Cj1BacEvcAAAAYB+LCAAAAAAAAP9b85aBtbiIQSmjNKU4P0+vJLE4u1gvPjexLDVPzxdEuhYV5Rf55Zek1m9pfpLfVWLNxMBQUcQgBdWQnJ9XnJ+TqucMoUEKGSCAEaSwAABqVhoSYAAAAA==[0m[ERROR]   PandaApplicationSeleniumTest.greetings_shouldOpenMainPageThenReturnWelcomeText » IllegalState
[8mha:////4FOoIv4mZnPbuN/RqpVCI9jgdz66kWsqCu5Cj1BacEvcAAAAYB+LCAAAAAAAAP9b85aBtbiIQSmjNKU4P0+vJLE4u1gvPjexLDVPzxdEuhYV5Rf55Zek1m9pfpLfVWLNxMBQUcQgBdWQnJ9XnJ+TqucMoUEKGSCAEaSwAABqVhoSYAAAAA==[0m[ERROR]   PandaApplicationSeleniumTest.greetings_shouldOpenSubpageThenReturnGreetingsText » IllegalState
[INFO] 
[8mha:////4FOoIv4mZnPbuN/RqpVCI9jgdz66kWsqCu5Cj1BacEvcAAAAYB+LCAAAAAAAAP9b85aBtbiIQSmjNKU4P0+vJLE4u1gvPjexLDVPzxdEuhYV5Rf55Zek1m9pfpLfVWLNxMBQUcQgBdWQnJ9XnJ+TqucMoUEKGSCAEaSwAABqVhoSYAAAAA==[0m[ERROR] Tests run: 2, Failures: 0, Errors: 2, Skipped: 0
[INFO] 
[INFO] ------------------------------------------------------------------------
[INFO] BUILD FAILURE
[INFO] ------------------------------------------------------------------------
[INFO] Total time:  19.978 s
[INFO] Finished at: 2021-06-14T13:41:49Z
[INFO] ------------------------------------------------------------------------
[8mha:////4FOoIv4mZnPbuN/RqpVCI9jgdz66kWsqCu5Cj1BacEvcAAAAYB+LCAAAAAAAAP9b85aBtbiIQSmjNKU4P0+vJLE4u1gvPjexLDVPzxdEuhYV5Rf55Zek1m9pfpLfVWLNxMBQUcQgBdWQnJ9XnJ+TqucMoUEKGSCAEaSwAABqVhoSYAAAAA==[0m[ERROR] Failed to execute goal org.apache.maven.plugins:maven-surefire-plugin:2.22.2:test (default-test) on project panda: There are test failures.
[8mha:////4FOoIv4mZnPbuN/RqpVCI9jgdz66kWsqCu5Cj1BacEvcAAAAYB+LCAAAAAAAAP9b85aBtbiIQSmjNKU4P0+vJLE4u1gvPjexLDVPzxdEuhYV5Rf55Zek1m9pfpLfVWLNxMBQUcQgBdWQnJ9XnJ+TqucMoUEKGSCAEaSwAABqVhoSYAAAAA==[0m[ERROR] 
[8mha:////4FOoIv4mZnPbuN/RqpVCI9jgdz66kWsqCu5Cj1BacEvcAAAAYB+LCAAAAAAAAP9b85aBtbiIQSmjNKU4P0+vJLE4u1gvPjexLDVPzxdEuhYV5Rf55Zek1m9pfpLfVWLNxMBQUcQgBdWQnJ9XnJ+TqucMoUEKGSCAEaSwAABqVhoSYAAAAA==[0m[ERROR] Please refer to /var/jenkins_home/workspace/CodePull/target/surefire-reports for the individual test results.
[8mha:////4FOoIv4mZnPbuN/RqpVCI9jgdz66kWsqCu5Cj1BacEvcAAAAYB+LCAAAAAAAAP9b85aBtbiIQSmjNKU4P0+vJLE4u1gvPjexLDVPzxdEuhYV5Rf55Zek1m9pfpLfVWLNxMBQUcQgBdWQnJ9XnJ+TqucMoUEKGSCAEaSwAABqVhoSYAAAAA==[0m[ERROR] Please refer to dump files (if any exist) [date].dump, [date]-jvmRun[N].dump and [date].dumpstream.
[8mha:////4FOoIv4mZnPbuN/RqpVCI9jgdz66kWsqCu5Cj1BacEvcAAAAYB+LCAAAAAAAAP9b85aBtbiIQSmjNKU4P0+vJLE4u1gvPjexLDVPzxdEuhYV5Rf55Zek1m9pfpLfVWLNxMBQUcQgBdWQnJ9XnJ+TqucMoUEKGSCAEaSwAABqVhoSYAAAAA==[0m[ERROR] -> [Help 1]
[8mha:////4FOoIv4mZnPbuN/RqpVCI9jgdz66kWsqCu5Cj1BacEvcAAAAYB+LCAAAAAAAAP9b85aBtbiIQSmjNKU4P0+vJLE4u1gvPjexLDVPzxdEuhYV5Rf55Zek1m9pfpLfVWLNxMBQUcQgBdWQnJ9XnJ+TqucMoUEKGSCAEaSwAABqVhoSYAAAAA==[0m[ERROR] 
[8mha:////4FOoIv4mZnPbuN/RqpVCI9jgdz66kWsqCu5Cj1BacEvcAAAAYB+LCAAAAAAAAP9b85aBtbiIQSmjNKU4P0+vJLE4u1gvPjexLDVPzxdEuhYV5Rf55Zek1m9pfpLfVWLNxMBQUcQgBdWQnJ9XnJ+TqucMoUEKGSCAEaSwAABqVhoSYAAAAA==[0m[ERROR] To see the full stack trace of the errors, re-run Maven with the -e switch.
[8mha:////4FOoIv4mZnPbuN/RqpVCI9jgdz66kWsqCu5Cj1BacEvcAAAAYB+LCAAAAAAAAP9b85aBtbiIQSmjNKU4P0+vJLE4u1gvPjexLDVPzxdEuhYV5Rf55Zek1m9pfpLfVWLNxMBQUcQgBdWQnJ9XnJ+TqucMoUEKGSCAEaSwAABqVhoSYAAAAA==[0m[ERROR] Re-run Maven using the -X switch to enable full debug logging.
[8mha:////4FOoIv4mZnPbuN/RqpVCI9jgdz66kWsqCu5Cj1BacEvcAAAAYB+LCAAAAAAAAP9b85aBtbiIQSmjNKU4P0+vJLE4u1gvPjexLDVPzxdEuhYV5Rf55Zek1m9pfpLfVWLNxMBQUcQgBdWQnJ9XnJ+TqucMoUEKGSCAEaSwAABqVhoSYAAAAA==[0m[ERROR] 
[8mha:////4FOoIv4mZnPbuN/RqpVCI9jgdz66kWsqCu5Cj1BacEvcAAAAYB+LCAAAAAAAAP9b85aBtbiIQSmjNKU4P0+vJLE4u1gvPjexLDVPzxdEuhYV5Rf55Zek1m9pfpLfVWLNxMBQUcQgBdWQnJ9XnJ+TqucMoUEKGSCAEaSwAABqVhoSYAAAAA==[0m[ERROR] For more information about the errors and possible solutions, please read the following articles:
[8mha:////4FOoIv4mZnPbuN/RqpVCI9jgdz66kWsqCu5Cj1BacEvcAAAAYB+LCAAAAAAAAP9b85aBtbiIQSmjNKU4P0+vJLE4u1gvPjexLDVPzxdEuhYV5Rf55Zek1m9pfpLfVWLNxMBQUcQgBdWQnJ9XnJ+TqucMoUEKGSCAEaSwAABqVhoSYAAAAA==[0m[ERROR] [Help 1] http://cwiki.apache.org/confluence/display/MAVEN/MojoFailureException
Build step 'Invoke top-level Maven targets' marked build as failure
Finished: FAILURE
