Started by user [8mha:////4MWYJwfFx+s0zfNNEPdJuuRkgztrYMBicomnzH+CvCP/AAAAlx+LCAAAAAAAAP9b85aBtbiIQTGjNKU4P08vOT+vOD8nVc83PyU1x6OyILUoJzMv2y+/JJUBAhiZGBgqihhk0NSjKDWzXb3RdlLBUSYGJk8GtpzUvPSSDB8G5tKinBIGIZ+sxLJE/ZzEvHT94JKizLx0a6BxUmjGOUNodHsLgAzWEgZu/dLi1CL9gsS8lEQACjKVYMAAAAA=[0mpanda
Running in Durability level: MAX_SURVIVABILITY
[8mha:////4Oa3m1wVf7TR8/9oWyM4fUCMJ/e6QgYEsQiTNaNoj/q/AAAAoh+LCAAAAAAAAP9tjTEOwjAQBM8BClpKHuFItIiK1krDC0x8GCfWnbEdkooX8TX+gCESFVvtrLSa5wtWKcKBo5UdUu8otU4GP9jS5Mixv3geZcdn2TIl9igbHBs2eJyx4YwwR1SwULBGaj0nRzbDRnX6rmuvydanHMu2V1A5c4MHCFXMWcf8hSnC9jqYxPTz/BXAFEIGsfuclm8zQVqFvQAAAA==[0m[Pipeline] Start of Pipeline
[8mha:////4NPIYGrOBLh2AkN3wIM2fC3o18J1GSGvZMUs0vFgrolRAAAApR+LCAAAAAAAAP9tjTEOwjAUQ3+KOrAycohUghExsUZZOEFIQkgb/d8mKe3EibgadyBQiQlLlmxL1nu+oE4RjhQdby12HpP2vA+jK4lPFLtroIm3dOGaMFGwXNpJkrGnpUrKFhaxClYC1hZ1oOTRZdiIVt1VExS65pxj2Q4CKm8GeAAThZxVzN8yR9jeRpMIf5y/AJj7DGxXvP/86jduZBmjwAAAAA==[0m[Pipeline] node
Running on [8mha:////4BbCeKg0quLfjeyuM7CwTndl150X8IIAc0uAJan2y5XCAAAAnB+LCAAAAAAAAP9b85aBtbiIQTGjNKU4P08vOT+vOD8nVc83PyU1x6OyILUoJzMv2y+/JJUBAhiZGBgqihhk0NSjKDWzXb3RdlLBUSYGJk8GtpzUvPSSDB8G5tKinBIGIZ+sxLJE/ZzEvHT94JKizLx0a6BxUmjGOUNodHsLgAzWEgYB/eT83ILSktQi/eCcxLJUfQCng2qgxQAAAA==[0mSlave in /home/workspace/nowyjob
[8mha:////4GQEdim6JpBjSJm1rox6egoHFe44x1L7hPke2WQ0+au8AAAApR+LCAAAAAAAAP9tjTEOwjAUQ3+KOrAycoh0gA0xsUZZOEFIQkgb/d8mKe3EibgadyBQiQlLlmxL1nu+oE4RjhQdby12HpP2vA+jK4lPFLtroIm3dOGaMFGwXNpJkrGnpUrKFhaxClYC1hZ1oOTRZdiIVt1VExS65pxj2Q4CKm8GeAAThZxVzN8yR9jeRpMIf5y/AJj7DGxXvP/86jfoP95RwAAAAA==[0m[Pipeline] {
[8mha:////4KrRheegpUgpRyrmCjc2+/W2nkhXMaQZq9Mds9As0bNTAAAAoh+LCAAAAAAAAP9tjTEOAiEURD9rLGwtPQTbaGWsbAmNJ0AWEZb8zwLrbuWJvJp3kLiJlZNMMm+a93rDOic4UbLcG+wdZu14DKOti0+U+lugiXu6ck2YKRguzSSpM+cFJRUDS1gDKwEbgzpQdmgLbIVXD9UGhba9lFS/o4DGdQM8gYlqLiqVL8wJdvexy4Q/z18BzLEA29ce4gdpL1fxvAAAAA==[0m[Pipeline] readMavenPom
[8mha:////4IXlJK2eVzF+GNmYfPAUi6MIqGpCO9DUEZ7SvZrwnr1xAAAAoh+LCAAAAAAAAP9tjTEOAiEURD9rLGwtPQTbGBtjZUtoPAGyiLDkfxZYdytP5NW8g8RNrJxkknnTvNcb1jnBiZLl3mDvMGvHYxhtXXyi1N8CTdzTlWvCTMFwaSZJnTkvKKkYWMIaWAnYGNSBskNbYCu8eqg2KLTtpaT6HQU0rhvgCUxUc1GpfGFOsLuPXSb8ef4KYI4F2L72ED+qfHravAAAAA==[0m[Pipeline] readMavenPom
[8mha:////4E9vRRA6aCNJlWxomCQI7+9PQrQCzmK9XqqqJGMK9PNWAAAAph+LCAAAAAAAAP9tjTEOwjAUQ3+KOrAycoh0QWJATKxRFk4QkhDSRv+3SUo7cSKuxh0IVGLCkiXbkvWeL6hThCNFx1uLncekPe/D6EriE8XuGmjiLV24JkwULJd2kmTsaamSsoVFrIKVgLVFHSh5dBk2olV31QSFrjnnWLaDgMqbAR7ARCFnFfO3zBG2t9Ekwh/nLwDmPgPbFe8/v/oNP1aWNcAAAAA=[0m[Pipeline] withEnv
[8mha:////4FR614ekZP+/b+1nx6LHLmjvEFOAYbvL4iV2mV24qSulAAAApR+LCAAAAAAAAP9tjTEOwjAUQ3+KOrAycoh0BAkxsUZZOEFIQkgb/d8mKe3EibgadyBQiQlLlmxL1nu+oE4RjhQdby12HpP2vA+jK4lPFLtroIm3dOGaMFGwXNpJkrGnpUrKFhaxClYC1hZ1oOTRZdiIVt1VExS65pxj2Q4CKm8GeAAThZxVzN8yR9jeRpMIf5y/AJj7DGxXvP/86jfpX/cvwAAAAA==[0m[Pipeline] {
[8mha:////4DillU7MnpedNaQKb1I5wcfYiu0r0gUjpWhs+L9L2PVsAAAApR+LCAAAAAAAAP9tjTEOwjAUQ3+KOrAycoh0BSEm1igLJwhJCGmj/9skpZ04EVfjDgQqMWHJkm3Jes8X1CnCkaLjrcXOY9Ke92F0JfGJYncNNPGWLlwTJgqWSztJMva0VEnZwiJWwUrA2qIOlDy6DBvRqrtqgkLXnHMs20FA5c0AD2CikLOK+VvmCNvbaBLhj/MXAHOfge2K959f/QbB16AVwAAAAA==[0m[Pipeline] stage
[8mha:////4MkvKaNDhviHdb+jcHbsTWl77jgjIiytWRGVCG6PD1vTAAAAph+LCAAAAAAAAP9tjTEOwjAQBM9BKWgpeYQDJUJUtJYbXmBiY5xYd8G+kFS8iK/xBwKRqNhqZ6XVPF9Q5gQHSl42DtuAuQ6yi72fmhwotZdIg2zoLGvCTNFJ7QZN1h1n1MQO5ogCFgqWDutIOaBnWKnG3E0VDfrqxGna9gqKYG/wAKEmM5vEXxgTrK+9zYQ/z18BjB2D2DEU283nWL4Bsam+msEAAAA=[0m[Pipeline] { (Declarative: Tool Install)
[8mha:////4PDsikfDvZZCMKvc1Wwr+MIrhPEGsKdQ8pEcJghFV3mEAAAAox+LCAAAAAAAAP9tjTEOwjAQBC9BFLSUPOJCakRFa6XhBSYxxo5159gOTsWL+Bp/IBCJii1WO9vM8wXrGODIQaNV1BuKrUHvRj0vzBz6q+OMli/YMkV2ChuVG+7UacGGk4IlRQkrARtFreNoSCfYCivvsnKSdHVOYf4OAkrTDfCAQszmJEP6whRgdxu7yPTz/BXA5BOU9f5TtX8D0loxuL4AAAA=[0m[Pipeline] tool
[8mha:////4J3OjKNE9mJqFvVI0eRJZ6w6FdAe6js0RjIXW+Wl1sGEAAAAox+LCAAAAAAAAP9tjTEOwjAQBC9BFLSUPOICtIgqreWGF5jYGCfWnbEdkooX8TX+QCASFVusdraZ5wuWKcKRo8XWUOcoNQ6D7+20cODYXTwP2PIZG6bE3qA0g2Rt6hklZwNzihIWAlaGGs/Jkc2wFq26q8orstUpx+k7CCidvsEDCjGZs4r5C2OEzbXXienn+SuAMWQod9tP7cMbEQkck74AAAA=[0m[Pipeline] envVarsForTool
[8mha:////4MAmbC+MnUp7/YPVtebU11Bhapc/y7uYaOD17M8wGMu2AAAAox+LCAAAAAAAAP9tjTEOwjAQBC9BFLSUPOICokRUaS03vMDExjix7oztkFS8iK/xBwKRqNhitbPNPF+wTBGOHC22hjpHqXEYfG+nhQPH7uJ5wJbP2DAl9galGSRrU88oORuYU5SwELAy1HhOjmyGtWjVXVVeka1OOU7fQUDp9A0eUIjJnFXMXxgjbK69Tkw/z18BjCFkKHf7T23fF9V+kL4AAAA=[0m[Pipeline] }
[8mha:////4JHquq64q5GWNmGv4UGOcwe2u8WVKdOl83216x0/LGsXAAAApB+LCAAAAAAAAP9tjTEOwjAQBDdBFLSUPMIREg1CVLRWGl5gEmOcWHfBvpBUvIiv8QciIlGx1c4083pjmSKOHJ1qLLWeUuVVF3o3PTVwbK+BB9XwRVVMiYNVpR1Kru1pxpLFYl6WY6GxslQFTp6cYK0b8zBFMOSKs8TJHTRyX9/xRKanspgoXxgjNre+Tky/zt8Axq4T5NudINt/APjxdFm9AAAA[0m[Pipeline] // stage
[8mha:////4O1O18uiqq4JCPAwVXBf8rKYc/COTxbhxceCfVNmRYCMAAAApx+LCAAAAAAAAP9tjTEOwjAQBM9BKWgpeYQjCiQkREVrueEFJjbGiXUX7AtJxYv4Gn8gEImKrXZWWs3zBWVOcKDkZeOwDZjrILvY+6nJgVJ7iTTIhs6yJswUndRu0GTdcUZN7GCOKGChYOmwjpQDeoaVaszdVNGgr06cpm2voAj2Bg8QajKzSfyFMcH62ttM+PP8FcDYMYgdQ7HZfo7lG8Ln/QvBAAAA[0m[Pipeline] withEnv
[8mha:////4EW+c28qYusDiMP5Er50heW0HAWjWHuyIOEVUYnNb7/TAAAApx+LCAAAAAAAAP9tjTEOwjAUQ3+LOrAycohUDLAgpq5RFk4QmhDSRv+Xn5R24kRcjTvQUokJD5ZtyXqvNxSR4UTsRGOx9RhrL7rQuymJgbi9BhpEQxdRE0YKVig7KDK2WqqiZGFRlsNKwtpiHSh6dAk2stEPXQaNrjwnnrajhNybOzwhkxM5aU7fMjJsb72JhD/OXwCMXYJ8t5/tMD+LD/s94rDCAAAA[0m[Pipeline] {
[8mha:////4I6GjBHc4x71Xzv+0AadRxO0tNUxPeb+BFgw8JcdzcVHAAAApx+LCAAAAAAAAP9tjTEOwjAUQ3+LOrAycohULDAgpq5RFk4QmhDSRv+Xn5R24kRcjTvQUokJD5ZtyXqvNxSR4UTsRGOx9RhrL7rQuymJgbi9BhpEQxdRE0YKVig7KDK2WqqiZGFRlsNKwtpiHSh6dAk2stEPXQaNrjwnnrajhNybOzwhkxM5aU7fMjJsb72JhD/OXwCMXYJ8t5/tMD+LD1+IXOLCAAAA[0m[Pipeline] stage
[8mha:////4NBqbEjwsE+LclYGcaAu51pR8Cop7VTzwdolbfxSedp7AAAApx+LCAAAAAAAAP9tjTEOwjAUQ3+LOrAycohUTCAhpq5RFk4QmhDSRv+Xn5R24kRcjTvQUokJD5ZtyXqvNxSR4UTsRGOx9RhrL7rQuymJgbi9BhpEQxdRE0YKVig7KDK2WqqiZGFRlsNKwtpiHSh6dAk2stEPXQaNrjwnnrajhNybOzwhkxM5aU7fMjJsb72JhD/OXwCMXYJ8t5/tMD+LD0rlhNLCAAAA[0m[Pipeline] { (Clear running apps)
[8mha:////4PYLLlDqaIiXXFwYKfMLgns1XsCyDjVL6wJZFNJXzJ+gAAAApB+LCAAAAAAAAP9tjTEOwjAQBC9BFLSUPOIiOhCiSmu54QUmNsaJdWdsh6TiRXyNPxCIRMUWq51t5vmCZYpw5GixNdQ5So3D4Hs7LRw4dhfPA7Z8xoYpsTcozSBZm3pGydnAnKKEhYCVocZzcmQzrEWr7qryimx1ynH6DgJKp2/wgEJM5qxi/sIYYXPtdWL6ef4KYAwZyu3uU/vwBr2eB0O+AAAA[0m[Pipeline] tool
[8mha:////4CNSDJmcnyBARPU7g+7fGXWmAigiHBTuYHjYmQC6BNw9AAAApR+LCAAAAAAAAP9tjTEOwjAQBC9BFLSUPOICVEgoFa3lhheYxBgn1l2wHZyKF/E1/oBFJCq2WO1sM683LIOHmr3BTlNvKTQWBzeavDCx76+OE3Z8wYYpsNModZLc6tOMkqOGOUUJCwErTY3jYMlEWItOPVTlFJnqHH3+jgJK297hCYXI5qh8/MLkYXMb28D08/wVwDREKHeHXPvt8AGtm4OQvgAAAA==[0m[Pipeline] envVarsForTool
[8mha:////4OPnEqEDCogVjY7BRttBxvZ+E/4NJvUJOjuoC30EiVykAAAAqB+LCAAAAAAAAP9tjTEOwjAUQ3+LOrAycohUZUJCTF2jLpwgNCEkjf4vSUo6cSKuxh0IVGLCg2Vbst7zBVXwcCSvmVU4GAy9YaObdE4skR8ujhKzdGY9YSCnWKdSR1K1S+0oKlhUlLDisFbYOwoGdYQNt+IuaidQ16fo83bgUBp5gwcUPJOj8PFbZg/b6yQD4Y/zFwDzGKFs9tl2zedZvQHZWptXwgAAAA==[0m[Pipeline] withEnv
[8mha:////4ONbC7qIx6aPeLeCbuimus73c+GVce7BzDxre7EPiHNxAAAAph+LCAAAAAAAAP9tjTEOwjAUQ3+DOrAycohUdEVMrFEXThCaEJJG/7dJSjpxIq7GHWipxIQHy7ZkvdcbyhjgRMFwp7GzGFvLez+aOfFMobt5ytzRlbeEkbzmjc4NKX1ea0NJw6qCwUbAVmPrKVo0CXbCyYesvERTXVKYt6MAZtUATyjETE4ypG+ZAuzvo4qEP85fAEx9AlYfFquXZ/kBAsTc3cIAAAA=[0m[Pipeline] {
[8mha:////4Fq9ACJQcqU9wwWsr+As/g3jNbARFxViEAgyqe7auylPAAAAox+LCAAAAAAAAP9tjTESwiAURH/iWNhaeggyE0vHypah8QSYIEKY/wkQSeWJvJp3EM2MlVvs7NvmPV+wjgGOFDSzCgeDsTPMu0mXxTKF4eooM0sX1hFGcooJlQX16rSgoKRgSVXDisNGYecoGtQJttzKu2ycRN2cUyjfgUNt+hEeUPFiTjKkL8wBdrepj4Q/z18BzD5B3baf2vs3w5BRkb4AAAA=[0m[Pipeline] sh
+ docker rm -f pandaapp
Error: No such container: pandaapp
[8mha:////4EZdya8DfTxLlsmtIOyCJUIOpIZ7rt6tka7VuKI7/WljAAAApB+LCAAAAAAAAP9tjbEOwiAURV9rHFwd/QiaNG7GyZWw+AXYIkLJexSodPKL/DX/QbSJk3e4uecu5/mCdQxwpKCZVTgYjJ1h3k26LJYpDFdHmVm6sI4wklNMqCyoV6cFBSUFS6oaVhw2CjtH0aBOsOVW3mXjJOrmnEL5Dhxq04/wgIoXc5IhfWEOsLtNfST8ef4KYPY+Qd3uP9W+Ad3NsHm+AAAA[0m[Pipeline] }
[8mha:////4FckVha93EVMBqG2expiiAKakeDQv1IinvoXj5dw40noAAAApB+LCAAAAAAAAP9tjTEOwjAQBC9BFLSUPOIikKgQVVrLDS8wsTFOrDtjOyQVL+Jr/IFAJCq2WO1sM88XLFOEI0eLraHOUWocBt/baeHAsbt4HrDlMzZMib1BaQbJ2tQzSs4G5hQlLASsDDWekyObYS1adVeVV2SrU47TdxBQOn2DBxRiMmcV8xfGCJtrrxPTz/NXAGMIGcrd/lPbN8JP5Su+AAAA[0m[Pipeline] // withEnv
[8mha:////4G4KbVvo7HMwoBCHFQe48hWalXnC2yEewq/KK95f0gFjAAAAph+LCAAAAAAAAP9tjTEOwjAQBC9BFLSUPOIiKBASSkVrueEFJjHGiXUXbAen4kV8jT9gEYmKLVY728zrDcvgoWZvsNPUWwqNxcGNJi9M7Pur44QdX7BhCuw0Sp0kt/o0o+SoYU5RwkLASlPjOFgyEdaiUw9VOUWmOkefv6OA0rZ3eEIhsjkqH78wedjcxjYw/Tx/BTANQ4Ryt8+1PXwAC9aA/74AAAA=[0m[Pipeline] }
[8mha:////4GlBLFCnmYW3K/2fcnZhzWTbFnKXNTUlHj9OfKs5jHitAAAApR+LCAAAAAAAAP9tjTEOwjAQBC9BFLSUPOIiaFIgqrRWGl5gYmOcWHfGdkgqXsTX+AMWkajYYrWzzbzesI4BThwM9poGS7Gz6N1o8sKJw3B1PGHPF+yYIjuNrZ5aVrpZsOWkYUlRwkrARlPnOFoyCbailw9ZOUmmOqeQv6OA0qo7PKEQ2ZxkSF+YA+xuo4pMP89fAczeJygPda59/QE/GGOkvgAAAA==[0m[Pipeline] // stage
[8mha:////4CdKegts18866h5wlqcj2MRZzvY0+wZ8YRrDBqnFP8mQAAAAqB+LCAAAAAAAAP9tjTEOwjAUQ3+LOrAycohUMCAk1Ik16sIJQhNC0uj/kqSkEyfiatyBQCUmPFi2Jes9X1AFDw15zazC3mDoDBvcqHNiiXx/cZSYpTPrCAM5xVqVWpLqONeWooJZRQkLDkuFnaNgUEdYcSvuonYCdX2KPm8HDqWRN3hAwTM5Ch+/ZfKwvo4yEP44fwEwDRHKzS7bdv95Vm8XIOIiwgAAAA==[0m[Pipeline] stage
[8mha:////4FKmCPiAgHrcz6ADoKRL7nvgzKEsoaSbTKxyL3ss7fS4AAAApx+LCAAAAAAAAP9tjTEOwjAUQ3+LOrAycohUYgIhpq5RFk4QmhDSRv+Xn5R24kRcjTvQUokJD5ZtyXqvNxSR4UTsRGOx9RhrL7rQuymJgbi9BhpEQxdRE0YKVig7KDK2WqqiZGFRlsNKwtpiHSh6dAk2stEPXQaNrjwnnrajhNybOzwhkxM5aU7fMjJsb72JhD/OXwCMXYJ8t5/tMD+LD0QKVszCAAAA[0m[Pipeline] { (Get code)
[8mha:////4Pgrv+mxAJTlY8KfaoK+YSfvyLOzZOICV5BGDOL9MNAGAAAApR+LCAAAAAAAAP9tjTEOwjAQBC9BFLSUPOKCoEIoFa3lhheYxBgn1l2wHZyKF/E1/oBFJCq2WO1sM683LIOHmr3BTlNvKTQWBzeavDCx76+OE3Z8wYYpsNModZLc6tOMkqOGOUUJCwErTY3jYMlEWItOPVTlFJnqHH3+jgJK297hCYXI5qh8/MLkYXMb28D08/wVwDREKHeHXPvt8AHN/bm5vgAAAA==[0m[Pipeline] tool
[8mha:////4HVj7ilEC03mY1o6694ylJIUZeHRnGFW84P2bETM5V9SAAAApR+LCAAAAAAAAP9tjTEOwjAQBC9BFLSUPOIioEIoFa3lhheYxBgn1l2wHZyKF/E1/oBFJCq2WO1sM683LIOHmr3BTlNvKTQWBzeavDCx76+OE3Z8wYYpsNModZLc6tOMkqOGOUUJCwErTY3jYMlEWItOPVTlFJnqHH3+jgJK297hCYXI5qh8/MLkYXMb28D08/wVwDREKHeHXPvt8AGMzKKgvgAAAA==[0m[Pipeline] envVarsForTool
[8mha:////4K6fik04APDPHymcHTRIWQdBuuoWp5N/XgkKvmXuqzpSAAAAqB+LCAAAAAAAAP9tjTEOwjAUQ3+LOrAycohUKhNCTF2jLpwgNCEkjf4vSUo6cSKuxh0IVGLCg2Vbst7zBVXwcCSvmVU4GAy9YaObdE4skR8ujhKzdGY9YSCnWKdSR1K1S+0oKlhUlLDisFbYOwoGdYQNt+IuaidQ16fo83bgUBp5gwcUPJOj8PFbZg/b6yQD4Y/zFwDzGKFs9tl2zedZvQHzLmjBwgAAAA==[0m[Pipeline] withEnv
[8mha:////4DNboK02CU7cYiLKM06SESWNmQ6HGgYUCR/Btm4EkxGYAAAAph+LCAAAAAAAAP9tjTEOwjAUQ3+DOrAycohUoiNiYo26cILQhJA0+r9NUtKJE3E17kBLJSY8WLYl673eUMYAJwqGO42dxdha3vvRzIlnCt3NU+aOrrwljOQ1b3RuSOnzWhtKGlYVDDYCthpbT9GiSbATTj5k5SWa6pLCvB0FMKsGeEIhZnKSIX3LFGB/H1Uk/HH+AmDqE7D6sFi9PMsPfTawssIAAAA=[0m[Pipeline] {
[8mha:////4KwppwLyx94sNWIqV89AgFZKfMmGdDvofyppYAOFvgDiAAAAox+LCAAAAAAAAP9tjTESwiAURH/iWNhaeghSxM6xsmVoPAEmiBDmfwJEUnkir+YdRDNj5RY7+7Z5zxesY4AjBc2swsFg7AzzbtJlsUxhuDrKzNKFdYSRnGJCZUG9Oi0oKClYUtWw4rBR2DmKBnWCLbfyLhsnUTfnFMp34FCbfoQHVLyYkwzpC3OA3W3qI+HP81cAs09Qt+2n9v4NGWcPtb4AAAA=[0m[Pipeline] git
The recommended git tool is: NONE
No credentials specified
Fetching changes from the remote Git repository
 > git rev-parse --resolve-git-dir /home/workspace/nowyjob/.git # timeout=10
 > git config remote.origin.url https://github.com/AndrzejGRU/panda_application.git # timeout=10
Fetching upstream changes from https://github.com/AndrzejGRU/panda_application.git
 > git --version # timeout=10
 > git --version # 'git version 2.17.1'
 > git fetch --tags --progress -- https://github.com/AndrzejGRU/panda_application.git +refs/heads/*:refs/remotes/origin/* # timeout=10
Checking out Revision 5fe5baab92ef2c863bf2303f6a42299484cda365 (refs/remotes/origin/pipeline)
 > git rev-parse refs/remotes/origin/pipeline^{commit} # timeout=10
 > git config core.sparsecheckout # timeout=10
 > git checkout -f 5fe5baab92ef2c863bf2303f6a42299484cda365 # timeout=10
 > git branch -a -v --no-abbrev # timeout=10
Commit message: "55"
 > git branch -D pipeline # timeout=10
 > git checkout -b pipeline 5fe5baab92ef2c863bf2303f6a42299484cda365 # timeout=10
 > git rev-list --no-walk f39116de9c8c0f48c624b7c8f4ebe42e0aafbb43 # timeout=10
[8mha:////4Ml7mY3y/vGiT4+o2w/LGciamWlt1qxfU0hIN3IRbvJ/AAAAox+LCAAAAAAAAP9tjTESwiAURH/iWNhaeghSZKwcK1uGxhNggghh/idAJJUn8mreQTQzVm6xs2+b93zBOgY4UtDMKhwMxs4w7yZdFssUhqujzCxdWEcYySkmVBbUq9OCgpKCJVUNKw4bhZ2jaFAn2HIr77JxEnVzTqF8Bw616Ud4QMWLOcmQvjAH2N2mPhL+PH8FMHufoG73n2rfGxSHer4AAAA=[0m[Pipeline] }
[8mha:////4DLT4Y0Wo9u5MBdbRS01LxnUda1f24MxYHYPzIi7QzHjAAAApR+LCAAAAAAAAP9tjTEOwjAQBC9BFLSUPOIigUSDqNJabniBiY1xYt0Z2yGpeBFf4w8EIlGxxWpnm3m+YJkiHDlabA11jlLjMPjeTgsHjt3F84Atn7FhSuwNSjNI1qaeUXI2MKcoYSFgZajxnBzZDGvRqruqvCJbnXKcvoOA0ukbPKAQkzmrmL8wRthce52Yfp6/AhhDyFDu9p/avgEjVhSLvgAAAA==[0m[Pipeline] // withEnv
[8mha:////4DF0xZZEessZuSvWXKaSDr9wl6OPd74A/8pswl/X0cBGAAAAph+LCAAAAAAAAP9tjTEOwjAQBC9BFLSUPOIiQYEQSkVrueEFJjHGiXUXbAen4kV8jT9gEYmKLVY728zrDcvgoWZvsNPUWwqNxcGNJi9M7Pur44QdX7BhCuw0Sp0kt/o0o+SoYU5RwkLASlPjOFgyEdaiUw9VOUWmOkefv6OA0rZ3eEIhsjkqH78wedjcxjYw/Tx/BTANQ4Ryt8+1PXwAT22Bzr4AAAA=[0m[Pipeline] }
[8mha:////4BT7bT67OiQdCaTg2fLqSINSXxbAFw4yn/hrNbWV3HglAAAApR+LCAAAAAAAAP9tjTEOwjAQBC9BFLSUPOIiQRMJUaW10vACExvjxLoztkNS8SK+xh+wiETFFqudbeb1hnUMcOJgsNc0WIqdRe9GkxdOHIar4wl7vmDHFNlpbPXUstLNgi0nDUuKElYCNpo6x9GSSbAVvXzIykky1TmF/B0FlFbd4QmFyOYkQ/rCHGB3G1Vk+nn+CmD2PkF5qHPt6w8M79BIvgAAAA==[0m[Pipeline] // stage
[8mha:////4F2TRLapHxwgVxERUnYxv21wJh9SKWt8BdO3mwvCkllgAAAAqB+LCAAAAAAAAP9tjUEKwjAURH8rXbh16SFSRBBEunIbuvEEsYkxafi/JqnpyhN5Ne9gtODKWQwzA8N7vqAKHhrymlmFvcHQGTa4UefEEvn+4igxS2fWEQZyirUqtSTVca4tRQWzihIWHJYKO0fBoI6w4lbcRe0E6voUfd4OHEojb/CAgmdyFD5+y+RhfR1lIPxx/gJgGiKUm1227f7zrN4G+MlPwgAAAA==[0m[Pipeline] stage
[8mha:////4P11ctBEqSUJ/S50E+EJ1jZY9fSF+et07GHGML2+wVTeAAAAqB+LCAAAAAAAAP9tjTEOwjAUQ3+LOrAycogUCRaEOrFGXThBaEJIGv1fkpR04kRcjTsQqMSEB8u2ZL3nC6rgoSGvmVXYGwydYYMbdU4ske8vjhKzdGYdYSCnWKtSS1Id59pSVDCrKGHBYamwcxQM6ggrbsVd1E6grk/R5+3AoTTyBg8oeCZH4eO3TB7W11EGwh/nLwCmIUK53WfbbT7P6g0Z/aLSwgAAAA==[0m[Pipeline] { (Build and Junit)
[8mha:////4EswkQ6V2Y77suPcgSN/5F9PXdyutBCavH73dn0X4EDPAAAApB+LCAAAAAAAAP9tjTEOwjAQBC9BFLSUPOICEh2iSmu54QUmNsaJdWdsh6TiRXyNPxCIRMUWq51t5vmCZYpw5GixNdQ5So3D4Hs7LRw4dhfPA7Z8xoYpsTcozSBZm3pGydnAnKKEhYCVocZzcmQzrEWr7qryimx1ynH6DgJKp2/wgEJM5qxi/sIYYXPtdWL6ef4KYAwZyv32U7vwBl2WGva+AAAA[0m[Pipeline] tool
[8mha:////4KkMEOuf19BUcZRnrbECuXMJlg+XvW5mLWNbm1TzxzxuAAAApB+LCAAAAAAAAP9tjTEOwjAQBC9BFLSUPOKCEB2iSmu54QUmNsaJdWdsh6TiRXyNPxCIRMUWq51t5vmCZYpw5GixNdQ5So3D4Hs7LRw4dhfPA7Z8xoYpsTcozSBZm3pGydnAnKKEhYCVocZzcmQzrEWr7qryimx1ynH6DgJKp2/wgEJM5qxi/sIYYXPtdWL6ef4KYAwZyv32U7vwBp7FN92+AAAA[0m[Pipeline] envVarsForTool
[8mha:////4NDalfbbilMDpdUD08OuCstrCWhDXKNBElqavSKLkbEsAAAApx+LCAAAAAAAAP9tjTEOwjAUQ3+LOrAycogUCTbE1DXKwglCE0La6P/yk9JOnIircQdaKjHhwbItWe/1hiIynIidaCy2HmPtRRd6NyUxELfXQINo6CJqwkjBCmUHRcZWS1WULCzKclhJWFusA0WPLsFGNvqhy6DRlefE03aUkHtzhydkciInzelbRobtrTeR8Mf5C4CxS5AfdrPt52fxAb1Y41vCAAAA[0m[Pipeline] withEnv
[8mha:////4Ef+zqWgkAPQbGFBmfqVEyXIP73HmIcwgdHLSTxXzoFGAAAAph+LCAAAAAAAAP9tjTEOwjAUQ3+DOrAycoh0oBtiYo26cILQhJA0+r9NUtKJE3E17kBLJSY8WLYl673eUMYAJwqGO42dxdha3vvRzIlnCt3NU+aOrrwljOQ1b3RuSOnzWhtKGlYVDDYCthpbT9GiSbATTj5k5SWa6pLCvB0FMKsGeEIhZnKSIX3LFGB/H1Uk/HH+AmDqE7D6sFi9PMsPBA4E38IAAAA=[0m[Pipeline] {
[8mha:////4NX1eZKz9ob/QZXLqHz1Xml0mfH7HU/HJLS5HzHJPkqZAAAAox+LCAAAAAAAAP9tjTESwiAURH/iWNhaegjSxMqxsmVoPAEmiBDmfwJEUnkir+YdRDNj5RY7+7Z5zxesY4AjBc2swsFg7AzzbtJlsUxhuDrKzNKFdYSRnGJCZUG9Oi0oKClYUtWw4rBR2DmKBnWCLbfyLhsnUTfnFMp34FCbfoQHVLyYkwzpC3OA3W3qI+HP81cAs09Qt+2n9v4NSnc5Zr4AAAA=[0m[Pipeline] sh
+ mvn clean install
[INFO] Scanning for projects...
[INFO] 
[INFO] --------------------------< pl.pandait:panda >--------------------------
[INFO] Building panda 0.0.1
[INFO] --------------------------------[ jar ]---------------------------------
[INFO] 
[INFO] --- maven-clean-plugin:3.1.0:clean (default-clean) @ panda ---
[INFO] Deleting /home/workspace/nowyjob/target
[INFO] 
[INFO] --- maven-resources-plugin:3.1.0:resources (default-resources) @ panda ---
[INFO] Using 'UTF-8' encoding to copy filtered resources.
[INFO] Copying 1 resource
[INFO] Copying 2 resources
[INFO] 
[INFO] --- maven-compiler-plugin:3.8.1:compile (default-compile) @ panda ---
[INFO] Changes detected - recompiling the module!
[INFO] Compiling 2 source files to /home/workspace/nowyjob/target/classes
[INFO] 
[INFO] --- maven-compiler-plugin:3.8.1:compile (default) @ panda ---
[INFO] Changes detected - recompiling the module!
[INFO] Compiling 2 source files to /home/workspace/nowyjob/target/classes
[INFO] 
[INFO] --- maven-resources-plugin:3.1.0:testResources (default-testResources) @ panda ---
[INFO] Using 'UTF-8' encoding to copy filtered resources.
[INFO] skip non existing resourceDirectory /home/workspace/nowyjob/src/test/resources
[INFO] 
[INFO] --- maven-compiler-plugin:3.8.1:testCompile (default-testCompile) @ panda ---
[INFO] Changes detected - recompiling the module!
[INFO] Compiling 3 source files to /home/workspace/nowyjob/target/test-classes
[INFO] 
[INFO] --- maven-surefire-plugin:2.22.2:test (default-test) @ panda ---
[INFO] 
[INFO] -------------------------------------------------------
[INFO]  T E S T S
[INFO] -------------------------------------------------------
[INFO] Running pl.pandait.panda.PandaApplicationTest
17:34:28.702 [main] DEBUG org.springframework.test.context.BootstrapUtils - Instantiating CacheAwareContextLoaderDelegate from class [org.springframework.test.context.cache.DefaultCacheAwareContextLoaderDelegate]
17:34:28.747 [main] DEBUG org.springframework.test.context.BootstrapUtils - Instantiating BootstrapContext using constructor [public org.springframework.test.context.support.DefaultBootstrapContext(java.lang.Class,org.springframework.test.context.CacheAwareContextLoaderDelegate)]
17:34:29.040 [main] DEBUG org.springframework.test.context.BootstrapUtils - Instantiating TestContextBootstrapper for test class [pl.pandait.panda.PandaApplicationTest] from class [org.springframework.boot.test.context.SpringBootTestContextBootstrapper]
17:34:29.103 [main] INFO org.springframework.boot.test.context.SpringBootTestContextBootstrapper - Neither @ContextConfiguration nor @ContextHierarchy found for test class [pl.pandait.panda.PandaApplicationTest], using SpringBootContextLoader
17:34:29.113 [main] DEBUG org.springframework.test.context.support.AbstractContextLoader - Did not detect default resource location for test class [pl.pandait.panda.PandaApplicationTest]: class path resource [pl/pandait/panda/PandaApplicationTest-context.xml] does not exist
17:34:29.114 [main] DEBUG org.springframework.test.context.support.AbstractContextLoader - Did not detect default resource location for test class [pl.pandait.panda.PandaApplicationTest]: class path resource [pl/pandait/panda/PandaApplicationTestContext.groovy] does not exist
17:34:29.116 [main] INFO org.springframework.test.context.support.AbstractContextLoader - Could not detect default resource locations for test class [pl.pandait.panda.PandaApplicationTest]: no resource found for suffixes {-context.xml, Context.groovy}.
17:34:29.142 [main] INFO org.springframework.test.context.support.AnnotationConfigContextLoaderUtils - Could not detect default configuration classes for test class [pl.pandait.panda.PandaApplicationTest]: PandaApplicationTest does not declare any static, non-private, non-final, nested classes annotated with @Configuration.
17:34:29.340 [main] DEBUG org.springframework.test.context.support.ActiveProfilesUtils - Could not find an 'annotation declaring class' for annotation type [org.springframework.test.context.ActiveProfiles] and class [pl.pandait.panda.PandaApplicationTest]
17:34:29.656 [main] DEBUG org.springframework.context.annotation.ClassPathScanningCandidateComponentProvider - Identified candidate component class: file [/home/workspace/nowyjob/target/classes/pl/pandait/panda/PandaApplication.class]
17:34:29.699 [main] INFO org.springframework.boot.test.context.SpringBootTestContextBootstrapper - Found @SpringBootConfiguration pl.pandait.panda.PandaApplication for test class pl.pandait.panda.PandaApplicationTest
17:34:30.381 [main] DEBUG org.springframework.boot.test.context.SpringBootTestContextBootstrapper - @TestExecutionListeners is not present for class [pl.pandait.panda.PandaApplicationTest]: using defaults.
17:34:30.384 [main] INFO org.springframework.boot.test.context.SpringBootTestContextBootstrapper - Loaded default TestExecutionListener class names from location [META-INF/spring.factories]: [org.springframework.boot.test.mock.mockito.MockitoTestExecutionListener, org.springframework.boot.test.mock.mockito.ResetMocksTestExecutionListener, org.springframework.boot.test.autoconfigure.restdocs.RestDocsTestExecutionListener, org.springframework.boot.test.autoconfigure.web.client.MockRestServiceServerResetTestExecutionListener, org.springframework.boot.test.autoconfigure.web.servlet.MockMvcPrintOnlyOnFailureTestExecutionListener, org.springframework.boot.test.autoconfigure.web.servlet.WebDriverTestExecutionListener, org.springframework.test.context.web.ServletTestExecutionListener, org.springframework.test.context.support.DirtiesContextBeforeModesTestExecutionListener, org.springframework.test.context.support.DependencyInjectionTestExecutionListener, org.springframework.test.context.support.DirtiesContextTestExecutionListener, org.springframework.test.context.transaction.TransactionalTestExecutionListener, org.springframework.test.context.jdbc.SqlScriptsTestExecutionListener, org.springframework.test.context.event.EventPublishingTestExecutionListener]
17:34:30.448 [main] DEBUG org.springframework.boot.test.context.SpringBootTestContextBootstrapper - Skipping candidate TestExecutionListener [org.springframework.test.context.transaction.TransactionalTestExecutionListener] due to a missing dependency. Specify custom listener classes or make the default listener classes and their required dependencies available. Offending class: [org/springframework/transaction/interceptor/TransactionAttributeSource]
17:34:30.452 [main] DEBUG org.springframework.boot.test.context.SpringBootTestContextBootstrapper - Skipping candidate TestExecutionListener [org.springframework.test.context.jdbc.SqlScriptsTestExecutionListener] due to a missing dependency. Specify custom listener classes or make the default listener classes and their required dependencies available. Offending class: [org/springframework/transaction/interceptor/TransactionAttribute]
17:34:30.457 [main] INFO org.springframework.boot.test.context.SpringBootTestContextBootstrapper - Using TestExecutionListeners: [org.springframework.test.context.web.ServletTestExecutionListener@79c97cb, org.springframework.test.context.support.DirtiesContextBeforeModesTestExecutionListener@2d9caaeb, org.springframework.boot.test.mock.mockito.MockitoTestExecutionListener@42a15bdc, org.springframework.boot.test.autoconfigure.SpringBootDependencyInjectionTestExecutionListener@44a59da3, org.springframework.test.context.support.DirtiesContextTestExecutionListener@27e47833, org.springframework.test.context.event.EventPublishingTestExecutionListener@6f6745d6, org.springframework.boot.test.mock.mockito.ResetMocksTestExecutionListener@27508c5d, org.springframework.boot.test.autoconfigure.restdocs.RestDocsTestExecutionListener@4f704591, org.springframework.boot.test.autoconfigure.web.client.MockRestServiceServerResetTestExecutionListener@4b5189ac, org.springframework.boot.test.autoconfigure.web.servlet.MockMvcPrintOnlyOnFailureTestExecutionListener@1e4d3ce5, org.springframework.boot.test.autoconfigure.web.servlet.WebDriverTestExecutionListener@3ddc6915]
17:34:30.558 [main] DEBUG org.springframework.test.context.support.AbstractDirtiesContextTestExecutionListener - Before test class: context [DefaultTestContext@6d7fc27 testClass = PandaApplicationTest, testInstance = [null], testMethod = [null], testException = [null], mergedContextConfiguration = [WebMergedContextConfiguration@45ac5f9b testClass = PandaApplicationTest, locations = '{}', classes = '{class pl.pandait.panda.PandaApplication}', contextInitializerClasses = '[]', activeProfiles = '{}', propertySourceLocations = '{}', propertySourceProperties = '{org.springframework.boot.test.context.SpringBootTestContextBootstrapper=true}', contextCustomizers = set[org.springframework.boot.test.context.filter.ExcludeFilterContextCustomizer@f2ff811, org.springframework.boot.test.json.DuplicateJsonObjectContextCustomizerFactory$DuplicateJsonObjectContextCustomizer@2a266d09, org.springframework.boot.test.mock.mockito.MockitoContextCustomizer@0, org.springframework.boot.test.web.client.TestRestTemplateContextCustomizer@c03cf28, org.springframework.boot.test.autoconfigure.properties.PropertyMappingContextCustomizer@0, org.springframework.boot.test.autoconfigure.web.servlet.WebDriverContextCustomizerFactory$Customizer@55b53d44], resourceBasePath = 'src/main/webapp', contextLoader = 'org.springframework.boot.test.context.SpringBootContextLoader', parent = [null]], attributes = map['org.springframework.test.context.web.ServletTestExecutionListener.activateListener' -> true]], class annotated with @DirtiesContext [false] with mode [null].
17:34:30.694 [main] DEBUG org.springframework.test.context.support.TestPropertySourceUtils - Adding inlined properties to environment: {spring.jmx.enabled=false, org.springframework.boot.test.context.SpringBootTestContextBootstrapper=true, server.port=-1}

  .   ____          _            __ _ _
 /\\ / ___'_ __ _ _(_)_ __  __ _ \ \ \ \
( ( )\___ | '_ | '_| | '_ \/ _` | \ \ \ \
 \\/  ___)| |_)| | | | | || (_| |  ) ) ) )
  '  |____| .__|_| |_|_| |_\__, | / / / /
 =========|_|==============|___/=/_/_/_/
 :: Spring Boot ::        (v2.2.4.RELEASE)

2021-06-23 17:34:33.037  INFO 4043 --- [           main] pl.pandait.panda.PandaApplicationTest    : Starting PandaApplicationTest on 9460ae46eabc with PID 4043 (started by root in /home/workspace/nowyjob)
2021-06-23 17:34:33.045  INFO 4043 --- [           main] pl.pandait.panda.PandaApplicationTest    : No active profile set, falling back to default profiles: default
2021-06-23 17:34:38.380  INFO 4043 --- [           main] o.s.s.concurrent.ThreadPoolTaskExecutor  : Initializing ExecutorService 'applicationTaskExecutor'
2021-06-23 17:34:38.736  INFO 4043 --- [           main] o.s.b.a.w.s.WelcomePageHandlerMapping    : Adding welcome page: class path resource [static/index.html]
2021-06-23 17:34:39.621  INFO 4043 --- [           main] pl.pandait.panda.PandaApplicationTest    : Started PandaApplicationTest in 8.879 seconds (JVM running for 14.698)
[INFO] Tests run: 1, Failures: 0, Errors: 0, Skipped: 0, Time elapsed: 12.464 s - in pl.pandait.panda.PandaApplicationTest
[INFO] Running pl.pandait.panda.HelloControllerTest
2021-06-23 17:34:40.604  INFO 4043 --- [           main] .b.t.c.SpringBootTestContextBootstrapper : Neither @ContextConfiguration nor @ContextHierarchy found for test class [pl.pandait.panda.HelloControllerTest], using SpringBootContextLoader
2021-06-23 17:34:40.622  INFO 4043 --- [           main] o.s.t.c.support.AbstractContextLoader    : Could not detect default resource locations for test class [pl.pandait.panda.HelloControllerTest]: no resource found for suffixes {-context.xml, Context.groovy}.
2021-06-23 17:34:40.635  INFO 4043 --- [           main] t.c.s.AnnotationConfigContextLoaderUtils : Could not detect default configuration classes for test class [pl.pandait.panda.HelloControllerTest]: HelloControllerTest does not declare any static, non-private, non-final, nested classes annotated with @Configuration.
2021-06-23 17:34:40.666  INFO 4043 --- [           main] .b.t.c.SpringBootTestContextBootstrapper : Found @SpringBootConfiguration pl.pandait.panda.PandaApplication for test class pl.pandait.panda.HelloControllerTest
2021-06-23 17:34:40.670  INFO 4043 --- [           main] .b.t.c.SpringBootTestContextBootstrapper : Loaded default TestExecutionListener class names from location [META-INF/spring.factories]: [org.springframework.boot.test.mock.mockito.MockitoTestExecutionListener, org.springframework.boot.test.mock.mockito.ResetMocksTestExecutionListener, org.springframework.boot.test.autoconfigure.restdocs.RestDocsTestExecutionListener, org.springframework.boot.test.autoconfigure.web.client.MockRestServiceServerResetTestExecutionListener, org.springframework.boot.test.autoconfigure.web.servlet.MockMvcPrintOnlyOnFailureTestExecutionListener, org.springframework.boot.test.autoconfigure.web.servlet.WebDriverTestExecutionListener, org.springframework.test.context.web.ServletTestExecutionListener, org.springframework.test.context.support.DirtiesContextBeforeModesTestExecutionListener, org.springframework.test.context.support.DependencyInjectionTestExecutionListener, org.springframework.test.context.support.DirtiesContextTestExecutionListener, org.springframework.test.context.transaction.TransactionalTestExecutionListener, org.springframework.test.context.jdbc.SqlScriptsTestExecutionListener, org.springframework.test.context.event.EventPublishingTestExecutionListener]
2021-06-23 17:34:40.672  INFO 4043 --- [           main] .b.t.c.SpringBootTestContextBootstrapper : Using TestExecutionListeners: [org.springframework.test.context.web.ServletTestExecutionListener@72bd2871, org.springframework.test.context.support.DirtiesContextBeforeModesTestExecutionListener@77429040, org.springframework.boot.test.mock.mockito.MockitoTestExecutionListener@2d2b6960, org.springframework.boot.test.autoconfigure.SpringBootDependencyInjectionTestExecutionListener@38291795, org.springframework.test.context.support.DirtiesContextTestExecutionListener@234c5e41, org.springframework.test.context.event.EventPublishingTestExecutionListener@40ef0af8, org.springframework.boot.test.mock.mockito.ResetMocksTestExecutionListener@36790bec, org.springframework.boot.test.autoconfigure.restdocs.RestDocsTestExecutionListener@461c3709, org.springframework.boot.test.autoconfigure.web.client.MockRestServiceServerResetTestExecutionListener@7e3d7dd, org.springframework.boot.test.autoconfigure.web.servlet.MockMvcPrintOnlyOnFailureTestExecutionListener@3f63a513, org.springframework.boot.test.autoconfigure.web.servlet.WebDriverTestExecutionListener@413bef78]

  .   ____          _            __ _ _
 /\\ / ___'_ __ _ _(_)_ __  __ _ \ \ \ \
( ( )\___ | '_ | '_| | '_ \/ _` | \ \ \ \
 \\/  ___)| |_)| | | | | || (_| |  ) ) ) )
  '  |____| .__|_| |_|_| |_\__, | / / / /
 =========|_|==============|___/=/_/_/_/
 :: Spring Boot ::        (v2.2.4.RELEASE)

2021-06-23 17:34:40.773  INFO 4043 --- [           main] pl.pandait.panda.HelloControllerTest     : Starting HelloControllerTest on 9460ae46eabc with PID 4043 (started by root in /home/workspace/nowyjob)
2021-06-23 17:34:40.776  INFO 4043 --- [           main] pl.pandait.panda.HelloControllerTest     : No active profile set, falling back to default profiles: default
2021-06-23 17:34:42.108  INFO 4043 --- [           main] o.s.b.w.embedded.tomcat.TomcatWebServer  : Tomcat initialized with port(s): 0 (http)
2021-06-23 17:34:42.237  INFO 4043 --- [           main] o.apache.catalina.core.StandardService   : Starting service [Tomcat]
2021-06-23 17:34:42.239  INFO 4043 --- [           main] org.apache.catalina.core.StandardEngine  : Starting Servlet engine: [Apache Tomcat/9.0.30]
2021-06-23 17:34:42.642  INFO 4043 --- [           main] o.a.c.c.C.[Tomcat].[localhost].[/]       : Initializing Spring embedded WebApplicationContext
2021-06-23 17:34:42.645  INFO 4043 --- [           main] o.s.web.context.ContextLoader            : Root WebApplicationContext: initialization completed in 1863 ms
2021-06-23 17:34:43.336  INFO 4043 --- [           main] o.s.s.concurrent.ThreadPoolTaskExecutor  : Initializing ExecutorService 'applicationTaskExecutor'
2021-06-23 17:34:43.519  INFO 4043 --- [           main] o.s.b.a.w.s.WelcomePageHandlerMapping    : Adding welcome page: class path resource [static/index.html]
2021-06-23 17:34:44.901  INFO 4043 --- [           main] o.s.b.w.embedded.tomcat.TomcatWebServer  : Tomcat started on port(s): 46391 (http) with context path ''
2021-06-23 17:34:44.905  INFO 4043 --- [           main] pl.pandait.panda.HelloControllerTest     : Started HelloControllerTest in 4.218 seconds (JVM running for 19.982)
2021-06-23 17:34:45.018  INFO 4043 --- [           main] o.s.mock.web.MockServletContext          : Initializing Spring TestDispatcherServlet ''
2021-06-23 17:34:45.018  INFO 4043 --- [           main] o.s.t.web.servlet.TestDispatcherServlet  : Initializing Servlet ''
2021-06-23 17:34:45.027  INFO 4043 --- [           main] o.s.t.web.servlet.TestDispatcherServlet  : Completed initialization in 7 ms
[INFO] Tests run: 1, Failures: 0, Errors: 0, Skipped: 0, Time elapsed: 4.503 s - in pl.pandait.panda.HelloControllerTest
2021-06-23 17:34:45.448  INFO 4043 --- [extShutdownHook] o.s.s.concurrent.ThreadPoolTaskExecutor  : Shutting down ExecutorService 'applicationTaskExecutor'
2021-06-23 17:34:45.475  INFO 4043 --- [extShutdownHook] o.s.s.concurrent.ThreadPoolTaskExecutor  : Shutting down ExecutorService 'applicationTaskExecutor'
[INFO] 
[INFO] Results:
[INFO] 
[INFO] Tests run: 2, Failures: 0, Errors: 0, Skipped: 0
[INFO] 
[INFO] 
[INFO] --- maven-surefire-plugin:2.22.2:test (default) @ panda ---
[INFO] Skipping execution of surefire because it has already been run for this configuration
[INFO] 
[INFO] --- maven-jar-plugin:3.1.2:jar (default-jar) @ panda ---
[INFO] Building jar: /home/workspace/nowyjob/target/panda-0.0.1.jar
[INFO] 
[INFO] --- spring-boot-maven-plugin:2.2.4.RELEASE:repackage (repackage) @ panda ---
[INFO] Replacing main artifact with repackaged archive
[INFO] 
[INFO] --- maven-install-plugin:2.5.2:install (default-install) @ panda ---
[INFO] Installing /home/workspace/nowyjob/target/panda-0.0.1.jar to /root/.m2/repository/pl/pandait/panda/0.0.1/panda-0.0.1.jar
[INFO] Installing /home/workspace/nowyjob/pom.xml to /root/.m2/repository/pl/pandait/panda/0.0.1/panda-0.0.1.pom
[INFO] ------------------------------------------------------------------------
[INFO] BUILD SUCCESS
[INFO] ------------------------------------------------------------------------
[INFO] Total time:  37.042 s
[INFO] Finished at: 2021-06-23T17:34:51Z
[INFO] ------------------------------------------------------------------------
[8mha:////4MUhmBhK5enBdVInWvc91przBeAVc/bFzS4ARU90Wi0/AAAAox+LCAAAAAAAAP9tjTESwiAURH/iWNhaegjSZGwcK1uGxhNggghh/idAJJUn8mreQTQzVm6xs2+b93zBOgY4UtDMKhwMxs4w7yZdFssUhqujzCxdWEcYySkmVBbUq9OCgpKCJVUNKw4bhZ2jaFAn2HIr77JxEnVzTqF8Bw616Ud4QMWLOcmQvjAH2N2mPhL+PH8FMHufoG73n2rfX1uR6L4AAAA=[0m[Pipeline] }
[8mha:////4AJwwaZtPPsvEBFVMigZM/dMrhm6BzWIREVKjBc/er6pAAAApR+LCAAAAAAAAP9tjTEOwjAQBC9BFLSUPOJSgESBqNJabniBiY1xYt0Z2yGpeBFf4w8EIlGxxWpnm3m+YJkiHDlabA11jlLjMPjeTgsHjt3F84Atn7FhSuwNSjNI1qaeUXI2MKcoYSFgZajxnBzZDGvRqruqvCJbnXKcvoOA0ukbPKAQkzmrmL8wRthce52Yfp6/AhhDyFDu9p/avgFZHam9vgAAAA==[0m[Pipeline] // withEnv
[8mha:////4Fo2VtmCc+GnPyTWEBiFwmOtzxYarMljB6QNEBtBT79uAAAApR+LCAAAAAAAAP9tjTEOwjAQBC9BFLSUPOJCQYGEqNJabniBiY1xYt0Z2yGpeBFf4w8EIlGxxWpnm3m+YJkiHDlabA11jlLjMPjeTgsHjt3F84Atn7FhSuwNSjNI1qaeUXI2MKcoYSFgZajxnBzZDGvRqruqvCJbnXKcvoOA0ukbPKAQkzmrmL8wRthce52Yfp6/AhhDyFDu9p/avgE2/vbVvgAAAA==[0m[Pipeline] }
[8mha:////4ByhyogXswWCUl91qHYcbzmoE9d0oURRz5HMJD8AfLnTAAAApR+LCAAAAAAAAP9tjTEOwjAQBC9BFLSUPOJSQBMhqrRWGl5gYmOcWHfGdkgqXsTX+AMWkajYYrWzzbzesI4BThwM9poGS7Gz6N1o8sKJw3B1PGHPF+yYIjuNrZ5aVrpZsOWkYUlRwkrARlPnOFoyCbailw9ZOUmmOqeQv6OA0qo7PKEQ2ZxkSF+YA+xuo4pMP89fAczeJygPda59/QHwAzcovgAAAA==[0m[Pipeline] // stage
[8mha:////4Lki4KnfGMa37mcoU57emWhVFSP80tfVi/4Or2GRG37zAAAAqB+LCAAAAAAAAP9tjTEOwjAUQ3+LOrAycogUBlhQJ9aoCycITQhJo/9LkpJOnIircQcClZjwYNmWrPd8QRU8NOQ1swp7g6EzbHCjzokl8v3FUWKWzqwjDOQUa1VqSarjXFuKCmYVJSw4LBV2joJBHWHFrbiL2gnU9Sn6vB04lEbe4AEFz+QofPyWycP6OspA+OP8BcA0RCi3+2y7zedZvQH0nBYLwgAAAA==[0m[Pipeline] stage
[8mha:////4BEtuwpnR1isUOEeIAylv/uDSo82hAEpOcr8a/PVkrxhAAAApx+LCAAAAAAAAP9tjTEOwjAUQ3+LOrAycogUBibE1DXKwglCE0La6P/yk9JOnIircQdaKjHhwbItWe/1hiIynIidaCy2HmPtRRd6NyUxELfXQINo6CJqwkjBCmUHRcZWS1WULCzKclhJWFusA0WPLsFGNvqhy6DRlefE03aUkHtzhydkciInzelbRobtrTeR8Mf5C4CxS5AfdrPt52fxAW2++SvCAAAA[0m[Pipeline] { (Build Docker Image)
[8mha:////4ImXE7dKlX5BUTP9mKZXKHeR9d9Ab8aD+Hvhy5e4Vm3hAAAApB+LCAAAAAAAAP9tjTEOwjAQBC9BFLSUPOIikKgQVVrLDS8wsTFOrDtjOyQVL+Jr/IFAJCq2WO1sM88XLFOEI0eLraHOUWocBt/baeHAsbt4HrDlMzZMib1BaQbJ2tQzSs4G5hQlLASsDDWekyObYS1adVeVV2SrU47TdxBQOn2DBxRiMmcV8xfGCJtrrxPTz/NXAGPIUO63n9qFN4OkKLa+AAAA[0m[Pipeline] tool
[8mha:////4KP526zSHP98IVLmII5wW+/v6LKVZUAtJ2PV0a9bKnuvAAAApB+LCAAAAAAAAP9tjTEOwjAQBC9BFLSUPOIihKgQVVrLDS8wsTFOrDtjOyQVL+Jr/IFAJCq2WO1sM88XLFOEI0eLraHOUWocBt/baeHAsbt4HrDlMzZMib1BaQbJ2tQzSs4G5hQlLASsDDWekyObYS1adVeVV2SrU47TdxBQOn2DBxRiMmcV8xfGCJtrrxPTz/NXAGPIUO63n9qFN8KVM6++AAAA[0m[Pipeline] envVarsForTool
[8mha:////4GOSFyUeaiDhYd89sd1MjbvTjs/w45F0oMbKSWCSz40gAAAApx+LCAAAAAAAAP9tjTEOwjAUQ3+LOrAycohUSDAhpq5RFk4QmhDSRv+Xn5R24kRcjTvQUokJD5ZtyXqvNxSR4UTsRGOx9RhrL7rQuymJgbi9BhpEQxdRE0YKVig7KDK2WqqiZGFRlsNKwtpiHSh6dAk2stEPXQaNrjwnnrajhNybOzwhkxM5aU7fMjJsb72JhD/OXwCMXYL8sJttPz+LDx7wurrCAAAA[0m[Pipeline] withEnv
[8mha:////4BO7hnj5XWoq3hai+kqechTucIAPk1LzywstzMKXT0ApAAAAph+LCAAAAAAAAP9tjTEOwjAUQ3+DOrAycoh0oRNiYo26cILQhJA0+r9NUtKJE3E17kBLJSY8WLYl673eUMYAJwqGO42dxdha3vvRzIlnCt3NU+aOrrwljOQ1b3RuSOnzWhtKGlYVDDYCthpbT9GiSbATTj5k5SWa6pLCvB0FMKsGeEIhZnKSIX3LFGB/H1Uk/HH+AmDqE7D6sFi9PMsP+Y+xAMIAAAA=[0m[Pipeline] {
[8mha:////4DXudglj9tUbB5Ms88+EWVRpnsdOArxagIg43GlJElPYAAAAox+LCAAAAAAAAP9tjTESwiAURH/iWNhaeghSxcaxsmVoPAEmiBDmfwJEUnkir+YdRDNj5RY7+7Z5zxesY4AjBc2swsFg7AzzbtJlsUxhuDrKzNKFdYSRnGJCZUG9Oi0oKClYUtWw4rBR2DmKBnWCLbfyLhsnUTfnFMp34FCbfoQHVLyYkwzpC3OA3W3qI+HP81cAs09Qt+2n9v4NlEULJr4AAAA=[0m[Pipeline] sh
+ mvn package -Pdocker
[INFO] Scanning for projects...
[INFO] 
[INFO] --------------------------< pl.pandait:panda >--------------------------
[INFO] Building panda 0.0.1
[INFO] --------------------------------[ jar ]---------------------------------
[INFO] 
[INFO] --- maven-resources-plugin:3.1.0:resources (default-resources) @ panda ---
[INFO] Using 'UTF-8' encoding to copy filtered resources.
[INFO] Copying 1 resource
[INFO] Copying 2 resources
[INFO] 
[INFO] --- maven-compiler-plugin:3.8.1:compile (default-compile) @ panda ---
[INFO] Nothing to compile - all classes are up to date
[INFO] 
[INFO] --- maven-compiler-plugin:3.8.1:compile (default) @ panda ---
[INFO] Nothing to compile - all classes are up to date
[INFO] 
[INFO] --- maven-resources-plugin:3.1.0:testResources (default-testResources) @ panda ---
[INFO] Using 'UTF-8' encoding to copy filtered resources.
[INFO] skip non existing resourceDirectory /home/workspace/nowyjob/src/test/resources
[INFO] 
[INFO] --- maven-compiler-plugin:3.8.1:testCompile (default-testCompile) @ panda ---
[INFO] Nothing to compile - all classes are up to date
[INFO] 
[INFO] --- maven-surefire-plugin:2.22.2:test (default-test) @ panda ---
[INFO] 
[INFO] -------------------------------------------------------
[INFO]  T E S T S
[INFO] -------------------------------------------------------
[INFO] Running pl.pandait.panda.PandaApplicationSeleniumTest
Jun 23, 2021 5:35:04 PM org.openqa.selenium.remote.DesiredCapabilities firefox
INFO: Using `new FirefoxOptions()` is preferred to `DesiredCapabilities.firefox()`
Jun 23, 2021 5:35:14 PM org.openqa.selenium.remote.ProtocolHandshake createSession
INFO: Detected dialect: W3C
Jun 23, 2021 5:35:18 PM org.openqa.selenium.remote.DesiredCapabilities firefox
INFO: Using `new FirefoxOptions()` is preferred to `DesiredCapabilities.firefox()`
Jun 23, 2021 5:35:26 PM org.openqa.selenium.remote.ProtocolHandshake createSession
INFO: Detected dialect: W3C
[ERROR] Tests run: 2, Failures: 0, Errors: 2, Skipped: 0, Time elapsed: 25.15 s <<< FAILURE! - in pl.pandait.panda.PandaApplicationSeleniumTest
[ERROR] greetings_shouldOpenMainPageThenReturnWelcomeText  Time elapsed: 14.302 s  <<< ERROR!
org.openqa.selenium.WebDriverException: 
Reached error page: about:neterror?e=connectionFailure&u=http%3A//ubuntucompose%3A8080/&c=UTF-8&d=Firefox%20can%E2%80%99t%20establish%20a%20connection%20to%20the%20server%20at%20ubuntucompose%3A8080.
Build info: version: '3.141.59', revision: 'e82be7d358', time: '2018-11-14T08:17:03'
System info: host: '9460ae46eabc', ip: '172.21.0.6', os.name: 'Linux', os.arch: 'amd64', os.version: '4.15.0-128-generic', java.version: '11.0.11'
Driver info: org.openqa.selenium.remote.RemoteWebDriver
Capabilities {acceptInsecureCerts: true, browserName: firefox, browserVersion: 89.0, javascriptEnabled: true, moz:accessibilityChecks: false, moz:buildID: 20210527174632, moz:geckodriverVersion: 0.29.0, moz:headless: false, moz:processID: 1544, moz:profile: /tmp/rust_mozprofileUBvUUq, moz:shutdownTimeout: 60000, moz:useNonSpecCompliantPointerOrigin: false, moz:webdriverClick: true, pageLoadStrategy: normal, platform: LINUX, platformName: LINUX, platformVersion: 4.15.0-128-generic, setWindowRect: true, strictFileInteractability: false, timeouts: {implicit: 0, pageLoad: 300000, script: 30000}, unhandledPromptBehavior: dismiss and notify, webdriver.remote.sessionid: 5267f284-2680-48c3-b8e5-6be...}
Session ID: 5267f284-2680-48c3-b8e5-6bec0905cdfc
	at pl.pandait.panda.PandaApplicationSeleniumTest.startup(PandaApplicationSeleniumTest.java:39)

[ERROR] greetings_shouldOpenSubpageThenReturnGreetingsText  Time elapsed: 10.784 s  <<< ERROR!
org.openqa.selenium.WebDriverException: 
Reached error page: about:neterror?e=connectionFailure&u=http%3A//ubuntucompose%3A8080/&c=UTF-8&d=Firefox%20can%E2%80%99t%20establish%20a%20connection%20to%20the%20server%20at%20ubuntucompose%3A8080.
Build info: version: '3.141.59', revision: 'e82be7d358', time: '2018-11-14T08:17:03'
System info: host: '9460ae46eabc', ip: '172.21.0.6', os.name: 'Linux', os.arch: 'amd64', os.version: '4.15.0-128-generic', java.version: '11.0.11'
Driver info: org.openqa.selenium.remote.RemoteWebDriver
Capabilities {acceptInsecureCerts: true, browserName: firefox, browserVersion: 89.0, javascriptEnabled: true, moz:accessibilityChecks: false, moz:buildID: 20210527174632, moz:geckodriverVersion: 0.29.0, moz:headless: false, moz:processID: 1765, moz:profile: /tmp/rust_mozprofileSazDrp, moz:shutdownTimeout: 60000, moz:useNonSpecCompliantPointerOrigin: false, moz:webdriverClick: true, pageLoadStrategy: normal, platform: LINUX, platformName: LINUX, platformVersion: 4.15.0-128-generic, setWindowRect: true, strictFileInteractability: false, timeouts: {implicit: 0, pageLoad: 300000, script: 30000}, unhandledPromptBehavior: dismiss and notify, webdriver.remote.sessionid: fa571b2a-a3d5-469e-8a1d-84d...}
Session ID: fa571b2a-a3d5-469e-8a1d-84d3a42652bb
	at pl.pandait.panda.PandaApplicationSeleniumTest.startup(PandaApplicationSeleniumTest.java:39)

[INFO] Running pl.pandait.panda.PandaApplicationTest
17:35:29.949 [main] DEBUG org.springframework.test.context.BootstrapUtils - Instantiating CacheAwareContextLoaderDelegate from class [org.springframework.test.context.cache.DefaultCacheAwareContextLoaderDelegate]
17:35:30.074 [main] DEBUG org.springframework.test.context.BootstrapUtils - Instantiating BootstrapContext using constructor [public org.springframework.test.context.support.DefaultBootstrapContext(java.lang.Class,org.springframework.test.context.CacheAwareContextLoaderDelegate)]
17:35:30.215 [main] DEBUG org.springframework.test.context.BootstrapUtils - Instantiating TestContextBootstrapper for test class [pl.pandait.panda.PandaApplicationTest] from class [org.springframework.boot.test.context.SpringBootTestContextBootstrapper]
17:35:30.276 [main] INFO org.springframework.boot.test.context.SpringBootTestContextBootstrapper - Neither @ContextConfiguration nor @ContextHierarchy found for test class [pl.pandait.panda.PandaApplicationTest], using SpringBootContextLoader
17:35:30.306 [main] DEBUG org.springframework.test.context.support.AbstractContextLoader - Did not detect default resource location for test class [pl.pandait.panda.PandaApplicationTest]: class path resource [pl/pandait/panda/PandaApplicationTest-context.xml] does not exist
17:35:30.314 [main] DEBUG org.springframework.test.context.support.AbstractContextLoader - Did not detect default resource location for test class [pl.pandait.panda.PandaApplicationTest]: class path resource [pl/pandait/panda/PandaApplicationTestContext.groovy] does not exist
17:35:30.318 [main] INFO org.springframework.test.context.support.AbstractContextLoader - Could not detect default resource locations for test class [pl.pandait.panda.PandaApplicationTest]: no resource found for suffixes {-context.xml, Context.groovy}.
17:35:30.321 [main] INFO org.springframework.test.context.support.AnnotationConfigContextLoaderUtils - Could not detect default configuration classes for test class [pl.pandait.panda.PandaApplicationTest]: PandaApplicationTest does not declare any static, non-private, non-final, nested classes annotated with @Configuration.
17:35:30.438 [main] DEBUG org.springframework.test.context.support.ActiveProfilesUtils - Could not find an 'annotation declaring class' for annotation type [org.springframework.test.context.ActiveProfiles] and class [pl.pandait.panda.PandaApplicationTest]
17:35:30.721 [main] DEBUG org.springframework.context.annotation.ClassPathScanningCandidateComponentProvider - Identified candidate component class: file [/home/workspace/nowyjob/target/classes/pl/pandait/panda/PandaApplication.class]
17:35:30.723 [main] INFO org.springframework.boot.test.context.SpringBootTestContextBootstrapper - Found @SpringBootConfiguration pl.pandait.panda.PandaApplication for test class pl.pandait.panda.PandaApplicationTest
17:35:31.174 [main] DEBUG org.springframework.boot.test.context.SpringBootTestContextBootstrapper - @TestExecutionListeners is not present for class [pl.pandait.panda.PandaApplicationTest]: using defaults.
17:35:31.176 [main] INFO org.springframework.boot.test.context.SpringBootTestContextBootstrapper - Loaded default TestExecutionListener class names from location [META-INF/spring.factories]: [org.springframework.boot.test.mock.mockito.MockitoTestExecutionListener, org.springframework.boot.test.mock.mockito.ResetMocksTestExecutionListener, org.springframework.boot.test.autoconfigure.restdocs.RestDocsTestExecutionListener, org.springframework.boot.test.autoconfigure.web.client.MockRestServiceServerResetTestExecutionListener, org.springframework.boot.test.autoconfigure.web.servlet.MockMvcPrintOnlyOnFailureTestExecutionListener, org.springframework.boot.test.autoconfigure.web.servlet.WebDriverTestExecutionListener, org.springframework.test.context.web.ServletTestExecutionListener, org.springframework.test.context.support.DirtiesContextBeforeModesTestExecutionListener, org.springframework.test.context.support.DependencyInjectionTestExecutionListener, org.springframework.test.context.support.DirtiesContextTestExecutionListener, org.springframework.test.context.transaction.TransactionalTestExecutionListener, org.springframework.test.context.jdbc.SqlScriptsTestExecutionListener, org.springframework.test.context.event.EventPublishingTestExecutionListener]
17:35:31.248 [main] DEBUG org.springframework.boot.test.context.SpringBootTestContextBootstrapper - Skipping candidate TestExecutionListener [org.springframework.test.context.transaction.TransactionalTestExecutionListener] due to a missing dependency. Specify custom listener classes or make the default listener classes and their required dependencies available. Offending class: [org/springframework/transaction/interceptor/TransactionAttributeSource]
17:35:31.252 [main] DEBUG org.springframework.boot.test.context.SpringBootTestContextBootstrapper - Skipping candidate TestExecutionListener [org.springframework.test.context.jdbc.SqlScriptsTestExecutionListener] due to a missing dependency. Specify custom listener classes or make the default listener classes and their required dependencies available. Offending class: [org/springframework/transaction/interceptor/TransactionAttribute]
17:35:31.253 [main] INFO org.springframework.boot.test.context.SpringBootTestContextBootstrapper - Using TestExecutionListeners: [org.springframework.test.context.web.ServletTestExecutionListener@df4b72, org.springframework.test.context.support.DirtiesContextBeforeModesTestExecutionListener@2ba45490, org.springframework.boot.test.mock.mockito.MockitoTestExecutionListener@37ff4054, org.springframework.boot.test.autoconfigure.SpringBootDependencyInjectionTestExecutionListener@894858, org.springframework.test.context.support.DirtiesContextTestExecutionListener@7af707e0, org.springframework.test.context.event.EventPublishingTestExecutionListener@737edcfa, org.springframework.boot.test.mock.mockito.ResetMocksTestExecutionListener@3ecedf21, org.springframework.boot.test.autoconfigure.restdocs.RestDocsTestExecutionListener@74cf8b28, org.springframework.boot.test.autoconfigure.web.client.MockRestServiceServerResetTestExecutionListener@36c54a56, org.springframework.boot.test.autoconfigure.web.servlet.MockMvcPrintOnlyOnFailureTestExecutionListener@3359c978, org.springframework.boot.test.autoconfigure.web.servlet.WebDriverTestExecutionListener@7ba63fe5]
17:35:31.264 [main] DEBUG org.springframework.test.context.support.AbstractDirtiesContextTestExecutionListener - Before test class: context [DefaultTestContext@757f675c testClass = PandaApplicationTest, testInstance = [null], testMethod = [null], testException = [null], mergedContextConfiguration = [WebMergedContextConfiguration@2617f816 testClass = PandaApplicationTest, locations = '{}', classes = '{class pl.pandait.panda.PandaApplication}', contextInitializerClasses = '[]', activeProfiles = '{}', propertySourceLocations = '{}', propertySourceProperties = '{org.springframework.boot.test.context.SpringBootTestContextBootstrapper=true}', contextCustomizers = set[org.springframework.boot.test.context.filter.ExcludeFilterContextCustomizer@18a3962d, org.springframework.boot.test.json.DuplicateJsonObjectContextCustomizerFactory$DuplicateJsonObjectContextCustomizer@4b85880b, org.springframework.boot.test.mock.mockito.MockitoContextCustomizer@0, org.springframework.boot.test.web.client.TestRestTemplateContextCustomizer@51df223b, org.springframework.boot.test.autoconfigure.properties.PropertyMappingContextCustomizer@0, org.springframework.boot.test.autoconfigure.web.servlet.WebDriverContextCustomizerFactory$Customizer@28a0fd6c], resourceBasePath = 'src/main/webapp', contextLoader = 'org.springframework.boot.test.context.SpringBootContextLoader', parent = [null]], attributes = map['org.springframework.test.context.web.ServletTestExecutionListener.activateListener' -> true]], class annotated with @DirtiesContext [false] with mode [null].
17:35:31.381 [main] DEBUG org.springframework.test.context.support.TestPropertySourceUtils - Adding inlined properties to environment: {spring.jmx.enabled=false, org.springframework.boot.test.context.SpringBootTestContextBootstrapper=true, server.port=-1}

  .   ____          _            __ _ _
 /\\ / ___'_ __ _ _(_)_ __  __ _ \ \ \ \
( ( )\___ | '_ | '_| | '_ \/ _` | \ \ \ \
 \\/  ___)| |_)| | | | | || (_| |  ) ) ) )
  '  |____| .__|_| |_|_| |_\__, | / / / /
 =========|_|==============|___/=/_/_/_/
 :: Spring Boot ::        (v2.2.4.RELEASE)

2021-06-23 17:35:33.022  INFO 4207 --- [           main] pl.pandait.panda.PandaApplicationTest    : Starting PandaApplicationTest on 9460ae46eabc with PID 4207 (started by root in /home/workspace/nowyjob)
2021-06-23 17:35:33.026  INFO 4207 --- [           main] pl.pandait.panda.PandaApplicationTest    : No active profile set, falling back to default profiles: default
2021-06-23 17:35:37.321  INFO 4207 --- [           main] o.s.s.concurrent.ThreadPoolTaskExecutor  : Initializing ExecutorService 'applicationTaskExecutor'
2021-06-23 17:35:37.660  INFO 4207 --- [           main] o.s.b.a.w.s.WelcomePageHandlerMapping    : Adding welcome page: class path resource [static/index.html]
2021-06-23 17:35:38.608  INFO 4207 --- [           main] pl.pandait.panda.PandaApplicationTest    : Started PandaApplicationTest in 7.177 seconds (JVM running for 36.448)
[INFO] Tests run: 1, Failures: 0, Errors: 0, Skipped: 0, Time elapsed: 9.977 s - in pl.pandait.panda.PandaApplicationTest
[INFO] Running pl.pandait.panda.HelloControllerTest
2021-06-23 17:35:39.789  INFO 4207 --- [           main] .b.t.c.SpringBootTestContextBootstrapper : Neither @ContextConfiguration nor @ContextHierarchy found for test class [pl.pandait.panda.HelloControllerTest], using SpringBootContextLoader
2021-06-23 17:35:39.793  INFO 4207 --- [           main] o.s.t.c.support.AbstractContextLoader    : Could not detect default resource locations for test class [pl.pandait.panda.HelloControllerTest]: no resource found for suffixes {-context.xml, Context.groovy}.
2021-06-23 17:35:39.796  INFO 4207 --- [           main] t.c.s.AnnotationConfigContextLoaderUtils : Could not detect default configuration classes for test class [pl.pandait.panda.HelloControllerTest]: HelloControllerTest does not declare any static, non-private, non-final, nested classes annotated with @Configuration.
2021-06-23 17:35:39.803  INFO 4207 --- [           main] .b.t.c.SpringBootTestContextBootstrapper : Found @SpringBootConfiguration pl.pandait.panda.PandaApplication for test class pl.pandait.panda.HelloControllerTest
2021-06-23 17:35:39.809  INFO 4207 --- [           main] .b.t.c.SpringBootTestContextBootstrapper : Loaded default TestExecutionListener class names from location [META-INF/spring.factories]: [org.springframework.boot.test.mock.mockito.MockitoTestExecutionListener, org.springframework.boot.test.mock.mockito.ResetMocksTestExecutionListener, org.springframework.boot.test.autoconfigure.restdocs.RestDocsTestExecutionListener, org.springframework.boot.test.autoconfigure.web.client.MockRestServiceServerResetTestExecutionListener, org.springframework.boot.test.autoconfigure.web.servlet.MockMvcPrintOnlyOnFailureTestExecutionListener, org.springframework.boot.test.autoconfigure.web.servlet.WebDriverTestExecutionListener, org.springframework.test.context.web.ServletTestExecutionListener, org.springframework.test.context.support.DirtiesContextBeforeModesTestExecutionListener, org.springframework.test.context.support.DependencyInjectionTestExecutionListener, org.springframework.test.context.support.DirtiesContextTestExecutionListener, org.springframework.test.context.transaction.TransactionalTestExecutionListener, org.springframework.test.context.jdbc.SqlScriptsTestExecutionListener, org.springframework.test.context.event.EventPublishingTestExecutionListener]
2021-06-23 17:35:39.812  INFO 4207 --- [           main] .b.t.c.SpringBootTestContextBootstrapper : Using TestExecutionListeners: [org.springframework.test.context.web.ServletTestExecutionListener@7f2b39a, org.springframework.test.context.support.DirtiesContextBeforeModesTestExecutionListener@7a358613, org.springframework.boot.test.mock.mockito.MockitoTestExecutionListener@760f1081, org.springframework.boot.test.autoconfigure.SpringBootDependencyInjectionTestExecutionListener@52621501, org.springframework.test.context.support.DirtiesContextTestExecutionListener@401e02b4, org.springframework.test.context.event.EventPublishingTestExecutionListener@164d01ba, org.springframework.boot.test.mock.mockito.ResetMocksTestExecutionListener@18c880ea, org.springframework.boot.test.autoconfigure.restdocs.RestDocsTestExecutionListener@5ac044ef, org.springframework.boot.test.autoconfigure.web.client.MockRestServiceServerResetTestExecutionListener@6afbe6a1, org.springframework.boot.test.autoconfigure.web.servlet.MockMvcPrintOnlyOnFailureTestExecutionListener@14457a95, org.springframework.boot.test.autoconfigure.web.servlet.WebDriverTestExecutionListener@48567727]

  .   ____          _            __ _ _
 /\\ / ___'_ __ _ _(_)_ __  __ _ \ \ \ \
( ( )\___ | '_ | '_| | '_ \/ _` | \ \ \ \
 \\/  ___)| |_)| | | | | || (_| |  ) ) ) )
  '  |____| .__|_| |_|_| |_\__, | / / / /
 =========|_|==============|___/=/_/_/_/
 :: Spring Boot ::        (v2.2.4.RELEASE)

2021-06-23 17:35:39.941  INFO 4207 --- [           main] pl.pandait.panda.HelloControllerTest     : Starting HelloControllerTest on 9460ae46eabc with PID 4207 (started by root in /home/workspace/nowyjob)
2021-06-23 17:35:39.946  INFO 4207 --- [           main] pl.pandait.panda.HelloControllerTest     : No active profile set, falling back to default profiles: default
2021-06-23 17:35:41.166  INFO 4207 --- [           main] o.s.b.w.embedded.tomcat.TomcatWebServer  : Tomcat initialized with port(s): 0 (http)
2021-06-23 17:35:41.222  INFO 4207 --- [           main] o.apache.catalina.core.StandardService   : Starting service [Tomcat]
2021-06-23 17:35:41.228  INFO 4207 --- [           main] org.apache.catalina.core.StandardEngine  : Starting Servlet engine: [Apache Tomcat/9.0.30]
2021-06-23 17:35:41.492  INFO 4207 --- [           main] o.a.c.c.C.[Tomcat].[localhost].[/]       : Initializing Spring embedded WebApplicationContext
2021-06-23 17:35:41.495  INFO 4207 --- [           main] o.s.web.context.ContextLoader            : Root WebApplicationContext: initialization completed in 1509 ms
2021-06-23 17:35:42.052  INFO 4207 --- [           main] o.s.s.concurrent.ThreadPoolTaskExecutor  : Initializing ExecutorService 'applicationTaskExecutor'
2021-06-23 17:35:42.142  INFO 4207 --- [           main] o.s.b.a.w.s.WelcomePageHandlerMapping    : Adding welcome page: class path resource [static/index.html]
2021-06-23 17:35:42.545  INFO 4207 --- [           main] o.s.b.w.embedded.tomcat.TomcatWebServer  : Tomcat started on port(s): 38109 (http) with context path ''
2021-06-23 17:35:42.548  INFO 4207 --- [           main] pl.pandait.panda.HelloControllerTest     : Started HelloControllerTest in 2.708 seconds (JVM running for 40.388)
2021-06-23 17:35:42.647  INFO 4207 --- [           main] o.s.mock.web.MockServletContext          : Initializing Spring TestDispatcherServlet ''
2021-06-23 17:35:42.648  INFO 4207 --- [           main] o.s.t.web.servlet.TestDispatcherServlet  : Initializing Servlet ''
2021-06-23 17:35:42.651  INFO 4207 --- [           main] o.s.t.web.servlet.TestDispatcherServlet  : Completed initialization in 1 ms
[INFO] Tests run: 1, Failures: 0, Errors: 0, Skipped: 0, Time elapsed: 2.98 s - in pl.pandait.panda.HelloControllerTest
2021-06-23 17:35:42.858  INFO 4207 --- [extShutdownHook] o.s.s.concurrent.ThreadPoolTaskExecutor  : Shutting down ExecutorService 'applicationTaskExecutor'
2021-06-23 17:35:42.857  INFO 4207 --- [extShutdownHook] o.s.s.concurrent.ThreadPoolTaskExecutor  : Shutting down ExecutorService 'applicationTaskExecutor'
[INFO] 
[INFO] Results:
[INFO] 
[ERROR] Errors: 
[ERROR]   PandaApplicationSeleniumTest.startup:39 ? WebDriver Reached error page: about:...
[ERROR]   PandaApplicationSeleniumTest.startup:39 ? WebDriver Reached error page: about:...
[INFO] 
[ERROR] Tests run: 4, Failures: 0, Errors: 2, Skipped: 0
[INFO] 
[INFO] ------------------------------------------------------------------------
[INFO] BUILD FAILURE
[INFO] ------------------------------------------------------------------------
[INFO] Total time:  47.297 s
[INFO] Finished at: 2021-06-23T17:35:43Z
[INFO] ------------------------------------------------------------------------
[ERROR] Failed to execute goal org.apache.maven.plugins:maven-surefire-plugin:2.22.2:test (default-test) on project panda: There are test failures.
[ERROR] 
[ERROR] Please refer to /home/workspace/nowyjob/target/surefire-reports for the individual test results.
[ERROR] Please refer to dump files (if any exist) [date].dump, [date]-jvmRun[N].dump and [date].dumpstream.
[ERROR] -> [Help 1]
[ERROR] 
[ERROR] To see the full stack trace of the errors, re-run Maven with the -e switch.
[ERROR] Re-run Maven using the -X switch to enable full debug logging.
[ERROR] 
[ERROR] For more information about the errors and possible solutions, please read the following articles:
[ERROR] [Help 1] http://cwiki.apache.org/confluence/display/MAVEN/MojoFailureException
[8mha:////4KimQoQd15KkqpGVIfviRBMGl0tfA7QmFZKqNe8GpPpIAAAAox+LCAAAAAAAAP9tjTESwiAURH/iWNhaeghSZSwcK1uGxhNggghh/idAJJUn8mreQTQzVm6xs2+b93zBOgY4UtDMKhwMxs4w7yZdFssUhqujzCxdWEcYySkmVBbUq9OCgpKCJVUNKw4bhZ2jaFAn2HIr77JxEnVzTqF8Bw616Ud4QMWLOcmQvjAH2N2mPhL+PH8FMHufoG73n2rfmYKm674AAAA=[0m[Pipeline] }
[8mha:////4ERwdAFXzYoN385VOWSYtOzw3nNlcI7DVe7FtqxWECJPAAAApR+LCAAAAAAAAP9tjTEOwjAQBC9BFLSUPOLSgISEqNJabniBiY1xYt0Z2yGpeBFf4w8EIlGxxWpnm3m+YJkiHDlabA11jlLjMPjeTgsHjt3F84Atn7FhSuwNSjNI1qaeUXI2MKcoYSFgZajxnBzZDGvRqruqvCJbnXKcvoOA0ukbPKAQkzmrmL8wRthce52Yfp6/AhhDyFDu9p/avgHaAPdtvgAAAA==[0m[Pipeline] // withEnv
[8mha:////4IKm90XxJSKeXsEFAQ6ny1aXTqSJv3yUNe6zpLvF3p/QAAAApR+LCAAAAAAAAP9tjTEOwjAQBC9BFLSUPOIiCgqEqNJabniBiY1xYt0Z2yGpeBFf4w8EIlGxxWpnm3m+YJkiHDlabA11jlLjMPjeTgsHjt3F84Atn7FhSuwNSjNI1qaeUXI2MKcoYSFgZajxnBzZDGvRqruqvCJbnXKcvoOA0ukbPKAQkzmrmL8wRthce52Yfp6/AhhDyFDu9p/avgHwJ8HWvgAAAA==[0m[Pipeline] }
[8mha:////4BXL2hObEujydRk/shjJjrq5xdfwelFy4k438nV+M3aPAAAApB+LCAAAAAAAAP9tjTEOwjAQBC9BFLSUPOKSBhpEldZKwwtMbIwT687YDknFi/gaf8AiEhVbrHa2mdcb1jHAiYPBXtNgKXYWvRtNXjhxGK6OJ+z5gh1TZKex1VPLSjcLtpw0LClKWAnYaOocR0smwVb08iErJ8lU5xTydxRQWnWHJxQim5MM6QtzgN1tVJHp5/krgNn7BOWhzrWvPzNcIbe+AAAA[0m[Pipeline] // stage
[8mha:////4M4HJKCfcPc0M/cDavllsao+cCyRPPzFiPJXV44yehiTAAAApx+LCAAAAAAAAP9tjTEOwjAUQ3+DOrAycohUXbogJtaoCycIaQhJo//bJKWdOBFX4w4EKjHhwbItWe/5gjIGOFIw3GnsLUZl+eAnkxOfKfRXTzN3dOGKMJLXvNVzS50+rbWlpGFVwWAjYKtReYoWTYKdcPIuKy/RVOcU8nYQwGw3wgMKkclJhvQtS4D9beoi4Y/zFwDLkIDVTbam/jzLN8xVovHCAAAA[0m[Pipeline] stage
[8mha:////4HZs3pAtAHOM7w7uiADcg2XZCHJKe21MVVYFpkXQNi+mAAAApx+LCAAAAAAAAP9tjTEOwjAUQ3+LOrAycohUMLAgpq5RFk4QmhDSRv+Xn5R24kRcjTvQUokJD5ZtyXqvNxSR4UTsRGOx9RhrL7rQuymJgbi9BhpEQxdRE0YKVig7KDK2WqqiZGFRlsNKwtpiHSh6dAk2stEPXQaNrjwnnrajhNybOzwhkxM5aU7fMjJsb72JhD/OXwCMXYL8sJttPz+LD27blSrCAAAA[0m[Pipeline] { (Run Docker App based on image)
Stage "Run Docker App based on image" skipped due to earlier failure(s)
[8mha:////4EAYJ5gsnrBDWpdNL7rfzfuyu+wtVI+sDwHUvhTdg7ZyAAAApR+LCAAAAAAAAP9tjTEOwjAQBC9BFLSUPOIigUSDqNJabniBiY1xYt0Z2yGpeBFf4w8EIlGxxWpnm3m+YJkiHDlabA11jlLjMPjeTgsHjt3F84Atn7FhSuwNSjNI1qaeUXI2MKcoYSFgZajxnBzZDGvRqruqvCJbnXKcvoOA0ukbPKAQkzmrmL8wRthce52Yfp6/AhhDyFDud5/avgFyHJb0vgAAAA==[0m[Pipeline] }
[8mha:////4J0Kxnmk+p4VGaKlyZULUlJ5dnT4zZMCDyHxCZaL2G4qAAAApR+LCAAAAAAAAP9tjTEOwjAQBC9BFLSUPOIiJESDqNJabniBiY1xYt0Z2yGpeBFf4w8EIlGxxWpnm3m+YJkiHDlabA11jlLjMPjeTgsHjt3F84Atn7FhSuwNSjNI1qaeUXI2MKcoYSFgZajxnBzZDGvRqruqvCJbnXKcvoOA0ukbPKAQkzmrmL8wRthce52Yfp6/AhhDyFDud5/avgFwfZpwvgAAAA==[0m[Pipeline] // stage
[8mha:////4M6OHnwgn2bwOl4MdaxH7c0Be3L+TZxoV0vPceN8451LAAAAqB+LCAAAAAAAAP9tjTEOwjAUQ3+LOrAycohUDHRBTF2jLJwgJCGkjf4vSUo7cSKuxh0IVGLCg2Vbst7zBVUMcKRgWWewdxiVY4MfbU5sotBfPE2sozNThJG8YcJMgrRplyooGVhUlLDisDaoPEWHNsGGd/Iuay/R1qcU8nbgUDp9gwcUPJOTDOlb5gDb66gj4Y/zFwDzkKDcNdma/edZvQHaFzNqwgAAAA==[0m[Pipeline] stage
[8mha:////4AXo2v2vpzSRXkHBCggLRD/sUQ/RuG4akJZeqnJum3niAAAAph+LCAAAAAAAAP9tjTEOwjAUQ3+DOrAycoh0ogtiYo26cILQhJA0+r9NUtKJE3E17kBLJSY8WLYl673eUMYAJwqGO42dxdha3vvRzIlnCt3NU+aOrrwljOQ1b3RuSOnzWhtKGlYVDDYCthpbT9GiSbATTj5k5SWa6pLCvB0FMKsGeEIhZnKSIX3LFGB/H1Uk/HH+AmDqE7D6sFi9PMsP+urdAcIAAAA=[0m[Pipeline] { (test Selenium)
Stage "test Selenium" skipped due to earlier failure(s)
[8mha:////4Mp49H6lvHu4NfsiAdMdZpl68IpfAXvTdGOKxTmF+8orAAAAox+LCAAAAAAAAP9tjTESwiAURH/iWNhaegjSxcKxsmVoPAEmiBDmfwJEUnkir+YdRDNj5RY7+7Z5zxesY4AjBc2swsFg7AzzbtJlsUxhuDrKzNKFdYSRnGJCZUG9Oi0oKClYUtWw4rBR2DmKBnWCLbfyLhsnUTfnFMp34FCbfoQHVLyYkwzpC3OA3W3qI+HP81cAs/cJ6nb/qfYNfZpqaL4AAAA=[0m[Pipeline] }
[8mha:////4NST6jLM4h3PsuwcVVuRsXj1fa/DS/wrJ1ZHxOGUDi+TAAAApB+LCAAAAAAAAP9tjTEOwjAQBC9BFLSUPOJSgZAQVVrLDS8wsTFOrDtjOyQVL+Jr/IFAJCq2WO1sM88XLFOEI0eLraHOUWocBt/baeHAsbt4HrDlMzZMib1BaQbJ2tQzSs4G5hQlLASsDDWekyObYS1adVeVV2SrU47TdxBQOn2DBxRiMmcV8xfGCJtrrxPTz/NXAGMIGcrd/lPbNxJ5NQC+AAAA[0m[Pipeline] // stage
[8mha:////4B04ckoSgD6K1PRyYn2qwSk5G7iK1NMlOWSRksUhHvUrAAAAqB+LCAAAAAAAAP9tjTEOwjAUQ3+LOrAycohULJUQYuoaZeEEIQkhbfR/SVLaiRNxNe5AoBITHizbkvWeL6higCMFyzqDvcOoHBv8aHNiE4X+4mliHZ2ZIozkDRNmEqRNu1RBycCiooQVh7VB5Sk6tAk2vJN3WXuJtj6lkLcDh9LpGzyg4JmcZEjfMgfYXkcdCX+cvwCYhwTlrsnW7D/P6g2h1/EdwgAAAA==[0m[Pipeline] stage
[8mha:////4Lc9mdfan/+gFRO36/2I55u46/ce/hGuog8i2J1qX7mfAAAAqB+LCAAAAAAAAP9tjTEOwjAUQ3+LOrAycoiUCYRQJ9aoCycITQhJo/9LkpJOnIircQcClZjwYNmWrPd8QRU8NOQ1swp7g6EzbHCjzokl8v3FUWKWzqwjDOQUa1VqSarjXFuKCmYVJSw4LBV2joJBHWHFrbiL2gnU9Sn6vB04lEbe4AEFz+QofPyWycP6OspA+OP8BcA0RCi3+2y7zedZvQGUkOl7wgAAAA==[0m[Pipeline] { (Deploy to arti)
Stage "Deploy to arti" skipped due to earlier failure(s)
[8mha:////4Lxedn3VAWQUprojenHTOTKEWKWbyUt/40hIJT3h82Z4AAAApB+LCAAAAAAAAP9tjTEOwjAQBC9BFLSUPOICFQWiSmu54QUmNsaJdWdsh6TiRXyNPxCIRMUWq51t5vmCZYpw5GixNdQ5So3D4Hs7LRw4dhfPA7Z8xoYpsTcozSBZm3pGydnAnKKEhYCVocZzcmQzrEWr7qryimx1ynH6DgJKp2/wgEJM5qxi/sIYYXPtdWL6ef4KYAwhQ7nffWr7BqDmPOi+AAAA[0m[Pipeline] }
[8mha:////4HnzR9i3fDkiOt0VGW92Y9e5V3tJBltWcqlEYd9J7pZLAAAAph+LCAAAAAAAAP9tjTEOwjAQBC9BFLSUPOIiUYAQSkVrueEFJjHGiXUXbAen4kV8jT9gEYmKLVY728zrDcvgoWZvsNPUWwqNxcGNJi9M7Pur44QdX7BhCuw0Sp0kt/o0o+SoYU5RwkLASlPjOFgyEdaiUw9VOUWmOkefv6OA0rZ3eEIhsjkqH78wedjcxjYw/Tx/BTANQ4Ryv821O3wA6x1vDr4AAAA=[0m[Pipeline] // stage
[8mha:////4I0ojeFUI5huE5cFV/2yOJQu0hyg9G/mkA8oqU0YlYm4AAAAqB+LCAAAAAAAAP9tjTEOwjAUQ3+LOrAycohUCAkG1Ik16sIJQhNC0uj/kqSkEyfiatyBQCUmPFi2Jes9X1AFDw15zazC3mDoDBvcqHNiiXx/cZSYpTPrCAM5xVqVWpLqONeWooJZRQkLDkuFnaNgUEdYcSvuonYCdX2KPm8HDqWRN3hAwTM5Ch+/ZfKwvo4yEP44fwEwDRHKzS7bfvt5Vm9z/x0awgAAAA==[0m[Pipeline] stage
[8mha:////4LXcOzCVPIsSoCKg/QrzwgoC6A2YoHPCLOvwUMr+cMF9AAAAqB+LCAAAAAAAAP9tjTEOwjAUQ3+LOrAycoh0AIkBMXWNsnCC0ISQNvq//KS0EyfiatyBlkpMeLBsS9Z7vaGIDCdiJxqLrcdYe9GF3k1JDMTtNdAgGrqImjBSsELZQZGx1VIVJQuLshxWEtYW60DRo0uwkY1+6DJodOU58bQdJeTe3OEJmZzISXP6lpFhe+tNJPxx/gJg7BLkh91s+/lZfABpxnKZwgAAAA==[0m[Pipeline] { (Declarative: Post Actions)
[8mha:////4Lkp6kBfymuBX+49sNKqmAo3LMgIzbBKUMb5sFYf5NcLAAAApB+LCAAAAAAAAP9tjTEOwjAQBC9BFLSUPOLSgCgQVVrLDS8wsTFOrDtjOyQVL+Jr/IFAJCq2WO1sM88XLFOEI0eLraHOUWocBt/baeHAsbt4HrDlMzZMib1BaQbJ2tQzSs4G5hQlLASsDDWekyObYS1adVeVV2SrU47TdxBQOn2DBxRiMmcV8xfGCJtrrxPTz/NXAGPIUO63n9qFN/DO8Oq+AAAA[0m[Pipeline] sh
+ docker stop pandaapp
Error response from daemon: No such container: pandaapp
Error when executing always post condition:
hudson.AbortException: script returned exit code 1
	at org.jenkinsci.plugins.workflow.steps.durable_task.DurableTaskStep$Execution.handleExit(DurableTaskStep.java:659)
	at org.jenkinsci.plugins.workflow.steps.durable_task.DurableTaskStep$Execution.check(DurableTaskStep.java:605)
	at org.jenkinsci.plugins.workflow.steps.durable_task.DurableTaskStep$Execution.run(DurableTaskStep.java:549)
	at java.base/java.util.concurrent.Executors$RunnableAdapter.call(Executors.java:515)
	at java.base/java.util.concurrent.FutureTask.run(FutureTask.java:264)
	at java.base/java.util.concurrent.ScheduledThreadPoolExecutor$ScheduledFutureTask.run(ScheduledThreadPoolExecutor.java:304)
	at java.base/java.util.concurrent.ThreadPoolExecutor.runWorker(ThreadPoolExecutor.java:1128)
	at java.base/java.util.concurrent.ThreadPoolExecutor$Worker.run(ThreadPoolExecutor.java:628)
	at java.base/java.lang.Thread.run(Thread.java:829)

[8mha:////4I8cLetUylnmADLsdqm9HizR3TA+Bew6s2HuKv0I5cNPAAAApB+LCAAAAAAAAP9tjTEOwjAQBC9BFLSUPOLSICgQVVrLDS8wsTFOrDtjOyQVL+Jr/IFAJCq2WO1sM88XLFOEI0eLraHOUWocBt/baeHAsbt4HrDlMzZMib1BaQbJ2tQzSs4G5hQlLASsDDWekyObYS1adVeVV2SrU47TdxBQOn2DBxRiMmcV8xfGCJtrrxPTz/NXAGMIGcr97lPbNwESVPK+AAAA[0m[Pipeline] }
[8mha:////4FAi8XvqrvKTqejAmzAvvmquaW1Yn5kcTuJYaasHdHl2AAAApB+LCAAAAAAAAP9tjTEOwjAQBC9BFLSUPOJSUKRAVLRWGl5gEmPsWHeO7eBUvIiv8QcCkajYYrWzzTxfsI4Bjhw0WkW9odga9G7U88LMob86zmj5gi1TZKewUbnhTp0WbDgpWFKUsBKwUdQ6joZ0gq2w8i4rJ0lX5xTm7yCgNN0ADyjEbE4ypC9MAXa3sYtMP89fAUzeJyjr+lP7NwdUbKe+AAAA[0m[Pipeline] // stage
[8mha:////4DnPDZcL1QSN6TvRtwgrCYyBVopYcV5QIIOKQV+WZC8LAAAApR+LCAAAAAAAAP9tjTEOwjAQBC9BFLSUPOIiGkBCqWgtN7zAJMY4se6C7eBUvIiv8QcsIlGxxWpnm3m9YRk81OwNdpp6S6GxOLjR5IWJfX91nLDjCzZMgZ1GqZPkVp9mlBw1zClKWAhYaWocB0smwlp06qEqp8hU5+jzdxRQ2vYOTyhENkfl4xcmD5vb2Aamn+evAKZhiFDuD7m2uw/btQpwvgAAAA==[0m[Pipeline] }
[8mha:////4H4j9lQ213MU1BmehE59iHQWr6cYG0PU/G3hCSBr6jAPAAAAph+LCAAAAAAAAP9tjTEOwjAQBC9BFLSUPOIiCoQQSkVrueEFJjHGiXUXbAen4kV8jT9gEYmKLVY728zrDcvgoWZvsNPUWwqNxcGNJi9M7Pur44QdX7BhCuw0Sp0kt/o0o+SoYU5RwkLASlPjOFgyEdaiUw9VOUWmOkefv6OA0rZ3eEIhsjkqH78wedjcxjYw/Tx/BTANQ4Ryf8i13X0AxDdfIr4AAAA=[0m[Pipeline] // withEnv
[8mha:////4AIbYY8ZaCE0cfu6lD2DxZLLnAkzEkh10R1qvhOZg5SIAAAAoh+LCAAAAAAAAP9tjbEOgjAURS8YB1dHP6I4khgn14bFL6hQa6F5D9uHMPlF/pr/IJHEyTvdc5bzemOdIo4cnWotdZ5S7VUfBjc/NXLsroFH1fJF1UyJg1WVHStu7GnBisViWZZjpbGxVAdOnpxgq1vzMEUw5IqzxNkdNHLf3PFEpueymChfmCJ2t6FJTL/O3wCmvhfk5V6QlR9mNvz8vQAAAA==[0m[Pipeline] }
[8mha:////4IQ5uLhBhIc0jyCw6AZdZOYfCHBlDLkcDylTB9wIQVABAAAAox+LCAAAAAAAAP9tjTEOwjAQBDdBFLSUPMIRFUiIitZKwwtMYowT6y7YF5KKF/E1/kBEJCq22plmXm8sU8SRo1ONpdZTqrzqQu+mpwaO7TXwoBq+qIopcbCqtEPJtT3NWLJYzMtyLDRWlqrAyZMTrHVjHqYIhlxxlji5g0bu6zueyPRUFhPlC2PE5tbXienX+RvA2HWCfL8VZLsPRwIjUb0AAAA=[0m[Pipeline] // withEnv
[8mha:////4EVkz+LPRK3omisq2WHx2wrTQOJA5yHsCmeoi466c5BrAAAApB+LCAAAAAAAAP9tjTEOwjAQBDdBFLSUPMKREAUSoqK10vACkxjjxLoL9oWk4kV8jT8QEYmKrXammdcbyxRx5OhUY6n1lCqvutC76amBY3sNPKiGL6piShysKu1Qcm1PM5YsFvOyHAuNlaUqcPLkBGvdmIcpgiFXnCVO7qCR+/qOJzI9lcVE+cIYsbn1dWL6df4GMHadIN9vBdnuAy0pio+9AAAA[0m[Pipeline] }
[8mha:////4LnKeEQfPU9FowPb86tfluJEhez0+7ATPrODLlj2xZUyAAAAox+LCAAAAAAAAP9tjbEOgjAURS8YB1dHP6IMLCbGybVh8Qsq1Fpo3sP2IUx+kb/mP0gkcfJO95zlvN5Yp4gjR6daS52nVHvVh8HNT40cu2vgUbV8UTVT4mBVZceKG3tasGKxWJblWGlsLNWBkycn2OrWPEwRDLniLHF2B43cN3c8kem5LCbKF6aI3W1oEtOv8zeAqe8F+b4UZOUHPpWOLL0AAAA=[0m[Pipeline] // node
[8mha:////4JB/ZAKAwZ7xvPHsMHaWzoZCqax2ckbazl+rXlMPukFCAAAApB+LCAAAAAAAAP9tjTEOwjAQBDdBFLSUPMKREAUSoqK10vACkxjjxLoL9oWk4kV8jT8QEYmKrXammdcbyxRx5OhUY6n1lCqvutC76amBY3sNPKiGL6piShysKu1Qcm1PM5YsFvOyHAuNlaUqcPLkBGvdmIcpgiFXnCVO7qCR+/qOJzI9lcVE+cIYsbn1dWL6df4GMHadIN/vBNn2A7h5qem9AAAA[0m[Pipeline] End of Pipeline
ERROR: script returned exit code 1
Finished: FAILURE
